;  LST file generated by mikroListExporter - v.2.0 
; Date/Time: 04/06/16 8:05:33 PM
;----------------------------------------------

;Address Opcode 	ASM
0x0000	0x294F      	GOTO       335
_____DoICP:
;__Lib_System.c,6 :: 		
;__Lib_System.c,9 :: 		
0x0003	0x1283      	BCF        STATUS, 5
0x0004	0x1303      	BCF        STATUS, 6
0x0005	0x0821      	MOVF       ___DoICPAddr+1, 0
0x0006	0x008A      	MOVWF      PCLATH
;__Lib_System.c,10 :: 		
0x0007	0x0820      	MOVF       ___DoICPAddr, 0
0x0008	0x0082      	MOVWF      PCL
;__Lib_System.c,12 :: 		
L_end_____DoICP:
0x0009	0x0008      	RETURN
; end of _____DoICP
_clear:
;MyProject.c,92 :: 		void clear(int on)
;MyProject.c,94 :: 		AA=on;
0x000A	0x1283      	BCF        STATUS, 5
0x000B	0x1303      	BCF        STATUS, 6
0x000C	0x1822      	BTFSC      FARG_clear_on, 0
0x000D	0x2810      	GOTO       L__clear121
0x000E	0x1286      	BCF        PORTB, 5
0x000F	0x2811      	GOTO       L__clear122
L__clear121:
0x0010	0x1686      	BSF        PORTB, 5
L__clear122:
;MyProject.c,95 :: 		BB=on;
0x0011	0x1822      	BTFSC      FARG_clear_on, 0
0x0012	0x2815      	GOTO       L__clear123
0x0013	0x1206      	BCF        PORTB, 4
0x0014	0x2816      	GOTO       L__clear124
L__clear123:
0x0015	0x1606      	BSF        PORTB, 4
L__clear124:
;MyProject.c,96 :: 		CC=on;
0x0016	0x1822      	BTFSC      FARG_clear_on, 0
0x0017	0x281A      	GOTO       L__clear125
0x0018	0x1086      	BCF        PORTB, 1
0x0019	0x281B      	GOTO       L__clear126
L__clear125:
0x001A	0x1486      	BSF        PORTB, 1
L__clear126:
;MyProject.c,97 :: 		DD=on;
0x001B	0x1822      	BTFSC      FARG_clear_on, 0
0x001C	0x281F      	GOTO       L__clear127
0x001D	0x1106      	BCF        PORTB, 2
0x001E	0x2820      	GOTO       L__clear128
L__clear127:
0x001F	0x1506      	BSF        PORTB, 2
L__clear128:
;MyProject.c,98 :: 		EE=on;
0x0020	0x1822      	BTFSC      FARG_clear_on, 0
0x0021	0x2824      	GOTO       L__clear129
0x0022	0x1186      	BCF        PORTB, 3
0x0023	0x2825      	GOTO       L__clear130
L__clear129:
0x0024	0x1586      	BSF        PORTB, 3
L__clear130:
;MyProject.c,99 :: 		FF=on;
0x0025	0x1822      	BTFSC      FARG_clear_on, 0
0x0026	0x2829      	GOTO       L__clear131
0x0027	0x1306      	BCF        PORTB, 6
0x0028	0x282A      	GOTO       L__clear132
L__clear131:
0x0029	0x1706      	BSF        PORTB, 6
L__clear132:
;MyProject.c,100 :: 		GG=on;
0x002A	0x1822      	BTFSC      FARG_clear_on, 0
0x002B	0x282E      	GOTO       L__clear133
0x002C	0x1386      	BCF        PORTB, 7
0x002D	0x282F      	GOTO       L__clear134
L__clear133:
0x002E	0x1786      	BSF        PORTB, 7
L__clear134:
;MyProject.c,101 :: 		}
L_end_clear:
0x002F	0x0008      	RETURN
; end of _clear
_num0:
;MyProject.c,11 :: 		void num0(int on)
;MyProject.c,13 :: 		AA=on;
0x0030	0x1283      	BCF        STATUS, 5
0x0031	0x1303      	BCF        STATUS, 6
0x0032	0x1822      	BTFSC      FARG_num0_on, 0
0x0033	0x2836      	GOTO       L__num013
0x0034	0x1286      	BCF        PORTB, 5
0x0035	0x2837      	GOTO       L__num014
L__num013:
0x0036	0x1686      	BSF        PORTB, 5
L__num014:
;MyProject.c,14 :: 		BB=on;
0x0037	0x1822      	BTFSC      FARG_num0_on, 0
0x0038	0x283B      	GOTO       L__num015
0x0039	0x1206      	BCF        PORTB, 4
0x003A	0x283C      	GOTO       L__num016
L__num015:
0x003B	0x1606      	BSF        PORTB, 4
L__num016:
;MyProject.c,15 :: 		CC=on;
0x003C	0x1822      	BTFSC      FARG_num0_on, 0
0x003D	0x2840      	GOTO       L__num017
0x003E	0x1086      	BCF        PORTB, 1
0x003F	0x2841      	GOTO       L__num018
L__num017:
0x0040	0x1486      	BSF        PORTB, 1
L__num018:
;MyProject.c,16 :: 		DD=on;
0x0041	0x1822      	BTFSC      FARG_num0_on, 0
0x0042	0x2845      	GOTO       L__num019
0x0043	0x1106      	BCF        PORTB, 2
0x0044	0x2846      	GOTO       L__num020
L__num019:
0x0045	0x1506      	BSF        PORTB, 2
L__num020:
;MyProject.c,17 :: 		EE=on;
0x0046	0x1822      	BTFSC      FARG_num0_on, 0
0x0047	0x284A      	GOTO       L__num021
0x0048	0x1186      	BCF        PORTB, 3
0x0049	0x284B      	GOTO       L__num022
L__num021:
0x004A	0x1586      	BSF        PORTB, 3
L__num022:
;MyProject.c,18 :: 		FF=on;
0x004B	0x1822      	BTFSC      FARG_num0_on, 0
0x004C	0x284F      	GOTO       L__num023
0x004D	0x1306      	BCF        PORTB, 6
0x004E	0x2850      	GOTO       L__num024
L__num023:
0x004F	0x1706      	BSF        PORTB, 6
L__num024:
;MyProject.c,19 :: 		}
L_end_num0:
0x0050	0x0008      	RETURN
; end of _num0
_num1:
;MyProject.c,20 :: 		void num1(int on)
;MyProject.c,22 :: 		BB=on;
0x0051	0x1283      	BCF        STATUS, 5
0x0052	0x1303      	BCF        STATUS, 6
0x0053	0x1822      	BTFSC      FARG_num1_on, 0
0x0054	0x2857      	GOTO       L__num126
0x0055	0x1206      	BCF        PORTB, 4
0x0056	0x2858      	GOTO       L__num127
L__num126:
0x0057	0x1606      	BSF        PORTB, 4
L__num127:
;MyProject.c,23 :: 		CC=on;
0x0058	0x1822      	BTFSC      FARG_num1_on, 0
0x0059	0x285C      	GOTO       L__num128
0x005A	0x1086      	BCF        PORTB, 1
0x005B	0x285D      	GOTO       L__num129
L__num128:
0x005C	0x1486      	BSF        PORTB, 1
L__num129:
;MyProject.c,24 :: 		}
L_end_num1:
0x005D	0x0008      	RETURN
; end of _num1
_num2:
;MyProject.c,25 :: 		void num2(int on)
;MyProject.c,27 :: 		AA=on;
0x005E	0x1283      	BCF        STATUS, 5
0x005F	0x1303      	BCF        STATUS, 6
0x0060	0x1822      	BTFSC      FARG_num2_on, 0
0x0061	0x2864      	GOTO       L__num231
0x0062	0x1286      	BCF        PORTB, 5
0x0063	0x2865      	GOTO       L__num232
L__num231:
0x0064	0x1686      	BSF        PORTB, 5
L__num232:
;MyProject.c,28 :: 		BB=on;
0x0065	0x1822      	BTFSC      FARG_num2_on, 0
0x0066	0x2869      	GOTO       L__num233
0x0067	0x1206      	BCF        PORTB, 4
0x0068	0x286A      	GOTO       L__num234
L__num233:
0x0069	0x1606      	BSF        PORTB, 4
L__num234:
;MyProject.c,29 :: 		GG=on;
0x006A	0x1822      	BTFSC      FARG_num2_on, 0
0x006B	0x286E      	GOTO       L__num235
0x006C	0x1386      	BCF        PORTB, 7
0x006D	0x286F      	GOTO       L__num236
L__num235:
0x006E	0x1786      	BSF        PORTB, 7
L__num236:
;MyProject.c,30 :: 		EE=on;
0x006F	0x1822      	BTFSC      FARG_num2_on, 0
0x0070	0x2873      	GOTO       L__num237
0x0071	0x1186      	BCF        PORTB, 3
0x0072	0x2874      	GOTO       L__num238
L__num237:
0x0073	0x1586      	BSF        PORTB, 3
L__num238:
;MyProject.c,31 :: 		DD=on;
0x0074	0x1822      	BTFSC      FARG_num2_on, 0
0x0075	0x2878      	GOTO       L__num239
0x0076	0x1106      	BCF        PORTB, 2
0x0077	0x2879      	GOTO       L__num240
L__num239:
0x0078	0x1506      	BSF        PORTB, 2
L__num240:
;MyProject.c,32 :: 		}
L_end_num2:
0x0079	0x0008      	RETURN
; end of _num2
_num3:
;MyProject.c,33 :: 		void num3(int on)
;MyProject.c,35 :: 		AA=on;
0x007A	0x1283      	BCF        STATUS, 5
0x007B	0x1303      	BCF        STATUS, 6
0x007C	0x1822      	BTFSC      FARG_num3_on, 0
0x007D	0x2880      	GOTO       L__num342
0x007E	0x1286      	BCF        PORTB, 5
0x007F	0x2881      	GOTO       L__num343
L__num342:
0x0080	0x1686      	BSF        PORTB, 5
L__num343:
;MyProject.c,36 :: 		BB=on;
0x0081	0x1822      	BTFSC      FARG_num3_on, 0
0x0082	0x2885      	GOTO       L__num344
0x0083	0x1206      	BCF        PORTB, 4
0x0084	0x2886      	GOTO       L__num345
L__num344:
0x0085	0x1606      	BSF        PORTB, 4
L__num345:
;MyProject.c,37 :: 		GG=on;
0x0086	0x1822      	BTFSC      FARG_num3_on, 0
0x0087	0x288A      	GOTO       L__num346
0x0088	0x1386      	BCF        PORTB, 7
0x0089	0x288B      	GOTO       L__num347
L__num346:
0x008A	0x1786      	BSF        PORTB, 7
L__num347:
;MyProject.c,38 :: 		CC=on;
0x008B	0x1822      	BTFSC      FARG_num3_on, 0
0x008C	0x288F      	GOTO       L__num348
0x008D	0x1086      	BCF        PORTB, 1
0x008E	0x2890      	GOTO       L__num349
L__num348:
0x008F	0x1486      	BSF        PORTB, 1
L__num349:
;MyProject.c,39 :: 		DD=on;
0x0090	0x1822      	BTFSC      FARG_num3_on, 0
0x0091	0x2894      	GOTO       L__num350
0x0092	0x1106      	BCF        PORTB, 2
0x0093	0x2895      	GOTO       L__num351
L__num350:
0x0094	0x1506      	BSF        PORTB, 2
L__num351:
;MyProject.c,40 :: 		}
L_end_num3:
0x0095	0x0008      	RETURN
; end of _num3
_num4:
;MyProject.c,41 :: 		void num4(int on)
;MyProject.c,43 :: 		FF=on;
0x0096	0x1283      	BCF        STATUS, 5
0x0097	0x1303      	BCF        STATUS, 6
0x0098	0x1822      	BTFSC      FARG_num4_on, 0
0x0099	0x289C      	GOTO       L__num453
0x009A	0x1306      	BCF        PORTB, 6
0x009B	0x289D      	GOTO       L__num454
L__num453:
0x009C	0x1706      	BSF        PORTB, 6
L__num454:
;MyProject.c,44 :: 		BB=on;
0x009D	0x1822      	BTFSC      FARG_num4_on, 0
0x009E	0x28A1      	GOTO       L__num455
0x009F	0x1206      	BCF        PORTB, 4
0x00A0	0x28A2      	GOTO       L__num456
L__num455:
0x00A1	0x1606      	BSF        PORTB, 4
L__num456:
;MyProject.c,45 :: 		GG=on;
0x00A2	0x1822      	BTFSC      FARG_num4_on, 0
0x00A3	0x28A6      	GOTO       L__num457
0x00A4	0x1386      	BCF        PORTB, 7
0x00A5	0x28A7      	GOTO       L__num458
L__num457:
0x00A6	0x1786      	BSF        PORTB, 7
L__num458:
;MyProject.c,46 :: 		CC=on;
0x00A7	0x1822      	BTFSC      FARG_num4_on, 0
0x00A8	0x28AB      	GOTO       L__num459
0x00A9	0x1086      	BCF        PORTB, 1
0x00AA	0x28AC      	GOTO       L__num460
L__num459:
0x00AB	0x1486      	BSF        PORTB, 1
L__num460:
;MyProject.c,47 :: 		}
L_end_num4:
0x00AC	0x0008      	RETURN
; end of _num4
_num5:
;MyProject.c,48 :: 		void num5(int on)
;MyProject.c,50 :: 		AA=on;
0x00AD	0x1283      	BCF        STATUS, 5
0x00AE	0x1303      	BCF        STATUS, 6
0x00AF	0x1822      	BTFSC      FARG_num5_on, 0
0x00B0	0x28B3      	GOTO       L__num562
0x00B1	0x1286      	BCF        PORTB, 5
0x00B2	0x28B4      	GOTO       L__num563
L__num562:
0x00B3	0x1686      	BSF        PORTB, 5
L__num563:
;MyProject.c,51 :: 		FF=on;
0x00B4	0x1822      	BTFSC      FARG_num5_on, 0
0x00B5	0x28B8      	GOTO       L__num564
0x00B6	0x1306      	BCF        PORTB, 6
0x00B7	0x28B9      	GOTO       L__num565
L__num564:
0x00B8	0x1706      	BSF        PORTB, 6
L__num565:
;MyProject.c,52 :: 		DD=on;
0x00B9	0x1822      	BTFSC      FARG_num5_on, 0
0x00BA	0x28BD      	GOTO       L__num566
0x00BB	0x1106      	BCF        PORTB, 2
0x00BC	0x28BE      	GOTO       L__num567
L__num566:
0x00BD	0x1506      	BSF        PORTB, 2
L__num567:
;MyProject.c,53 :: 		CC=on;
0x00BE	0x1822      	BTFSC      FARG_num5_on, 0
0x00BF	0x28C2      	GOTO       L__num568
0x00C0	0x1086      	BCF        PORTB, 1
0x00C1	0x28C3      	GOTO       L__num569
L__num568:
0x00C2	0x1486      	BSF        PORTB, 1
L__num569:
;MyProject.c,54 :: 		GG=on;
0x00C3	0x1822      	BTFSC      FARG_num5_on, 0
0x00C4	0x28C7      	GOTO       L__num570
0x00C5	0x1386      	BCF        PORTB, 7
0x00C6	0x28C8      	GOTO       L__num571
L__num570:
0x00C7	0x1786      	BSF        PORTB, 7
L__num571:
;MyProject.c,55 :: 		}
L_end_num5:
0x00C8	0x0008      	RETURN
; end of _num5
_num6:
;MyProject.c,56 :: 		void num6(int on)
;MyProject.c,58 :: 		AA=on;
0x00C9	0x1283      	BCF        STATUS, 5
0x00CA	0x1303      	BCF        STATUS, 6
0x00CB	0x1822      	BTFSC      FARG_num6_on, 0
0x00CC	0x28CF      	GOTO       L__num673
0x00CD	0x1286      	BCF        PORTB, 5
0x00CE	0x28D0      	GOTO       L__num674
L__num673:
0x00CF	0x1686      	BSF        PORTB, 5
L__num674:
;MyProject.c,59 :: 		FF=on;
0x00D0	0x1822      	BTFSC      FARG_num6_on, 0
0x00D1	0x28D4      	GOTO       L__num675
0x00D2	0x1306      	BCF        PORTB, 6
0x00D3	0x28D5      	GOTO       L__num676
L__num675:
0x00D4	0x1706      	BSF        PORTB, 6
L__num676:
;MyProject.c,60 :: 		GG=on;
0x00D5	0x1822      	BTFSC      FARG_num6_on, 0
0x00D6	0x28D9      	GOTO       L__num677
0x00D7	0x1386      	BCF        PORTB, 7
0x00D8	0x28DA      	GOTO       L__num678
L__num677:
0x00D9	0x1786      	BSF        PORTB, 7
L__num678:
;MyProject.c,61 :: 		DD=on;
0x00DA	0x1822      	BTFSC      FARG_num6_on, 0
0x00DB	0x28DE      	GOTO       L__num679
0x00DC	0x1106      	BCF        PORTB, 2
0x00DD	0x28DF      	GOTO       L__num680
L__num679:
0x00DE	0x1506      	BSF        PORTB, 2
L__num680:
;MyProject.c,62 :: 		CC=on;
0x00DF	0x1822      	BTFSC      FARG_num6_on, 0
0x00E0	0x28E3      	GOTO       L__num681
0x00E1	0x1086      	BCF        PORTB, 1
0x00E2	0x28E4      	GOTO       L__num682
L__num681:
0x00E3	0x1486      	BSF        PORTB, 1
L__num682:
;MyProject.c,63 :: 		EE=on;
0x00E4	0x1822      	BTFSC      FARG_num6_on, 0
0x00E5	0x28E8      	GOTO       L__num683
0x00E6	0x1186      	BCF        PORTB, 3
0x00E7	0x28E9      	GOTO       L__num684
L__num683:
0x00E8	0x1586      	BSF        PORTB, 3
L__num684:
;MyProject.c,64 :: 		}
L_end_num6:
0x00E9	0x0008      	RETURN
; end of _num6
_num7:
;MyProject.c,65 :: 		void num7(int on)
;MyProject.c,67 :: 		AA=on;
0x00EA	0x1283      	BCF        STATUS, 5
0x00EB	0x1303      	BCF        STATUS, 6
0x00EC	0x1822      	BTFSC      FARG_num7_on, 0
0x00ED	0x28F0      	GOTO       L__num786
0x00EE	0x1286      	BCF        PORTB, 5
0x00EF	0x28F1      	GOTO       L__num787
L__num786:
0x00F0	0x1686      	BSF        PORTB, 5
L__num787:
;MyProject.c,68 :: 		BB=on;
0x00F1	0x1822      	BTFSC      FARG_num7_on, 0
0x00F2	0x28F5      	GOTO       L__num788
0x00F3	0x1206      	BCF        PORTB, 4
0x00F4	0x28F6      	GOTO       L__num789
L__num788:
0x00F5	0x1606      	BSF        PORTB, 4
L__num789:
;MyProject.c,69 :: 		CC=on;
0x00F6	0x1822      	BTFSC      FARG_num7_on, 0
0x00F7	0x28FA      	GOTO       L__num790
0x00F8	0x1086      	BCF        PORTB, 1
0x00F9	0x28FB      	GOTO       L__num791
L__num790:
0x00FA	0x1486      	BSF        PORTB, 1
L__num791:
;MyProject.c,70 :: 		}
L_end_num7:
0x00FB	0x0008      	RETURN
; end of _num7
_num8:
;MyProject.c,71 :: 		void num8(int on)
;MyProject.c,73 :: 		AA=on;
0x00FC	0x1283      	BCF        STATUS, 5
0x00FD	0x1303      	BCF        STATUS, 6
0x00FE	0x1822      	BTFSC      FARG_num8_on, 0
0x00FF	0x2902      	GOTO       L__num893
0x0100	0x1286      	BCF        PORTB, 5
0x0101	0x2903      	GOTO       L__num894
L__num893:
0x0102	0x1686      	BSF        PORTB, 5
L__num894:
;MyProject.c,74 :: 		BB=on;
0x0103	0x1822      	BTFSC      FARG_num8_on, 0
0x0104	0x2907      	GOTO       L__num895
0x0105	0x1206      	BCF        PORTB, 4
0x0106	0x2908      	GOTO       L__num896
L__num895:
0x0107	0x1606      	BSF        PORTB, 4
L__num896:
;MyProject.c,75 :: 		CC=on;
0x0108	0x1822      	BTFSC      FARG_num8_on, 0
0x0109	0x290C      	GOTO       L__num897
0x010A	0x1086      	BCF        PORTB, 1
0x010B	0x290D      	GOTO       L__num898
L__num897:
0x010C	0x1486      	BSF        PORTB, 1
L__num898:
;MyProject.c,76 :: 		DD=on;
0x010D	0x1822      	BTFSC      FARG_num8_on, 0
0x010E	0x2911      	GOTO       L__num899
0x010F	0x1106      	BCF        PORTB, 2
0x0110	0x2912      	GOTO       L__num8100
L__num899:
0x0111	0x1506      	BSF        PORTB, 2
L__num8100:
;MyProject.c,77 :: 		EE=on;
0x0112	0x1822      	BTFSC      FARG_num8_on, 0
0x0113	0x2916      	GOTO       L__num8101
0x0114	0x1186      	BCF        PORTB, 3
0x0115	0x2917      	GOTO       L__num8102
L__num8101:
0x0116	0x1586      	BSF        PORTB, 3
L__num8102:
;MyProject.c,78 :: 		FF=on;
0x0117	0x1822      	BTFSC      FARG_num8_on, 0
0x0118	0x291B      	GOTO       L__num8103
0x0119	0x1306      	BCF        PORTB, 6
0x011A	0x291C      	GOTO       L__num8104
L__num8103:
0x011B	0x1706      	BSF        PORTB, 6
L__num8104:
;MyProject.c,79 :: 		GG=on;
0x011C	0x1822      	BTFSC      FARG_num8_on, 0
0x011D	0x2920      	GOTO       L__num8105
0x011E	0x1386      	BCF        PORTB, 7
0x011F	0x2921      	GOTO       L__num8106
L__num8105:
0x0120	0x1786      	BSF        PORTB, 7
L__num8106:
;MyProject.c,80 :: 		}
L_end_num8:
0x0121	0x0008      	RETURN
; end of _num8
_num9:
;MyProject.c,81 :: 		void num9(int on)
;MyProject.c,84 :: 		AA=on;
0x0122	0x1283      	BCF        STATUS, 5
0x0123	0x1303      	BCF        STATUS, 6
0x0124	0x1822      	BTFSC      FARG_num9_on, 0
0x0125	0x2928      	GOTO       L__num9108
0x0126	0x1286      	BCF        PORTB, 5
0x0127	0x2929      	GOTO       L__num9109
L__num9108:
0x0128	0x1686      	BSF        PORTB, 5
L__num9109:
;MyProject.c,85 :: 		BB=on;
0x0129	0x1822      	BTFSC      FARG_num9_on, 0
0x012A	0x292D      	GOTO       L__num9110
0x012B	0x1206      	BCF        PORTB, 4
0x012C	0x292E      	GOTO       L__num9111
L__num9110:
0x012D	0x1606      	BSF        PORTB, 4
L__num9111:
;MyProject.c,86 :: 		CC=on;
0x012E	0x1822      	BTFSC      FARG_num9_on, 0
0x012F	0x2932      	GOTO       L__num9112
0x0130	0x1086      	BCF        PORTB, 1
0x0131	0x2933      	GOTO       L__num9113
L__num9112:
0x0132	0x1486      	BSF        PORTB, 1
L__num9113:
;MyProject.c,87 :: 		DD=on;
0x0133	0x1822      	BTFSC      FARG_num9_on, 0
0x0134	0x2937      	GOTO       L__num9114
0x0135	0x1106      	BCF        PORTB, 2
0x0136	0x2938      	GOTO       L__num9115
L__num9114:
0x0137	0x1506      	BSF        PORTB, 2
L__num9115:
;MyProject.c,88 :: 		FF=on;
0x0138	0x1822      	BTFSC      FARG_num9_on, 0
0x0139	0x293C      	GOTO       L__num9116
0x013A	0x1306      	BCF        PORTB, 6
0x013B	0x293D      	GOTO       L__num9117
L__num9116:
0x013C	0x1706      	BSF        PORTB, 6
L__num9117:
;MyProject.c,89 :: 		GG=on;
0x013D	0x1822      	BTFSC      FARG_num9_on, 0
0x013E	0x2941      	GOTO       L__num9118
0x013F	0x1386      	BCF        PORTB, 7
0x0140	0x2942      	GOTO       L__num9119
L__num9118:
0x0141	0x1786      	BSF        PORTB, 7
L__num9119:
;MyProject.c,90 :: 		}
L_end_num9:
0x0142	0x0008      	RETURN
; end of _num9
___CC2DW:
;__Lib_System.c,134 :: 		
;__Lib_System.c,137 :: 		
_CC2D_Loop1:
;__Lib_System.c,139 :: 		
0x0143	0x2003      	CALL       _____DoICP
0x0144	0x118A      	BCF        PCLATH, 3
0x0145	0x120A      	BCF        PCLATH, 4
;__Lib_System.c,141 :: 		
0x0146	0x0080      	MOVWF      INDF
;__Lib_System.c,142 :: 		
0x0147	0x0A84      	INCF       FSR, 1
;__Lib_System.c,143 :: 		
0x0148	0x0AA0      	INCF       ___DoICPAddr, 1
;__Lib_System.c,145 :: 		
0x0149	0x1903      	BTFSC      STATUS, 2
;__Lib_System.c,146 :: 		
0x014A	0x0AA1      	INCF       ___DoICPAddr+1, 1
;__Lib_System.c,147 :: 		
0x014B	0x03F0      	DECF       R0, 1
;__Lib_System.c,149 :: 		
0x014C	0x1D03      	BTFSS      STATUS, 2
;__Lib_System.c,150 :: 		
0x014D	0x2943      	GOTO       _CC2D_Loop1
;__Lib_System.c,152 :: 		
L_end___CC2DW:
0x014E	0x0008      	RETURN
; end of ___CC2DW
_main:
;MyProject.c,102 :: 		void main()
;MyProject.c,105 :: 		TRISb=0x00;
0x014F	0x1683      	BSF        STATUS, 5
0x0150	0x1303      	BCF        STATUS, 6
0x0151	0x0186      	CLRF       TRISB
;MyProject.c,106 :: 		portb=0x00;
0x0152	0x1283      	BCF        STATUS, 5
0x0153	0x0186      	CLRF       PORTB
;MyProject.c,107 :: 		while (1)
L_main0:
;MyProject.c,109 :: 		delay_ms(1000);
0x0154	0x300B      	MOVLW      11
0x0155	0x00FB      	MOVWF      R11
0x0156	0x3026      	MOVLW      38
0x0157	0x00FC      	MOVWF      R12
0x0158	0x305D      	MOVLW      93
0x0159	0x00FD      	MOVWF      R13
L_main2:
0x015A	0x0BFD      	DECFSZ     R13, 1
0x015B	0x295A      	GOTO       L_main2
0x015C	0x0BFC      	DECFSZ     R12, 1
0x015D	0x295A      	GOTO       L_main2
0x015E	0x0BFB      	DECFSZ     R11, 1
0x015F	0x295A      	GOTO       L_main2
0x0160	0x0000      	NOP
0x0161	0x0000      	NOP
;MyProject.c,110 :: 		clear(0);
0x0162	0x01A2      	CLRF       FARG_clear_on
0x0163	0x01A3      	CLRF       FARG_clear_on+1
0x0164	0x200A      	CALL       _clear
;MyProject.c,111 :: 		num0(1);
0x0165	0x3001      	MOVLW      1
0x0166	0x00A2      	MOVWF      FARG_num0_on
0x0167	0x3000      	MOVLW      0
0x0168	0x00A3      	MOVWF      FARG_num0_on+1
0x0169	0x2030      	CALL       _num0
;MyProject.c,112 :: 		delay_ms(1000);
0x016A	0x300B      	MOVLW      11
0x016B	0x00FB      	MOVWF      R11
0x016C	0x3026      	MOVLW      38
0x016D	0x00FC      	MOVWF      R12
0x016E	0x305D      	MOVLW      93
0x016F	0x00FD      	MOVWF      R13
L_main3:
0x0170	0x0BFD      	DECFSZ     R13, 1
0x0171	0x2970      	GOTO       L_main3
0x0172	0x0BFC      	DECFSZ     R12, 1
0x0173	0x2970      	GOTO       L_main3
0x0174	0x0BFB      	DECFSZ     R11, 1
0x0175	0x2970      	GOTO       L_main3
0x0176	0x0000      	NOP
0x0177	0x0000      	NOP
;MyProject.c,114 :: 		clear(0);
0x0178	0x01A2      	CLRF       FARG_clear_on
0x0179	0x01A3      	CLRF       FARG_clear_on+1
0x017A	0x200A      	CALL       _clear
;MyProject.c,115 :: 		num1(1);
0x017B	0x3001      	MOVLW      1
0x017C	0x00A2      	MOVWF      FARG_num1_on
0x017D	0x3000      	MOVLW      0
0x017E	0x00A3      	MOVWF      FARG_num1_on+1
0x017F	0x2051      	CALL       _num1
;MyProject.c,116 :: 		delay_ms(1000);
0x0180	0x300B      	MOVLW      11
0x0181	0x00FB      	MOVWF      R11
0x0182	0x3026      	MOVLW      38
0x0183	0x00FC      	MOVWF      R12
0x0184	0x305D      	MOVLW      93
0x0185	0x00FD      	MOVWF      R13
L_main4:
0x0186	0x0BFD      	DECFSZ     R13, 1
0x0187	0x2986      	GOTO       L_main4
0x0188	0x0BFC      	DECFSZ     R12, 1
0x0189	0x2986      	GOTO       L_main4
0x018A	0x0BFB      	DECFSZ     R11, 1
0x018B	0x2986      	GOTO       L_main4
0x018C	0x0000      	NOP
0x018D	0x0000      	NOP
;MyProject.c,118 :: 		clear(0);
0x018E	0x01A2      	CLRF       FARG_clear_on
0x018F	0x01A3      	CLRF       FARG_clear_on+1
0x0190	0x200A      	CALL       _clear
;MyProject.c,119 :: 		num2(1);
0x0191	0x3001      	MOVLW      1
0x0192	0x00A2      	MOVWF      FARG_num2_on
0x0193	0x3000      	MOVLW      0
0x0194	0x00A3      	MOVWF      FARG_num2_on+1
0x0195	0x205E      	CALL       _num2
;MyProject.c,120 :: 		delay_ms(1000);
0x0196	0x300B      	MOVLW      11
0x0197	0x00FB      	MOVWF      R11
0x0198	0x3026      	MOVLW      38
0x0199	0x00FC      	MOVWF      R12
0x019A	0x305D      	MOVLW      93
0x019B	0x00FD      	MOVWF      R13
L_main5:
0x019C	0x0BFD      	DECFSZ     R13, 1
0x019D	0x299C      	GOTO       L_main5
0x019E	0x0BFC      	DECFSZ     R12, 1
0x019F	0x299C      	GOTO       L_main5
0x01A0	0x0BFB      	DECFSZ     R11, 1
0x01A1	0x299C      	GOTO       L_main5
0x01A2	0x0000      	NOP
0x01A3	0x0000      	NOP
;MyProject.c,122 :: 		clear(0);
0x01A4	0x01A2      	CLRF       FARG_clear_on
0x01A5	0x01A3      	CLRF       FARG_clear_on+1
0x01A6	0x200A      	CALL       _clear
;MyProject.c,123 :: 		num3(1);
0x01A7	0x3001      	MOVLW      1
0x01A8	0x00A2      	MOVWF      FARG_num3_on
0x01A9	0x3000      	MOVLW      0
0x01AA	0x00A3      	MOVWF      FARG_num3_on+1
0x01AB	0x207A      	CALL       _num3
;MyProject.c,124 :: 		delay_ms(1000);
0x01AC	0x300B      	MOVLW      11
0x01AD	0x00FB      	MOVWF      R11
0x01AE	0x3026      	MOVLW      38
0x01AF	0x00FC      	MOVWF      R12
0x01B0	0x305D      	MOVLW      93
0x01B1	0x00FD      	MOVWF      R13
L_main6:
0x01B2	0x0BFD      	DECFSZ     R13, 1
0x01B3	0x29B2      	GOTO       L_main6
0x01B4	0x0BFC      	DECFSZ     R12, 1
0x01B5	0x29B2      	GOTO       L_main6
0x01B6	0x0BFB      	DECFSZ     R11, 1
0x01B7	0x29B2      	GOTO       L_main6
0x01B8	0x0000      	NOP
0x01B9	0x0000      	NOP
;MyProject.c,126 :: 		clear(0);
0x01BA	0x01A2      	CLRF       FARG_clear_on
0x01BB	0x01A3      	CLRF       FARG_clear_on+1
0x01BC	0x200A      	CALL       _clear
;MyProject.c,127 :: 		num4(1);
0x01BD	0x3001      	MOVLW      1
0x01BE	0x00A2      	MOVWF      FARG_num4_on
0x01BF	0x3000      	MOVLW      0
0x01C0	0x00A3      	MOVWF      FARG_num4_on+1
0x01C1	0x2096      	CALL       _num4
;MyProject.c,128 :: 		delay_ms(1000);
0x01C2	0x300B      	MOVLW      11
0x01C3	0x00FB      	MOVWF      R11
0x01C4	0x3026      	MOVLW      38
0x01C5	0x00FC      	MOVWF      R12
0x01C6	0x305D      	MOVLW      93
0x01C7	0x00FD      	MOVWF      R13
L_main7:
0x01C8	0x0BFD      	DECFSZ     R13, 1
0x01C9	0x29C8      	GOTO       L_main7
0x01CA	0x0BFC      	DECFSZ     R12, 1
0x01CB	0x29C8      	GOTO       L_main7
0x01CC	0x0BFB      	DECFSZ     R11, 1
0x01CD	0x29C8      	GOTO       L_main7
0x01CE	0x0000      	NOP
0x01CF	0x0000      	NOP
;MyProject.c,130 :: 		clear(0);
0x01D0	0x01A2      	CLRF       FARG_clear_on
0x01D1	0x01A3      	CLRF       FARG_clear_on+1
0x01D2	0x200A      	CALL       _clear
;MyProject.c,131 :: 		num5(1);
0x01D3	0x3001      	MOVLW      1
0x01D4	0x00A2      	MOVWF      FARG_num5_on
0x01D5	0x3000      	MOVLW      0
0x01D6	0x00A3      	MOVWF      FARG_num5_on+1
0x01D7	0x20AD      	CALL       _num5
;MyProject.c,132 :: 		delay_ms(1000);
0x01D8	0x300B      	MOVLW      11
0x01D9	0x00FB      	MOVWF      R11
0x01DA	0x3026      	MOVLW      38
0x01DB	0x00FC      	MOVWF      R12
0x01DC	0x305D      	MOVLW      93
0x01DD	0x00FD      	MOVWF      R13
L_main8:
0x01DE	0x0BFD      	DECFSZ     R13, 1
0x01DF	0x29DE      	GOTO       L_main8
0x01E0	0x0BFC      	DECFSZ     R12, 1
0x01E1	0x29DE      	GOTO       L_main8
0x01E2	0x0BFB      	DECFSZ     R11, 1
0x01E3	0x29DE      	GOTO       L_main8
0x01E4	0x0000      	NOP
0x01E5	0x0000      	NOP
;MyProject.c,134 :: 		clear(0);
0x01E6	0x01A2      	CLRF       FARG_clear_on
0x01E7	0x01A3      	CLRF       FARG_clear_on+1
0x01E8	0x200A      	CALL       _clear
;MyProject.c,135 :: 		num6(1);
0x01E9	0x3001      	MOVLW      1
0x01EA	0x00A2      	MOVWF      FARG_num6_on
0x01EB	0x3000      	MOVLW      0
0x01EC	0x00A3      	MOVWF      FARG_num6_on+1
0x01ED	0x20C9      	CALL       _num6
;MyProject.c,136 :: 		delay_ms(1000);
0x01EE	0x300B      	MOVLW      11
0x01EF	0x00FB      	MOVWF      R11
0x01F0	0x3026      	MOVLW      38
0x01F1	0x00FC      	MOVWF      R12
0x01F2	0x305D      	MOVLW      93
0x01F3	0x00FD      	MOVWF      R13
L_main9:
0x01F4	0x0BFD      	DECFSZ     R13, 1
0x01F5	0x29F4      	GOTO       L_main9
0x01F6	0x0BFC      	DECFSZ     R12, 1
0x01F7	0x29F4      	GOTO       L_main9
0x01F8	0x0BFB      	DECFSZ     R11, 1
0x01F9	0x29F4      	GOTO       L_main9
0x01FA	0x0000      	NOP
0x01FB	0x0000      	NOP
;MyProject.c,138 :: 		clear(0);
0x01FC	0x01A2      	CLRF       FARG_clear_on
0x01FD	0x01A3      	CLRF       FARG_clear_on+1
0x01FE	0x200A      	CALL       _clear
;MyProject.c,139 :: 		num7(1);
0x01FF	0x3001      	MOVLW      1
0x0200	0x00A2      	MOVWF      FARG_num7_on
0x0201	0x3000      	MOVLW      0
0x0202	0x00A3      	MOVWF      FARG_num7_on+1
0x0203	0x20EA      	CALL       _num7
;MyProject.c,140 :: 		delay_ms(1000);
0x0204	0x300B      	MOVLW      11
0x0205	0x00FB      	MOVWF      R11
0x0206	0x3026      	MOVLW      38
0x0207	0x00FC      	MOVWF      R12
0x0208	0x305D      	MOVLW      93
0x0209	0x00FD      	MOVWF      R13
L_main10:
0x020A	0x0BFD      	DECFSZ     R13, 1
0x020B	0x2A0A      	GOTO       L_main10
0x020C	0x0BFC      	DECFSZ     R12, 1
0x020D	0x2A0A      	GOTO       L_main10
0x020E	0x0BFB      	DECFSZ     R11, 1
0x020F	0x2A0A      	GOTO       L_main10
0x0210	0x0000      	NOP
0x0211	0x0000      	NOP
;MyProject.c,142 :: 		clear(0);
0x0212	0x01A2      	CLRF       FARG_clear_on
0x0213	0x01A3      	CLRF       FARG_clear_on+1
0x0214	0x200A      	CALL       _clear
;MyProject.c,143 :: 		num8(1);
0x0215	0x3001      	MOVLW      1
0x0216	0x00A2      	MOVWF      FARG_num8_on
0x0217	0x3000      	MOVLW      0
0x0218	0x00A3      	MOVWF      FARG_num8_on+1
0x0219	0x20FC      	CALL       _num8
;MyProject.c,144 :: 		delay_ms(1000);
0x021A	0x300B      	MOVLW      11
0x021B	0x00FB      	MOVWF      R11
0x021C	0x3026      	MOVLW      38
0x021D	0x00FC      	MOVWF      R12
0x021E	0x305D      	MOVLW      93
0x021F	0x00FD      	MOVWF      R13
L_main11:
0x0220	0x0BFD      	DECFSZ     R13, 1
0x0221	0x2A20      	GOTO       L_main11
0x0222	0x0BFC      	DECFSZ     R12, 1
0x0223	0x2A20      	GOTO       L_main11
0x0224	0x0BFB      	DECFSZ     R11, 1
0x0225	0x2A20      	GOTO       L_main11
0x0226	0x0000      	NOP
0x0227	0x0000      	NOP
;MyProject.c,146 :: 		clear(0);
0x0228	0x01A2      	CLRF       FARG_clear_on
0x0229	0x01A3      	CLRF       FARG_clear_on+1
0x022A	0x200A      	CALL       _clear
;MyProject.c,147 :: 		num9(1);
0x022B	0x3001      	MOVLW      1
0x022C	0x00A2      	MOVWF      FARG_num9_on
0x022D	0x3000      	MOVLW      0
0x022E	0x00A3      	MOVWF      FARG_num9_on+1
0x022F	0x2122      	CALL       _num9
;MyProject.c,148 :: 		}
0x0230	0x2954      	GOTO       L_main0
;MyProject.c,149 :: 		}
L_end_main:
0x0231	0x2A31      	GOTO       $+0
; end of _main
Symbol List:
//** Routines locations **
//ADDRESS    SIZE    PROCEDURE
//----------------------------------------------
0x0003       [7]    _____DoICP
0x000A      [38]    _clear
0x0030      [33]    _num0
0x0051      [13]    _num1
0x005E      [28]    _num2
0x007A      [28]    _num3
0x0096      [23]    _num4
0x00AD      [28]    _num5
0x00C9      [33]    _num6
0x00EA      [18]    _num7
0x00FC      [38]    _num8
0x0122      [33]    _num9
0x0143      [12]    ___CC2DW
0x014F     [227]    _main
//** Variables locations ** 
//ADDRESS    SIZE    VARIABLE
//----------------------------------------------
0x0000       [1]    INDF
0x0002       [1]    PCL
0x0003       [1]    STATUS
0x0004       [1]    FSR
0x0006       [0]    DD
0x0006       [0]    CC
0x0006       [0]    EE
0x0006       [0]    AA
0x0006       [0]    BB
0x0006       [0]    FF
0x0006       [1]    PORTB
0x0006       [0]    GG
0x000A       [1]    PCLATH
0x0020       [2]    ___DoICPAddr
0x0022       [2]    FARG_num3_on
0x0022       [2]    FARG_num4_on
0x0022       [2]    FARG_num2_on
0x0022       [2]    FARG_num1_on
0x0022       [2]    FARG_num0_on
0x0022       [2]    FARG_num5_on
0x0022       [2]    FARG_num9_on
0x0022       [2]    FARG_clear_on
0x0022       [2]    FARG_num8_on
0x0022       [2]    FARG_num6_on
0x0022       [2]    FARG_num7_on
0x0070       [1]    R0
0x0071       [1]    R1
0x0072       [1]    R2
0x0073       [1]    R3
0x0074       [1]    R4
0x0075       [1]    R5
0x0076       [1]    R6
0x0077       [1]    R7
0x0078       [1]    R8
0x0079       [1]    R9
0x007A       [1]    R10
0x007B       [1]    R11
0x007C       [1]    R12
0x007D       [1]    R13
0x007E       [1]    R14
0x007F       [1]    R15
0x0086       [1]    TRISB
