;  LST file generated by mikroListExporter - v.2.0 
; Date/Time: 04/23/16 4:17:29 PM
;----------------------------------------------

;Address Opcode 	ASM
0x0000	0x2901      	GOTO       257
_strlen:
;__Lib_CString.c,136 :: 		
;__Lib_CString.c,139 :: 		
0x0003	0x1283      	BCF        STATUS, 5
0x0004	0x1303      	BCF        STATUS, 6
0x0005	0x0838      	MOVF       FARG_strlen_s, 0
0x0006	0x00F2      	MOVWF      R2
;__Lib_CString.c,140 :: 		
L_strlen36:
0x0007	0x0872      	MOVF       R2, 0
0x0008	0x00F0      	MOVWF      R0
0x0009	0x0AF2      	INCF       R2, 1
0x000A	0x0870      	MOVF       R0, 0
0x000B	0x0084      	MOVWF      FSR
0x000C	0x0800      	MOVF       INDF, 0
0x000D	0x1903      	BTFSC      STATUS, 2
0x000E	0x2810      	GOTO       L_strlen37
;__Lib_CString.c,141 :: 		
0x000F	0x2807      	GOTO       L_strlen36
L_strlen37:
;__Lib_CString.c,142 :: 		
0x0010	0x0838      	MOVF       FARG_strlen_s, 0
0x0011	0x0272      	SUBWF      R2, 0
0x0012	0x00F0      	MOVWF      R0
0x0013	0x3001      	MOVLW      1
0x0014	0x02F0      	SUBWF      R0, 1
0x0015	0x01F1      	CLRF       R0+1
0x0016	0x1C03      	BTFSS      STATUS, 0
0x0017	0x03F1      	DECF       R0+1, 1
;__Lib_CString.c,143 :: 		
L_end_strlen:
0x0018	0x0008      	RETURN
; end of _strlen
_UART1_Write:
;__Lib_UART_c67.c,39 :: 		
;__Lib_UART_c67.c,40 :: 		
L_UART1_Write3:
0x0019	0x1683      	BSF        STATUS, 5
0x001A	0x1303      	BCF        STATUS, 6
0x001B	0x1898      	BTFSC      TXSTA, 1
0x001C	0x281F      	GOTO       L_UART1_Write4
;__Lib_UART_c67.c,41 :: 		
0x001D	0x0000      	NOP
0x001E	0x2819      	GOTO       L_UART1_Write3
L_UART1_Write4:
;__Lib_UART_c67.c,42 :: 		
0x001F	0x1283      	BCF        STATUS, 5
0x0020	0x0838      	MOVF       FARG_UART1_Write_data_, 0
0x0021	0x0099      	MOVWF      TXREG
;__Lib_UART_c67.c,43 :: 		
L_end_UART1_Write:
0x0022	0x0008      	RETURN
; end of _UART1_Write
_UART1_Write_Text:
;__Lib_UART_c67.c,47 :: 		
;__Lib_UART_c67.c,48 :: 		
0x0023	0x1283      	BCF        STATUS, 5
0x0024	0x1303      	BCF        STATUS, 6
0x0025	0x01B6      	CLRF       UART1_Write_Text_counter_L0
;__Lib_UART_c67.c,50 :: 		
0x0026	0x0834      	MOVF       FARG_UART1_Write_Text_uart_text, 0
0x0027	0x0084      	MOVWF      FSR
0x0028	0x0800      	MOVF       INDF, 0
0x0029	0x00B5      	MOVWF      UART1_Write_Text_data__L0
;__Lib_UART_c67.c,51 :: 		
L_UART1_Write_Text5:
0x002A	0x0835      	MOVF       UART1_Write_Text_data__L0, 0
0x002B	0x3A00      	XORLW      0
0x002C	0x1903      	BTFSC      STATUS, 2
0x002D	0x2838      	GOTO       L_UART1_Write_Text6
;__Lib_UART_c67.c,52 :: 		
0x002E	0x0835      	MOVF       UART1_Write_Text_data__L0, 0
0x002F	0x00B8      	MOVWF      FARG_UART1_Write_data_
0x0030	0x2019      	CALL       _UART1_Write
;__Lib_UART_c67.c,53 :: 		
0x0031	0x0AB6      	INCF       UART1_Write_Text_counter_L0, 1
;__Lib_UART_c67.c,54 :: 		
0x0032	0x0836      	MOVF       UART1_Write_Text_counter_L0, 0
0x0033	0x0734      	ADDWF      FARG_UART1_Write_Text_uart_text, 0
0x0034	0x0084      	MOVWF      FSR
0x0035	0x0800      	MOVF       INDF, 0
0x0036	0x00B5      	MOVWF      UART1_Write_Text_data__L0
;__Lib_UART_c67.c,55 :: 		
0x0037	0x282A      	GOTO       L_UART1_Write_Text5
L_UART1_Write_Text6:
;__Lib_UART_c67.c,56 :: 		
L_end_UART1_Write_Text:
0x0038	0x0008      	RETURN
; end of _UART1_Write_Text
_Ltrim:
;__Lib_Conversions.c,372 :: 		
;__Lib_Conversions.c,376 :: 		
0x0039	0x1283      	BCF        STATUS, 5
0x003A	0x1303      	BCF        STATUS, 6
0x003B	0x01B5      	CLRF       Ltrim_trimmed_L0
0x003C	0x01B6      	CLRF       Ltrim_trimmed_L0+1
;__Lib_Conversions.c,377 :: 		
0x003D	0x0834      	MOVF       FARG_Ltrim_string, 0
0x003E	0x00F2      	MOVWF      R2
;__Lib_Conversions.c,378 :: 		
0x003F	0x0834      	MOVF       FARG_Ltrim_string, 0
0x0040	0x00F3      	MOVWF      R3
;__Lib_Conversions.c,379 :: 		
L_Ltrim70:
;__Lib_Conversions.c,380 :: 		
0x0041	0x0872      	MOVF       R2, 0
0x0042	0x0084      	MOVWF      FSR
0x0043	0x0800      	MOVF       INDF, 0
0x0044	0x3A20      	XORLW      32
0x0045	0x1D03      	BTFSS      STATUS, 2
0x0046	0x284C      	GOTO       L__Ltrim99
0x0047	0x0835      	MOVF       Ltrim_trimmed_L0, 0
0x0048	0x0436      	IORWF      Ltrim_trimmed_L0+1, 0
0x0049	0x1D03      	BTFSS      STATUS, 2
0x004A	0x284C      	GOTO       L__Ltrim99
0x004B	0x2859      	GOTO       L_Ltrim75
L__Ltrim99:
;__Lib_Conversions.c,381 :: 		
0x004C	0x3001      	MOVLW      1
0x004D	0x00B5      	MOVWF      Ltrim_trimmed_L0
0x004E	0x3000      	MOVLW      0
0x004F	0x00B6      	MOVWF      Ltrim_trimmed_L0+1
;__Lib_Conversions.c,382 :: 		
0x0050	0x0872      	MOVF       R2, 0
0x0051	0x0084      	MOVWF      FSR
0x0052	0x0800      	MOVF       INDF, 0
0x0053	0x00F0      	MOVWF      R0
0x0054	0x0873      	MOVF       R3, 0
0x0055	0x0084      	MOVWF      FSR
0x0056	0x0870      	MOVF       R0, 0
0x0057	0x0080      	MOVWF      INDF
0x0058	0x0AF3      	INCF       R3, 1
;__Lib_Conversions.c,383 :: 		
L_Ltrim75:
;__Lib_Conversions.c,385 :: 		
0x0059	0x0872      	MOVF       R2, 0
0x005A	0x00F1      	MOVWF      R1
0x005B	0x0AF2      	INCF       R2, 1
0x005C	0x0871      	MOVF       R1, 0
0x005D	0x0084      	MOVWF      FSR
0x005E	0x0800      	MOVF       INDF, 0
0x005F	0x3A00      	XORLW      0
0x0060	0x1D03      	BTFSS      STATUS, 2
0x0061	0x2841      	GOTO       L_Ltrim70
;__Lib_Conversions.c,386 :: 		
0x0062	0x0834      	MOVF       FARG_Ltrim_string, 0
0x0063	0x00F0      	MOVWF      R0
;__Lib_Conversions.c,387 :: 		
L_end_Ltrim:
0x0064	0x0008      	RETURN
; end of _Ltrim
_____DoICP:
;__Lib_System.c,6 :: 		
;__Lib_System.c,9 :: 		
0x0065	0x1283      	BCF        STATUS, 5
0x0066	0x1303      	BCF        STATUS, 6
0x0067	0x0832      	MOVF       ___DoICPAddr+1, 0
0x0068	0x008A      	MOVWF      PCLATH
;__Lib_System.c,10 :: 		
0x0069	0x0831      	MOVF       ___DoICPAddr, 0
0x006A	0x0082      	MOVWF      PCL
;__Lib_System.c,12 :: 		
L_end_____DoICP:
0x006B	0x0008      	RETURN
; end of _____DoICP
_strcat:
;__Lib_CString.c,87 :: 		
;__Lib_CString.c,90 :: 		
0x006C	0x1283      	BCF        STATUS, 5
0x006D	0x1303      	BCF        STATUS, 6
0x006E	0x0834      	MOVF       FARG_strcat_to, 0
0x006F	0x00F2      	MOVWF      R2
;__Lib_CString.c,91 :: 		
L_strcat22:
0x0070	0x0872      	MOVF       R2, 0
0x0071	0x0084      	MOVWF      FSR
0x0072	0x0800      	MOVF       INDF, 0
0x0073	0x1903      	BTFSC      STATUS, 2
0x0074	0x2877      	GOTO       L_strcat23
;__Lib_CString.c,92 :: 		
0x0075	0x0AF2      	INCF       R2, 1
0x0076	0x2870      	GOTO       L_strcat22
L_strcat23:
;__Lib_CString.c,93 :: 		
L_strcat24:
0x0077	0x0872      	MOVF       R2, 0
0x0078	0x00F1      	MOVWF      R1
0x0079	0x0AF2      	INCF       R2, 1
0x007A	0x0835      	MOVF       FARG_strcat_from, 0
0x007B	0x00F0      	MOVWF      R0
0x007C	0x0AB5      	INCF       FARG_strcat_from, 1
0x007D	0x0870      	MOVF       R0, 0
0x007E	0x0084      	MOVWF      FSR
0x007F	0x0800      	MOVF       INDF, 0
0x0080	0x00F0      	MOVWF      R0
0x0081	0x0871      	MOVF       R1, 0
0x0082	0x0084      	MOVWF      FSR
0x0083	0x0870      	MOVF       R0, 0
0x0084	0x0080      	MOVWF      INDF
0x0085	0x0871      	MOVF       R1, 0
0x0086	0x0084      	MOVWF      FSR
0x0087	0x0800      	MOVF       INDF, 0
0x0088	0x1903      	BTFSC      STATUS, 2
0x0089	0x288B      	GOTO       L_strcat25
;__Lib_CString.c,94 :: 		
0x008A	0x2877      	GOTO       L_strcat24
L_strcat25:
;__Lib_CString.c,95 :: 		
0x008B	0x0834      	MOVF       FARG_strcat_to, 0
0x008C	0x00F0      	MOVWF      R0
;__Lib_CString.c,96 :: 		
L_end_strcat:
0x008D	0x0008      	RETURN
; end of _strcat
_Rtrim:
;__Lib_Conversions.c,363 :: 		
;__Lib_Conversions.c,365 :: 		
0x008E	0x1283      	BCF        STATUS, 5
0x008F	0x1303      	BCF        STATUS, 6
0x0090	0x0834      	MOVF       FARG_Rtrim_string, 0
0x0091	0x00B8      	MOVWF      FARG_strlen_s
0x0092	0x2003      	CALL       _strlen
0x0093	0x0870      	MOVF       R0, 0
0x0094	0x0734      	ADDWF      FARG_Rtrim_string, 0
0x0095	0x00B5      	MOVWF      Rtrim_original_L0
;__Lib_Conversions.c,366 :: 		
L_Rtrim66:
0x0096	0x03B5      	DECF       Rtrim_original_L0, 1
0x0097	0x0835      	MOVF       Rtrim_original_L0, 0
0x0098	0x0084      	MOVWF      FSR
0x0099	0x0800      	MOVF       INDF, 0
0x009A	0x3A20      	XORLW      32
0x009B	0x1D03      	BTFSS      STATUS, 2
0x009C	0x28A2      	GOTO       L_Rtrim67
0x009D	0x0834      	MOVF       FARG_Rtrim_string, 0
0x009E	0x0235      	SUBWF      Rtrim_original_L0, 0
0x009F	0x1C03      	BTFSS      STATUS, 0
0x00A0	0x28A2      	GOTO       L_Rtrim67
L__Rtrim98:
0x00A1	0x2896      	GOTO       L_Rtrim66
L_Rtrim67:
;__Lib_Conversions.c,367 :: 		
0x00A2	0x0A35      	INCF       Rtrim_original_L0, 0
0x00A3	0x0084      	MOVWF      FSR
0x00A4	0x0180      	CLRF       INDF
;__Lib_Conversions.c,368 :: 		
0x00A5	0x0834      	MOVF       FARG_Rtrim_string, 0
0x00A6	0x00F0      	MOVWF      R0
;__Lib_Conversions.c,369 :: 		
L_end_Rtrim:
0x00A7	0x0008      	RETURN
; end of _Rtrim
_memset:
;__Lib_CString.c,77 :: 		
;__Lib_CString.c,80 :: 		
0x00A8	0x1283      	BCF        STATUS, 5
0x00A9	0x1303      	BCF        STATUS, 6
0x00AA	0x0834      	MOVF       FARG_memset_p1, 0
0x00AB	0x00F2      	MOVWF      R2
;__Lib_CString.c,81 :: 		
L_memset20:
0x00AC	0x0836      	MOVF       FARG_memset_n, 0
0x00AD	0x00F0      	MOVWF      R0
0x00AE	0x0837      	MOVF       FARG_memset_n+1, 0
0x00AF	0x00F1      	MOVWF      R0+1
0x00B0	0x3001      	MOVLW      1
0x00B1	0x02B6      	SUBWF      FARG_memset_n, 1
0x00B2	0x1C03      	BTFSS      STATUS, 0
0x00B3	0x03B7      	DECF       FARG_memset_n+1, 1
0x00B4	0x0870      	MOVF       R0, 0
0x00B5	0x0471      	IORWF      R0+1, 0
0x00B6	0x1903      	BTFSC      STATUS, 2
0x00B7	0x28BE      	GOTO       L_memset21
;__Lib_CString.c,82 :: 		
0x00B8	0x0872      	MOVF       R2, 0
0x00B9	0x0084      	MOVWF      FSR
0x00BA	0x0835      	MOVF       FARG_memset_character, 0
0x00BB	0x0080      	MOVWF      INDF
0x00BC	0x0AF2      	INCF       R2, 1
0x00BD	0x28AC      	GOTO       L_memset20
L_memset21:
;__Lib_CString.c,83 :: 		
0x00BE	0x0834      	MOVF       FARG_memset_p1, 0
0x00BF	0x00F0      	MOVWF      R0
;__Lib_CString.c,84 :: 		
L_end_memset:
0x00C0	0x0008      	RETURN
; end of _memset
_UART1_Init:
;__Lib_UART_c67.c,2 :: 		
;__Lib_UART_c67.c,5 :: 		
0x00C1	0x1683      	BSF        STATUS, 5
0x00C2	0x1303      	BCF        STATUS, 6
0x00C3	0x1698      	BSF        TXSTA, 5
;__Lib_UART_c67.c,6 :: 		
0x00C4	0x3090      	MOVLW      144
0x00C5	0x1283      	BCF        STATUS, 5
0x00C6	0x0098      	MOVWF      RCSTA
;__Lib_UART_c67.c,7 :: 		
0x00C7	0x1683      	BSF        STATUS, 5
0x00C8	0x1787      	BSF        TRISC7_bit, BitPos(TRISC7_bit+0)
;__Lib_UART_c67.c,8 :: 		
0x00C9	0x1307      	BCF        TRISC6_bit, BitPos(TRISC6_bit+0)
;__Lib_UART_c67.c,10 :: 		
L_UART1_Init0:
0x00CA	0x1283      	BCF        STATUS, 5
0x00CB	0x1E8C      	BTFSS      PIR1, 5
0x00CC	0x28D0      	GOTO       L_UART1_Init1
;__Lib_UART_c67.c,11 :: 		
0x00CD	0x081A      	MOVF       RCREG, 0
0x00CE	0x00F0      	MOVWF      R0
0x00CF	0x28CA      	GOTO       L_UART1_Init0
L_UART1_Init1:
;__Lib_UART_c67.c,12 :: 		
L_end_UART1_Init:
0x00D0	0x0008      	RETURN
; end of _UART1_Init
_SendCall:
;MyProject.c,8 :: 		void SendCall(unsigned char number[])
;MyProject.c,10 :: 		UART1_Write_Text(strcat(strcat("ATD",ltrim(rtrim(number))),";"));
0x00D1	0x1283      	BCF        STATUS, 5
0x00D2	0x1303      	BCF        STATUS, 6
0x00D3	0x0833      	MOVF       FARG_SendCall_number, 0
0x00D4	0x00B4      	MOVWF      FARG_Rtrim_string
0x00D5	0x208E      	CALL       _Rtrim
0x00D6	0x0870      	MOVF       R0, 0
0x00D7	0x00B4      	MOVWF      FARG_Ltrim_string
0x00D8	0x2039      	CALL       _Ltrim
0x00D9	0x0870      	MOVF       R0, 0
0x00DA	0x00B5      	MOVWF      FARG_strcat_from
0x00DB	0x3020      	MOVLW      ?lstr2_MyProject
0x00DC	0x00B4      	MOVWF      FARG_strcat_to
0x00DD	0x206C      	CALL       _strcat
0x00DE	0x0870      	MOVF       R0, 0
0x00DF	0x00B4      	MOVWF      FARG_strcat_to
0x00E0	0x302F      	MOVLW      ?lstr3_MyProject
0x00E1	0x00B5      	MOVWF      FARG_strcat_from
0x00E2	0x206C      	CALL       _strcat
0x00E3	0x0870      	MOVF       R0, 0
0x00E4	0x00B4      	MOVWF      FARG_UART1_Write_Text_uart_text
0x00E5	0x2023      	CALL       _UART1_Write_Text
;MyProject.c,12 :: 		UART1_Write(13);
0x00E6	0x300D      	MOVLW      13
0x00E7	0x00B8      	MOVWF      FARG_UART1_Write_data_
0x00E8	0x2019      	CALL       _UART1_Write
;MyProject.c,13 :: 		UART1_Write(10);
0x00E9	0x300A      	MOVLW      10
0x00EA	0x00B8      	MOVWF      FARG_UART1_Write_data_
0x00EB	0x2019      	CALL       _UART1_Write
;MyProject.c,14 :: 		memset(number, 0, sizeof number);
0x00EC	0x0833      	MOVF       FARG_SendCall_number, 0
0x00ED	0x00B4      	MOVWF      FARG_memset_p1
0x00EE	0x01B5      	CLRF       FARG_memset_character
0x00EF	0x3001      	MOVLW      1
0x00F0	0x00B6      	MOVWF      FARG_memset_n
0x00F1	0x3000      	MOVLW      0
0x00F2	0x00B7      	MOVWF      FARG_memset_n+1
0x00F3	0x20A8      	CALL       _memset
;MyProject.c,16 :: 		}
L_end_SendCall:
0x00F4	0x0008      	RETURN
; end of _SendCall
___CC2DW:
;__Lib_System.c,134 :: 		
;__Lib_System.c,137 :: 		
_CC2D_Loop1:
;__Lib_System.c,139 :: 		
0x00F5	0x2065      	CALL       _____DoICP
0x00F6	0x118A      	BCF        PCLATH, 3
0x00F7	0x120A      	BCF        PCLATH, 4
;__Lib_System.c,141 :: 		
0x00F8	0x0080      	MOVWF      INDF
;__Lib_System.c,142 :: 		
0x00F9	0x0A84      	INCF       FSR, 1
;__Lib_System.c,143 :: 		
0x00FA	0x0AB1      	INCF       ___DoICPAddr, 1
;__Lib_System.c,145 :: 		
0x00FB	0x1903      	BTFSC      STATUS, 2
;__Lib_System.c,146 :: 		
0x00FC	0x0AB2      	INCF       ___DoICPAddr+1, 1
;__Lib_System.c,147 :: 		
0x00FD	0x03F0      	DECF       R0, 1
;__Lib_System.c,149 :: 		
0x00FE	0x1D03      	BTFSS      STATUS, 2
;__Lib_System.c,150 :: 		
0x00FF	0x28F5      	GOTO       _CC2D_Loop1
;__Lib_System.c,152 :: 		
L_end___CC2DW:
0x0100	0x0008      	RETURN
; end of ___CC2DW
_main:
0x0101	0x3041      	MOVLW      65
0x0102	0x1283      	BCF        STATUS, 5
0x0103	0x1303      	BCF        STATUS, 6
0x0104	0x00A0      	MOVWF      ?lstr2_MyProject
0x0105	0x3054      	MOVLW      84
0x0106	0x00A1      	MOVWF      33
0x0107	0x3044      	MOVLW      68
0x0108	0x00A2      	MOVWF      34
0x0109	0x01A3      	CLRF       35
0x010A	0x3030      	MOVLW      48
0x010B	0x00A4      	MOVWF      ?lstr6_MyProject
0x010C	0x3037      	MOVLW      55
0x010D	0x00A5      	MOVWF      37
0x010E	0x3037      	MOVLW      55
0x010F	0x00A6      	MOVWF      38
0x0110	0x3032      	MOVLW      50
0x0111	0x00A7      	MOVWF      39
0x0112	0x3032      	MOVLW      50
0x0113	0x00A8      	MOVWF      40
0x0114	0x3034      	MOVLW      52
0x0115	0x00A9      	MOVWF      41
0x0116	0x3033      	MOVLW      51
0x0117	0x00AA      	MOVWF      42
0x0118	0x3033      	MOVLW      51
0x0119	0x00AB      	MOVWF      43
0x011A	0x3032      	MOVLW      50
0x011B	0x00AC      	MOVWF      44
0x011C	0x3030      	MOVLW      48
0x011D	0x00AD      	MOVWF      45
0x011E	0x01AE      	CLRF       46
0x011F	0x303B      	MOVLW      59
0x0120	0x00AF      	MOVWF      ?lstr3_MyProject
0x0121	0x01B0      	CLRF       48
;MyProject.c,29 :: 		void main()
;MyProject.c,31 :: 		TRISb=0xff;
0x0122	0x30FF      	MOVLW      255
0x0123	0x1683      	BSF        STATUS, 5
0x0124	0x0086      	MOVWF      TRISB
;MyProject.c,33 :: 		TRISd=0x00;
0x0125	0x0188      	CLRF       TRISD
;MyProject.c,34 :: 		portd=0x00;
0x0126	0x1283      	BCF        STATUS, 5
0x0127	0x0188      	CLRF       PORTD
;MyProject.c,35 :: 		UART1_Init(9600);
0x0128	0x3033      	MOVLW      51
0x0129	0x1683      	BSF        STATUS, 5
0x012A	0x0099      	MOVWF      SPBRG
0x012B	0x1518      	BSF        TXSTA, 2
0x012C	0x20C1      	CALL       _UART1_Init
;MyProject.c,36 :: 		Delay_ms(100);
0x012D	0x3002      	MOVLW      2
0x012E	0x00FB      	MOVWF      R11
0x012F	0x3004      	MOVLW      4
0x0130	0x00FC      	MOVWF      R12
0x0131	0x30BA      	MOVLW      186
0x0132	0x00FD      	MOVWF      R13
L_main1:
0x0133	0x0BFD      	DECFSZ     R13, 1
0x0134	0x2933      	GOTO       L_main1
0x0135	0x0BFC      	DECFSZ     R12, 1
0x0136	0x2933      	GOTO       L_main1
0x0137	0x0BFB      	DECFSZ     R11, 1
0x0138	0x2933      	GOTO       L_main1
0x0139	0x0000      	NOP
;MyProject.c,38 :: 		while (1)
L_main2:
;MyProject.c,40 :: 		if (portb.f0==1)
0x013A	0x1C06      	BTFSS      PORTB, 0
0x013B	0x294F      	GOTO       L_main4
;MyProject.c,42 :: 		SendCall("0772243320");
0x013C	0x3024      	MOVLW      ?lstr6_MyProject
0x013D	0x00B3      	MOVWF      FARG_SendCall_number
0x013E	0x20D1      	CALL       _SendCall
;MyProject.c,43 :: 		portd.f0=1;
0x013F	0x1408      	BSF        PORTD, 0
;MyProject.c,44 :: 		delay_ms(1000);
0x0140	0x300B      	MOVLW      11
0x0141	0x00FB      	MOVWF      R11
0x0142	0x3026      	MOVLW      38
0x0143	0x00FC      	MOVWF      R12
0x0144	0x305D      	MOVLW      93
0x0145	0x00FD      	MOVWF      R13
L_main5:
0x0146	0x0BFD      	DECFSZ     R13, 1
0x0147	0x2946      	GOTO       L_main5
0x0148	0x0BFC      	DECFSZ     R12, 1
0x0149	0x2946      	GOTO       L_main5
0x014A	0x0BFB      	DECFSZ     R11, 1
0x014B	0x2946      	GOTO       L_main5
0x014C	0x0000      	NOP
0x014D	0x0000      	NOP
;MyProject.c,45 :: 		}  else
0x014E	0x2950      	GOTO       L_main6
L_main4:
;MyProject.c,47 :: 		portd.f0=0;
0x014F	0x1008      	BCF        PORTD, 0
;MyProject.c,48 :: 		}
L_main6:
;MyProject.c,49 :: 		}
0x0150	0x293A      	GOTO       L_main2
;MyProject.c,50 :: 		}
L_end_main:
0x0151	0x2951      	GOTO       $+0
; end of _main
Symbol List:
//** Routines locations **
//ADDRESS    SIZE    PROCEDURE
//----------------------------------------------
0x0003      [22]    _strlen
0x0019      [10]    _UART1_Write
0x0023      [22]    _UART1_Write_Text
0x0039      [44]    _Ltrim
0x0065       [7]    _____DoICP
0x006C      [34]    _strcat
0x008E      [26]    _Rtrim
0x00A8      [25]    _memset
0x00C1      [16]    _UART1_Init
0x00D1      [36]    _SendCall
0x00F5      [12]    ___CC2DW
0x0101      [81]    _main
//** Variables locations ** 
//ADDRESS    SIZE    VARIABLE
//----------------------------------------------
0x0000       [1]    INDF
0x0002       [1]    PCL
0x0003       [1]    STATUS
0x0004       [1]    FSR
0x0006       [1]    PORTB
0x0008       [1]    PORTD
0x000A       [1]    PCLATH
0x000C       [1]    PIR1
0x0018       [1]    RCSTA
0x0019       [1]    TXREG
0x001A       [1]    RCREG
0x0020       [4]    ?lstr2_MyProject
0x0024      [11]    ?lstr6_MyProject
0x002F       [2]    ?lstr3_MyProject
0x0031       [2]    ___DoICPAddr
0x0033       [1]    FARG_SendCall_number
0x0034       [1]    FARG_Rtrim_string
0x0034       [1]    FARG_strcat_to
0x0034       [1]    FARG_UART1_Write_Text_uart_text
0x0034       [1]    FARG_memset_p1
0x0034       [1]    FARG_Ltrim_string
0x0035       [2]    Ltrim_trimmed_L0
0x0035       [1]    UART1_Write_Text_data__L0
0x0035       [1]    FARG_strcat_from
0x0035       [1]    Rtrim_original_L0
0x0035       [1]    FARG_memset_character
0x0036       [1]    UART1_Write_Text_counter_L0
0x0036       [2]    FARG_memset_n
0x0038       [1]    FARG_UART1_Write_data_
0x0038       [1]    FARG_strlen_s
0x0070       [1]    R0
0x0071       [1]    R1
0x0072       [1]    R2
0x0073       [1]    R3
0x0074       [1]    R4
0x0075       [1]    R5
0x0076       [1]    R6
0x0077       [1]    R7
0x0078       [1]    R8
0x0079       [1]    R9
0x007A       [1]    R10
0x007B       [1]    R11
0x007C       [1]    R12
0x007D       [1]    R13
0x007E       [1]    R14
0x007F       [1]    R15
0x0086       [1]    TRISB
0x0087       [0]    TRISC7_bit
0x0087       [0]    TRISC6_bit
0x0088       [1]    TRISD
0x0098       [1]    TXSTA
0x0099       [1]    SPBRG
