;  LST file generated by mikroListExporter - v.2.0 
; Date/Time: 04/02/16 2:54:16 PM
;----------------------------------------------

;Address Opcode 	ASM
0x0000	0x28E1      	GOTO       225
_UART1_Write:
;__Lib_UART_c67.c,39 :: 		
;__Lib_UART_c67.c,40 :: 		
L_UART1_Write3:
0x0003	0x1683      	BSF        STATUS, 5
0x0004	0x1303      	BCF        STATUS, 6
0x0005	0x1898      	BTFSC      TXSTA, 1
0x0006	0x2809      	GOTO       L_UART1_Write4
;__Lib_UART_c67.c,41 :: 		
0x0007	0x0000      	NOP
0x0008	0x2803      	GOTO       L_UART1_Write3
L_UART1_Write4:
;__Lib_UART_c67.c,42 :: 		
0x0009	0x1283      	BCF        STATUS, 5
0x000A	0x0839      	MOVF       FARG_UART1_Write_data_, 0
0x000B	0x0099      	MOVWF      TXREG
;__Lib_UART_c67.c,43 :: 		
L_end_UART1_Write:
0x000C	0x0008      	RETURN
; end of _UART1_Write
_____DoICP:
;__Lib_System.c,6 :: 		
;__Lib_System.c,9 :: 		
0x000D	0x1283      	BCF        STATUS, 5
0x000E	0x1303      	BCF        STATUS, 6
0x000F	0x0821      	MOVF       ___DoICPAddr+1, 0
0x0010	0x008A      	MOVWF      PCLATH
;__Lib_System.c,10 :: 		
0x0011	0x0820      	MOVF       ___DoICPAddr, 0
0x0012	0x0082      	MOVWF      PCL
;__Lib_System.c,12 :: 		
L_end_____DoICP:
0x0013	0x0008      	RETURN
; end of _____DoICP
_Div_16X16_U:
;__Lib_Math.c,215 :: 		
;__Lib_Math.c,222 :: 		
0x0014	0x1283      	BCF        STATUS, 5
;__Lib_Math.c,223 :: 		
0x0015	0x1303      	BCF        STATUS, 6
;__Lib_Math.c,224 :: 		
0x0016	0x01F8      	CLRF       R8
;__Lib_Math.c,225 :: 		
0x0017	0x01F9      	CLRF       R9
;__Lib_Math.c,226 :: 		
0x0018	0x3010      	MOVLW      16
;__Lib_Math.c,227 :: 		
0x0019	0x00FC      	MOVWF      R12
;__Lib_Math.c,228 :: 		
0x001A	0x0D71      	RLF        R1, 0
;__Lib_Math.c,229 :: 		
0x001B	0x0DF8      	RLF        R8, 1
;__Lib_Math.c,230 :: 		
0x001C	0x0DF9      	RLF        R9, 1
;__Lib_Math.c,231 :: 		
0x001D	0x0874      	MOVF       R4, 0
;__Lib_Math.c,232 :: 		
0x001E	0x02F8      	SUBWF      R8, 1
;__Lib_Math.c,233 :: 		
0x001F	0x0875      	MOVF       R5, 0
;__Lib_Math.c,234 :: 		
0x0020	0x1C03      	BTFSS      STATUS, 0
;__Lib_Math.c,235 :: 		
0x0021	0x0F75      	INCFSZ     R5, 0
;__Lib_Math.c,236 :: 		
0x0022	0x02F9      	SUBWF      R9, 1
;__Lib_Math.c,237 :: 		
0x0023	0x1803      	BTFSC      STATUS, 0
;__Lib_Math.c,238 :: 		
0x0024	0x282C      	GOTO       $+8
;__Lib_Math.c,239 :: 		
0x0025	0x0874      	MOVF       R4, 0
;__Lib_Math.c,240 :: 		
0x0026	0x07F8      	ADDWF      R8, 1
;__Lib_Math.c,241 :: 		
0x0027	0x0875      	MOVF       R5, 0
;__Lib_Math.c,242 :: 		
0x0028	0x1803      	BTFSC      STATUS, 0
;__Lib_Math.c,243 :: 		
0x0029	0x0F75      	INCFSZ     R5, 0
;__Lib_Math.c,244 :: 		
0x002A	0x07F9      	ADDWF      R9, 1
;__Lib_Math.c,245 :: 		
0x002B	0x1003      	BCF        STATUS, 0
;__Lib_Math.c,246 :: 		
0x002C	0x0DF0      	RLF        R0, 1
;__Lib_Math.c,247 :: 		
0x002D	0x0DF1      	RLF        R1, 1
;__Lib_Math.c,248 :: 		
0x002E	0x0BFC      	DECFSZ     R12, 1
;__Lib_Math.c,249 :: 		
0x002F	0x281A      	GOTO       $-21
;__Lib_Math.c,251 :: 		
L_end_Div_16X16_U:
0x0030	0x0008      	RETURN
; end of _Div_16X16_U
_Delay_22us:
;__Lib_Delays.c,15 :: 		void Delay_22us() {
;__Lib_Delays.c,16 :: 		Delay_us(22);
0x0031	0x300E      	MOVLW      14
0x0032	0x1283      	BCF        STATUS, 5
0x0033	0x1303      	BCF        STATUS, 6
0x0034	0x00FD      	MOVWF      R13
L_Delay_22us1:
0x0035	0x0BFD      	DECFSZ     R13, 1
0x0036	0x2835      	GOTO       L_Delay_22us1
0x0037	0x0000      	NOP
;__Lib_Delays.c,17 :: 		}
L_end_Delay_22us:
0x0038	0x0008      	RETURN
; end of _Delay_22us
_UART1_Read:
;__Lib_UART_c67.c,21 :: 		
;__Lib_UART_c67.c,24 :: 		
0x0039	0x1283      	BCF        STATUS, 5
0x003A	0x1303      	BCF        STATUS, 6
0x003B	0x081A      	MOVF       RCREG, 0
0x003C	0x00F1      	MOVWF      R1
;__Lib_UART_c67.c,25 :: 		
0x003D	0x1C98      	BTFSS      RCSTA, 1
0x003E	0x2841      	GOTO       L_UART1_Read2
;__Lib_UART_c67.c,26 :: 		
0x003F	0x1218      	BCF        RCSTA, 4
;__Lib_UART_c67.c,27 :: 		
0x0040	0x1618      	BSF        RCSTA, 4
;__Lib_UART_c67.c,28 :: 		
L_UART1_Read2:
;__Lib_UART_c67.c,29 :: 		
0x0041	0x0871      	MOVF       R1, 0
0x0042	0x00F0      	MOVWF      R0
;__Lib_UART_c67.c,30 :: 		
L_end_UART1_Read:
0x0043	0x0008      	RETURN
; end of _UART1_Read
_WordToStr:
;__Lib_Conversions.c,84 :: 		
;__Lib_Conversions.c,89 :: 		
0x0044	0x1283      	BCF        STATUS, 5
0x0045	0x1303      	BCF        STATUS, 6
0x0046	0x01B7      	CLRF       WordToStr_len_L0
L_WordToStr6:
0x0047	0x3005      	MOVLW      5
0x0048	0x0237      	SUBWF      WordToStr_len_L0, 0
0x0049	0x1803      	BTFSC      STATUS, 0
0x004A	0x2852      	GOTO       L_WordToStr7
;__Lib_Conversions.c,90 :: 		
0x004B	0x0837      	MOVF       WordToStr_len_L0, 0
0x004C	0x0736      	ADDWF      FARG_WordToStr_output, 0
0x004D	0x0084      	MOVWF      FSR
0x004E	0x3020      	MOVLW      32
0x004F	0x0080      	MOVWF      INDF
;__Lib_Conversions.c,89 :: 		
0x0050	0x0AB7      	INCF       WordToStr_len_L0, 1
;__Lib_Conversions.c,90 :: 		
0x0051	0x2847      	GOTO       L_WordToStr6
L_WordToStr7:
;__Lib_Conversions.c,91 :: 		
0x0052	0x0837      	MOVF       WordToStr_len_L0, 0
0x0053	0x0736      	ADDWF      FARG_WordToStr_output, 0
0x0054	0x0084      	MOVWF      FSR
0x0055	0x0180      	CLRF       INDF
0x0056	0x03B7      	DECF       WordToStr_len_L0, 1
;__Lib_Conversions.c,93 :: 		
L_WordToStr9:
;__Lib_Conversions.c,94 :: 		
0x0057	0x0837      	MOVF       WordToStr_len_L0, 0
0x0058	0x0736      	ADDWF      FARG_WordToStr_output, 0
0x0059	0x00B8      	MOVWF      FLOC__WordToStr
0x005A	0x300A      	MOVLW      10
0x005B	0x00F4      	MOVWF      R4
0x005C	0x01F5      	CLRF       R4+1
0x005D	0x0834      	MOVF       FARG_WordToStr_input, 0
0x005E	0x00F0      	MOVWF      R0
0x005F	0x0835      	MOVF       FARG_WordToStr_input+1, 0
0x0060	0x00F1      	MOVWF      R0+1
0x0061	0x2014      	CALL       _Div_16X16_U
0x0062	0x0878      	MOVF       R8, 0
0x0063	0x00F0      	MOVWF      R0
0x0064	0x0879      	MOVF       R8+1, 0
0x0065	0x00F1      	MOVWF      R0+1
0x0066	0x3030      	MOVLW      48
0x0067	0x07F0      	ADDWF      R0, 1
0x0068	0x0838      	MOVF       FLOC__WordToStr, 0
0x0069	0x0084      	MOVWF      FSR
0x006A	0x0870      	MOVF       R0, 0
0x006B	0x0080      	MOVWF      INDF
;__Lib_Conversions.c,95 :: 		
0x006C	0x300A      	MOVLW      10
0x006D	0x00F4      	MOVWF      R4
0x006E	0x01F5      	CLRF       R4+1
0x006F	0x0834      	MOVF       FARG_WordToStr_input, 0
0x0070	0x00F0      	MOVWF      R0
0x0071	0x0835      	MOVF       FARG_WordToStr_input+1, 0
0x0072	0x00F1      	MOVWF      R0+1
0x0073	0x2014      	CALL       _Div_16X16_U
0x0074	0x0870      	MOVF       R0, 0
0x0075	0x00B4      	MOVWF      FARG_WordToStr_input
0x0076	0x0871      	MOVF       R0+1, 0
0x0077	0x00B5      	MOVWF      FARG_WordToStr_input+1
;__Lib_Conversions.c,96 :: 		
0x0078	0x3000      	MOVLW      0
0x0079	0x0671      	XORWF      R0+1, 0
0x007A	0x1D03      	BTFSS      STATUS, 2
0x007B	0x287E      	GOTO       L__WordToStr109
0x007C	0x3000      	MOVLW      0
0x007D	0x0670      	XORWF      R0, 0
L__WordToStr109:
0x007E	0x1D03      	BTFSS      STATUS, 2
0x007F	0x2881      	GOTO       L_WordToStr11
;__Lib_Conversions.c,97 :: 		
0x0080	0x2883      	GOTO       L_WordToStr10
L_WordToStr11:
;__Lib_Conversions.c,98 :: 		
0x0081	0x03B7      	DECF       WordToStr_len_L0, 1
;__Lib_Conversions.c,99 :: 		
0x0082	0x2857      	GOTO       L_WordToStr9
L_WordToStr10:
;__Lib_Conversions.c,100 :: 		
L_end_WordToStr:
0x0083	0x0008      	RETURN
; end of _WordToStr
_ADC_Read:
;__Lib_ADC_A_C.c,45 :: 		
;__Lib_ADC_A_C.c,47 :: 		
0x0084	0x1283      	BCF        STATUS, 5
0x0085	0x1303      	BCF        STATUS, 6
0x0086	0x019F      	CLRF       ADCON0
;__Lib_ADC_A_C.c,48 :: 		
0x0087	0x30C0      	MOVLW      192
0x0088	0x049F      	IORWF      ADCON0, 1
;__Lib_ADC_A_C.c,49 :: 		
0x0089	0x1683      	BSF        STATUS, 5
0x008A	0x171F      	BSF        ADCON1, 6
;__Lib_ADC_A_C.c,50 :: 		
0x008B	0x179F      	BSF        ADCON1, 7
;__Lib_ADC_A_C.c,51 :: 		
0x008C	0x1283      	BCF        STATUS, 5
0x008D	0x0834      	MOVF       FARG_ADC_Read_channel, 0
0x008E	0x00F0      	MOVWF      R0
0x008F	0x0DF0      	RLF        R0, 1
0x0090	0x1070      	BCF        R0, 0
0x0091	0x0DF0      	RLF        R0, 1
0x0092	0x1070      	BCF        R0, 0
0x0093	0x0DF0      	RLF        R0, 1
0x0094	0x1070      	BCF        R0, 0
0x0095	0x0870      	MOVF       R0, 0
0x0096	0x049F      	IORWF      ADCON0, 1
;__Lib_ADC_A_C.c,54 :: 		
0x0097	0x141F      	BSF        ADCON0, 0
;__Lib_ADC_A_C.c,57 :: 		
0x0098	0x2031      	CALL       _Delay_22us
;__Lib_ADC_A_C.c,60 :: 		
0x0099	0x151F      	BSF        ADCON0, 2
;__Lib_ADC_A_C.c,63 :: 		
L_ADC_Read2:
0x009A	0x1D1F      	BTFSS      ADCON0, 2
0x009B	0x289E      	GOTO       L_ADC_Read3
;__Lib_ADC_A_C.c,64 :: 		
0x009C	0x0000      	NOP
0x009D	0x289A      	GOTO       L_ADC_Read2
L_ADC_Read3:
;__Lib_ADC_A_C.c,67 :: 		
0x009E	0x101F      	BCF        ADCON0, 0
;__Lib_ADC_A_C.c,70 :: 		
0x009F	0x081E      	MOVF       ADRESH, 0
0x00A0	0x00F1      	MOVWF      R0+1
0x00A1	0x01F0      	CLRF       R0
0x00A2	0x1683      	BSF        STATUS, 5
0x00A3	0x081E      	MOVF       ADRESL, 0
0x00A4	0x04F0      	IORWF      R0, 1
0x00A5	0x3000      	MOVLW      0
0x00A6	0x04F1      	IORWF      R0+1, 1
;__Lib_ADC_A_C.c,71 :: 		
L_end_ADC_Read:
0x00A7	0x0008      	RETURN
; end of _ADC_Read
_UART1_Data_Ready:
;__Lib_UART_c67.c,16 :: 		
;__Lib_UART_c67.c,17 :: 		
0x00A8	0x3000      	MOVLW      0
0x00A9	0x1283      	BCF        STATUS, 5
0x00AA	0x1303      	BCF        STATUS, 6
0x00AB	0x1A8C      	BTFSC      PIR1, 5
0x00AC	0x3001      	MOVLW      1
0x00AD	0x00F0      	MOVWF      R0
;__Lib_UART_c67.c,18 :: 		
L_end_UART1_Data_Ready:
0x00AE	0x0008      	RETURN
; end of _UART1_Data_Ready
___CC2DW:
;__Lib_System.c,134 :: 		
;__Lib_System.c,137 :: 		
_CC2D_Loop1:
;__Lib_System.c,139 :: 		
0x00AF	0x200D      	CALL       _____DoICP
0x00B0	0x118A      	BCF        PCLATH, 3
0x00B1	0x120A      	BCF        PCLATH, 4
;__Lib_System.c,141 :: 		
0x00B2	0x0080      	MOVWF      INDF
;__Lib_System.c,142 :: 		
0x00B3	0x0A84      	INCF       FSR, 1
;__Lib_System.c,143 :: 		
0x00B4	0x0AA0      	INCF       ___DoICPAddr, 1
;__Lib_System.c,145 :: 		
0x00B5	0x1903      	BTFSC      STATUS, 2
;__Lib_System.c,146 :: 		
0x00B6	0x0AA1      	INCF       ___DoICPAddr+1, 1
;__Lib_System.c,147 :: 		
0x00B7	0x03F0      	DECF       R0, 1
;__Lib_System.c,149 :: 		
0x00B8	0x1D03      	BTFSS      STATUS, 2
;__Lib_System.c,150 :: 		
0x00B9	0x28AF      	GOTO       _CC2D_Loop1
;__Lib_System.c,152 :: 		
L_end___CC2DW:
0x00BA	0x0008      	RETURN
; end of ___CC2DW
_UART1_Write_Text:
;__Lib_UART_c67.c,47 :: 		
;__Lib_UART_c67.c,48 :: 		
0x00BB	0x1283      	BCF        STATUS, 5
0x00BC	0x1303      	BCF        STATUS, 6
0x00BD	0x01B6      	CLRF       UART1_Write_Text_counter_L0
;__Lib_UART_c67.c,50 :: 		
0x00BE	0x0834      	MOVF       FARG_UART1_Write_Text_uart_text, 0
0x00BF	0x0084      	MOVWF      FSR
0x00C0	0x0800      	MOVF       INDF, 0
0x00C1	0x00B5      	MOVWF      UART1_Write_Text_data__L0
;__Lib_UART_c67.c,51 :: 		
L_UART1_Write_Text5:
0x00C2	0x0835      	MOVF       UART1_Write_Text_data__L0, 0
0x00C3	0x3A00      	XORLW      0
0x00C4	0x1903      	BTFSC      STATUS, 2
0x00C5	0x28D0      	GOTO       L_UART1_Write_Text6
;__Lib_UART_c67.c,52 :: 		
0x00C6	0x0835      	MOVF       UART1_Write_Text_data__L0, 0
0x00C7	0x00B9      	MOVWF      FARG_UART1_Write_data_
0x00C8	0x2003      	CALL       _UART1_Write
;__Lib_UART_c67.c,53 :: 		
0x00C9	0x0AB6      	INCF       UART1_Write_Text_counter_L0, 1
;__Lib_UART_c67.c,54 :: 		
0x00CA	0x0836      	MOVF       UART1_Write_Text_counter_L0, 0
0x00CB	0x0734      	ADDWF      FARG_UART1_Write_Text_uart_text, 0
0x00CC	0x0084      	MOVWF      FSR
0x00CD	0x0800      	MOVF       INDF, 0
0x00CE	0x00B5      	MOVWF      UART1_Write_Text_data__L0
;__Lib_UART_c67.c,55 :: 		
0x00CF	0x28C2      	GOTO       L_UART1_Write_Text5
L_UART1_Write_Text6:
;__Lib_UART_c67.c,56 :: 		
L_end_UART1_Write_Text:
0x00D0	0x0008      	RETURN
; end of _UART1_Write_Text
_UART1_Init:
;__Lib_UART_c67.c,2 :: 		
;__Lib_UART_c67.c,5 :: 		
0x00D1	0x1683      	BSF        STATUS, 5
0x00D2	0x1303      	BCF        STATUS, 6
0x00D3	0x1698      	BSF        TXSTA, 5
;__Lib_UART_c67.c,6 :: 		
0x00D4	0x3090      	MOVLW      144
0x00D5	0x1283      	BCF        STATUS, 5
0x00D6	0x0098      	MOVWF      RCSTA
;__Lib_UART_c67.c,7 :: 		
0x00D7	0x1683      	BSF        STATUS, 5
0x00D8	0x1787      	BSF        TRISC7_bit, BitPos(TRISC7_bit+0)
;__Lib_UART_c67.c,8 :: 		
0x00D9	0x1307      	BCF        TRISC6_bit, BitPos(TRISC6_bit+0)
;__Lib_UART_c67.c,10 :: 		
L_UART1_Init0:
0x00DA	0x1283      	BCF        STATUS, 5
0x00DB	0x1E8C      	BTFSS      PIR1, 5
0x00DC	0x28E0      	GOTO       L_UART1_Init1
;__Lib_UART_c67.c,11 :: 		
0x00DD	0x081A      	MOVF       RCREG, 0
0x00DE	0x00F0      	MOVWF      R0
0x00DF	0x28DA      	GOTO       L_UART1_Init0
L_UART1_Init1:
;__Lib_UART_c67.c,12 :: 		
L_end_UART1_Init:
0x00E0	0x0008      	RETURN
; end of _UART1_Init
_main:
;blue 1.c,4 :: 		void main()
;blue 1.c,7 :: 		ADCON1=0b0000000;
0x00E1	0x1683      	BSF        STATUS, 5
0x00E2	0x1303      	BCF        STATUS, 6
0x00E3	0x019F      	CLRF       ADCON1
;blue 1.c,8 :: 		TRISd=0x00;
0x00E4	0x0188      	CLRF       TRISD
;blue 1.c,9 :: 		portd=0x00;
0x00E5	0x1283      	BCF        STATUS, 5
0x00E6	0x0188      	CLRF       PORTD
;blue 1.c,10 :: 		UART1_Init(9600);
0x00E7	0x3033      	MOVLW      51
0x00E8	0x1683      	BSF        STATUS, 5
0x00E9	0x0099      	MOVWF      SPBRG
0x00EA	0x1518      	BSF        TXSTA, 2
0x00EB	0x20D1      	CALL       _UART1_Init
;blue 1.c,11 :: 		Delay_ms(100);
0x00EC	0x3002      	MOVLW      2
0x00ED	0x00FB      	MOVWF      R11
0x00EE	0x3004      	MOVLW      4
0x00EF	0x00FC      	MOVWF      R12
0x00F0	0x30BA      	MOVLW      186
0x00F1	0x00FD      	MOVWF      R13
L_main0:
0x00F2	0x0BFD      	DECFSZ     R13, 1
0x00F3	0x28F2      	GOTO       L_main0
0x00F4	0x0BFC      	DECFSZ     R12, 1
0x00F5	0x28F2      	GOTO       L_main0
0x00F6	0x0BFB      	DECFSZ     R11, 1
0x00F7	0x28F2      	GOTO       L_main0
0x00F8	0x0000      	NOP
;blue 1.c,13 :: 		while (1)
L_main1:
;blue 1.c,15 :: 		if (UART1_Data_Ready()==1)
0x00F9	0x20A8      	CALL       _UART1_Data_Ready
0x00FA	0x0870      	MOVF       R0, 0
0x00FB	0x3A01      	XORLW      1
0x00FC	0x1D03      	BTFSS      STATUS, 2
0x00FD	0x292A      	GOTO       L_main3
;blue 1.c,17 :: 		uart_rd =  UART1_Read();
0x00FE	0x2039      	CALL       _UART1_Read
0x00FF	0x0870      	MOVF       R0, 0
0x0100	0x00B3      	MOVWF      _uart_rd
;blue 1.c,18 :: 		if (uart_rd=='t')
0x0101	0x0870      	MOVF       R0, 0
0x0102	0x3A74      	XORLW      116
0x0103	0x1D03      	BTFSS      STATUS, 2
0x0104	0x2915      	GOTO       L_main4
;blue 1.c,19 :: 		{     value=0;
0x0105	0x01B1      	CLRF       _value
0x0106	0x01B2      	CLRF       _value+1
;blue 1.c,20 :: 		value = ADC_Read(0);
0x0107	0x01B4      	CLRF       FARG_ADC_Read_channel
0x0108	0x2084      	CALL       _ADC_Read
0x0109	0x0870      	MOVF       R0, 0
0x010A	0x1283      	BCF        STATUS, 5
0x010B	0x00B1      	MOVWF      _value
0x010C	0x0871      	MOVF       R0+1, 0
0x010D	0x00B2      	MOVWF      _value+1
;blue 1.c,21 :: 		value= value/2;
0x010E	0x0870      	MOVF       R0, 0
0x010F	0x00B1      	MOVWF      _value
0x0110	0x0871      	MOVF       R0+1, 0
0x0111	0x00B2      	MOVWF      _value+1
0x0112	0x0CB2      	RRF        _value+1, 1
0x0113	0x0CB1      	RRF        _value, 1
0x0114	0x13B2      	BCF        _value+1, 7
;blue 1.c,22 :: 		}
L_main4:
;blue 1.c,23 :: 		if (uart_rd=='a')
0x0115	0x0833      	MOVF       _uart_rd, 0
0x0116	0x3A61      	XORLW      97
0x0117	0x1D03      	BTFSS      STATUS, 2
0x0118	0x291A      	GOTO       L_main5
;blue 1.c,25 :: 		portd.f0=1;
0x0119	0x1408      	BSF        PORTD, 0
;blue 1.c,26 :: 		}
L_main5:
;blue 1.c,27 :: 		if (uart_rd=='A')
0x011A	0x0833      	MOVF       _uart_rd, 0
0x011B	0x3A41      	XORLW      65
0x011C	0x1D03      	BTFSS      STATUS, 2
0x011D	0x291F      	GOTO       L_main6
;blue 1.c,29 :: 		portd.f0=0;
0x011E	0x1008      	BCF        PORTD, 0
;blue 1.c,30 :: 		}
L_main6:
;blue 1.c,31 :: 		WordToStr(value,txt);
0x011F	0x0831      	MOVF       _value, 0
0x0120	0x00B4      	MOVWF      FARG_WordToStr_input
0x0121	0x0832      	MOVF       _value+1, 0
0x0122	0x00B5      	MOVWF      FARG_WordToStr_input+1
0x0123	0x3022      	MOVLW      _txt
0x0124	0x00B6      	MOVWF      FARG_WordToStr_output
0x0125	0x2044      	CALL       _WordToStr
;blue 1.c,32 :: 		UART1_Write_Text(txt);
0x0126	0x3022      	MOVLW      _txt
0x0127	0x00B4      	MOVWF      FARG_UART1_Write_Text_uart_text
0x0128	0x20BB      	CALL       _UART1_Write_Text
;blue 1.c,33 :: 		uart_rd=0;
0x0129	0x01B3      	CLRF       _uart_rd
;blue 1.c,34 :: 		}
L_main3:
;blue 1.c,35 :: 		}
0x012A	0x28F9      	GOTO       L_main1
;blue 1.c,36 :: 		}
L_end_main:
0x012B	0x292B      	GOTO       $+0
; end of _main
Symbol List:
//** Routines locations **
//ADDRESS    SIZE    PROCEDURE
//----------------------------------------------
0x0003      [10]    _UART1_Write
0x000D       [7]    _____DoICP
0x0014      [29]    _Div_16X16_U
0x0031       [8]    _Delay_22us
0x0039      [11]    _UART1_Read
0x0044      [64]    _WordToStr
0x0084      [36]    _ADC_Read
0x00A8       [7]    _UART1_Data_Ready
0x00AF      [12]    ___CC2DW
0x00BB      [22]    _UART1_Write_Text
0x00D1      [16]    _UART1_Init
0x00E1      [75]    _main
//** Variables locations ** 
//ADDRESS    SIZE    VARIABLE
//----------------------------------------------
0x0000       [1]    INDF
0x0002       [1]    PCL
0x0003       [1]    STATUS
0x0004       [1]    FSR
0x0008       [1]    PORTD
0x000A       [1]    PCLATH
0x000C       [1]    PIR1
0x0018       [1]    RCSTA
0x0019       [1]    TXREG
0x001A       [1]    RCREG
0x001E       [1]    ADRESH
0x001F       [1]    ADCON0
0x0020       [2]    ___DoICPAddr
0x0022      [15]    _txt
0x0031       [2]    _value
0x0033       [1]    _uart_rd
0x0034       [1]    FARG_UART1_Write_Text_uart_text
0x0034       [1]    FARG_ADC_Read_channel
0x0034       [2]    FARG_WordToStr_input
0x0035       [1]    UART1_Write_Text_data__L0
0x0036       [1]    UART1_Write_Text_counter_L0
0x0036       [1]    FARG_WordToStr_output
0x0037       [1]    WordToStr_len_L0
0x0038       [1]    FLOC__WordToStr
0x0039       [1]    FARG_UART1_Write_data_
0x0070       [1]    R0
0x0071       [1]    R1
0x0072       [1]    R2
0x0073       [1]    R3
0x0074       [1]    R4
0x0075       [1]    R5
0x0076       [1]    R6
0x0077       [1]    R7
0x0078       [1]    R8
0x0079       [1]    R9
0x007A       [1]    R10
0x007B       [1]    R11
0x007C       [1]    R12
0x007D       [1]    R13
0x007E       [1]    R14
0x007F       [1]    R15
0x0087       [0]    TRISC7_bit
0x0087       [0]    TRISC6_bit
0x0088       [1]    TRISD
0x0098       [1]    TXSTA
0x0099       [1]    SPBRG
0x009E       [1]    ADRESL
0x009F       [1]    ADCON1
