;  LST file generated by mikroListExporter - v.2.0 
; Date/Time: 05/14/16 8:18:15 PM
;----------------------------------------------

;Address Opcode 	ASM
0x0000	0x2B80      	GOTO       896
_All25:
;matrix3.c,47 :: 		void All25(int Flag)
;matrix3.c,50 :: 		E_1=Flag; E_2=Flag; E_3=Flag; E_4=Flag; E_5=Flag;
0x0003	0x1283      	BCF        STATUS, 5
0x0004	0x1303      	BCF        STATUS, 6
0x0005	0x1828      	BTFSC      FARG_All25_Flag, 0
0x0006	0x2809      	GOTO       L__All2514
0x0007	0x1009      	BCF        PORTE, 0
0x0008	0x280A      	GOTO       L__All2515
L__All2514:
0x0009	0x1409      	BSF        PORTE, 0
L__All2515:
0x000A	0x1828      	BTFSC      FARG_All25_Flag, 0
0x000B	0x280E      	GOTO       L__All2516
0x000C	0x1089      	BCF        PORTE, 1
0x000D	0x280F      	GOTO       L__All2517
L__All2516:
0x000E	0x1489      	BSF        PORTE, 1
L__All2517:
0x000F	0x1828      	BTFSC      FARG_All25_Flag, 0
0x0010	0x2813      	GOTO       L__All2518
0x0011	0x1109      	BCF        PORTE, 2
0x0012	0x2814      	GOTO       L__All2519
L__All2518:
0x0013	0x1509      	BSF        PORTE, 2
L__All2519:
0x0014	0x1828      	BTFSC      FARG_All25_Flag, 0
0x0015	0x2818      	GOTO       L__All2520
0x0016	0x1288      	BCF        PORTD, 5
0x0017	0x2819      	GOTO       L__All2521
L__All2520:
0x0018	0x1688      	BSF        PORTD, 5
L__All2521:
0x0019	0x1828      	BTFSC      FARG_All25_Flag, 0
0x001A	0x281D      	GOTO       L__All2522
0x001B	0x1308      	BCF        PORTD, 6
0x001C	0x281E      	GOTO       L__All2523
L__All2522:
0x001D	0x1708      	BSF        PORTD, 6
L__All2523:
;matrix3.c,51 :: 		D_1=Flag; D_2=Flag; D_3=Flag; D_4=Flag; D_5=Flag;
0x001E	0x1828      	BTFSC      FARG_All25_Flag, 0
0x001F	0x2822      	GOTO       L__All2524
0x0020	0x1008      	BCF        PORTD, 0
0x0021	0x2823      	GOTO       L__All2525
L__All2524:
0x0022	0x1408      	BSF        PORTD, 0
L__All2525:
0x0023	0x1828      	BTFSC      FARG_All25_Flag, 0
0x0024	0x2827      	GOTO       L__All2526
0x0025	0x1088      	BCF        PORTD, 1
0x0026	0x2828      	GOTO       L__All2527
L__All2526:
0x0027	0x1488      	BSF        PORTD, 1
L__All2527:
0x0028	0x1828      	BTFSC      FARG_All25_Flag, 0
0x0029	0x282C      	GOTO       L__All2528
0x002A	0x1108      	BCF        PORTD, 2
0x002B	0x282D      	GOTO       L__All2529
L__All2528:
0x002C	0x1508      	BSF        PORTD, 2
L__All2529:
0x002D	0x1828      	BTFSC      FARG_All25_Flag, 0
0x002E	0x2831      	GOTO       L__All2530
0x002F	0x1188      	BCF        PORTD, 3
0x0030	0x2832      	GOTO       L__All2531
L__All2530:
0x0031	0x1588      	BSF        PORTD, 3
L__All2531:
0x0032	0x1828      	BTFSC      FARG_All25_Flag, 0
0x0033	0x2836      	GOTO       L__All2532
0x0034	0x1208      	BCF        PORTD, 4
0x0035	0x2837      	GOTO       L__All2533
L__All2532:
0x0036	0x1608      	BSF        PORTD, 4
L__All2533:
;matrix3.c,53 :: 		C_1=Flag; C_2=Flag; C_3=Flag; C_4=Flag; C_5=Flag;
0x0037	0x1828      	BTFSC      FARG_All25_Flag, 0
0x0038	0x283B      	GOTO       L__All2534
0x0039	0x1007      	BCF        PORTC, 0
0x003A	0x283C      	GOTO       L__All2535
L__All2534:
0x003B	0x1407      	BSF        PORTC, 0
L__All2535:
0x003C	0x1828      	BTFSC      FARG_All25_Flag, 0
0x003D	0x2840      	GOTO       L__All2536
0x003E	0x1087      	BCF        PORTC, 1
0x003F	0x2841      	GOTO       L__All2537
L__All2536:
0x0040	0x1487      	BSF        PORTC, 1
L__All2537:
0x0041	0x1828      	BTFSC      FARG_All25_Flag, 0
0x0042	0x2845      	GOTO       L__All2538
0x0043	0x1107      	BCF        PORTC, 2
0x0044	0x2846      	GOTO       L__All2539
L__All2538:
0x0045	0x1507      	BSF        PORTC, 2
L__All2539:
0x0046	0x1828      	BTFSC      FARG_All25_Flag, 0
0x0047	0x284A      	GOTO       L__All2540
0x0048	0x1187      	BCF        PORTC, 3
0x0049	0x284B      	GOTO       L__All2541
L__All2540:
0x004A	0x1587      	BSF        PORTC, 3
L__All2541:
0x004B	0x1828      	BTFSC      FARG_All25_Flag, 0
0x004C	0x284F      	GOTO       L__All2542
0x004D	0x1207      	BCF        PORTC, 4
0x004E	0x2850      	GOTO       L__All2543
L__All2542:
0x004F	0x1607      	BSF        PORTC, 4
L__All2543:
;matrix3.c,55 :: 		B_1=Flag; B_2=Flag; B_3=Flag; B_4=Flag; B_5=Flag;
0x0050	0x1828      	BTFSC      FARG_All25_Flag, 0
0x0051	0x2854      	GOTO       L__All2544
0x0052	0x1006      	BCF        PORTB, 0
0x0053	0x2855      	GOTO       L__All2545
L__All2544:
0x0054	0x1406      	BSF        PORTB, 0
L__All2545:
0x0055	0x1828      	BTFSC      FARG_All25_Flag, 0
0x0056	0x2859      	GOTO       L__All2546
0x0057	0x1086      	BCF        PORTB, 1
0x0058	0x285A      	GOTO       L__All2547
L__All2546:
0x0059	0x1486      	BSF        PORTB, 1
L__All2547:
0x005A	0x1828      	BTFSC      FARG_All25_Flag, 0
0x005B	0x285E      	GOTO       L__All2548
0x005C	0x1106      	BCF        PORTB, 2
0x005D	0x285F      	GOTO       L__All2549
L__All2548:
0x005E	0x1506      	BSF        PORTB, 2
L__All2549:
0x005F	0x1828      	BTFSC      FARG_All25_Flag, 0
0x0060	0x2863      	GOTO       L__All2550
0x0061	0x1186      	BCF        PORTB, 3
0x0062	0x2864      	GOTO       L__All2551
L__All2550:
0x0063	0x1586      	BSF        PORTB, 3
L__All2551:
0x0064	0x1828      	BTFSC      FARG_All25_Flag, 0
0x0065	0x2868      	GOTO       L__All2552
0x0066	0x1206      	BCF        PORTB, 4
0x0067	0x2869      	GOTO       L__All2553
L__All2552:
0x0068	0x1606      	BSF        PORTB, 4
L__All2553:
;matrix3.c,56 :: 		A_1=Flag; A_2=Flag; A_3=Flag; A_4=Flag; A_5=Flag;
0x0069	0x1828      	BTFSC      FARG_All25_Flag, 0
0x006A	0x286D      	GOTO       L__All2554
0x006B	0x1005      	BCF        PORTA, 0
0x006C	0x286E      	GOTO       L__All2555
L__All2554:
0x006D	0x1405      	BSF        PORTA, 0
L__All2555:
0x006E	0x1828      	BTFSC      FARG_All25_Flag, 0
0x006F	0x2872      	GOTO       L__All2556
0x0070	0x1085      	BCF        PORTA, 1
0x0071	0x2873      	GOTO       L__All2557
L__All2556:
0x0072	0x1485      	BSF        PORTA, 1
L__All2557:
0x0073	0x1828      	BTFSC      FARG_All25_Flag, 0
0x0074	0x2877      	GOTO       L__All2558
0x0075	0x1105      	BCF        PORTA, 2
0x0076	0x2878      	GOTO       L__All2559
L__All2558:
0x0077	0x1505      	BSF        PORTA, 2
L__All2559:
0x0078	0x1828      	BTFSC      FARG_All25_Flag, 0
0x0079	0x287C      	GOTO       L__All2560
0x007A	0x1185      	BCF        PORTA, 3
0x007B	0x287D      	GOTO       L__All2561
L__All2560:
0x007C	0x1585      	BSF        PORTA, 3
L__All2561:
0x007D	0x1828      	BTFSC      FARG_All25_Flag, 0
0x007E	0x2881      	GOTO       L__All2562
0x007F	0x1286      	BCF        PORTB, 5
0x0080	0x2882      	GOTO       L__All2563
L__All2562:
0x0081	0x1686      	BSF        PORTB, 5
L__All2563:
;matrix3.c,57 :: 		}
L_end_All25:
0x0082	0x0008      	RETURN
; end of _All25
_Row2:
;matrix3.c,63 :: 		void Row2(int Flag)
;matrix3.c,65 :: 		Row_2=Flag;
0x0083	0x1283      	BCF        STATUS, 5
0x0084	0x1303      	BCF        STATUS, 6
0x0085	0x1826      	BTFSC      FARG_Row2_Flag, 0
0x0086	0x2889      	GOTO       L__Row268
0x0087	0x1287      	BCF        PORTC, 5
0x0088	0x288A      	GOTO       L__Row269
L__Row268:
0x0089	0x1687      	BSF        PORTC, 5
L__Row269:
;matrix3.c,66 :: 		All25(Flag);
0x008A	0x0826      	MOVF       FARG_Row2_Flag, 0
0x008B	0x00A8      	MOVWF      FARG_All25_Flag
0x008C	0x0827      	MOVF       FARG_Row2_Flag+1, 0
0x008D	0x00A9      	MOVWF      FARG_All25_Flag+1
0x008E	0x2003      	CALL       _All25
;matrix3.c,67 :: 		}
L_end_Row2:
0x008F	0x0008      	RETURN
; end of _Row2
_Row5:
;matrix3.c,78 :: 		void Row5(int Flag)
;matrix3.c,80 :: 		Row_5=Flag;
0x0090	0x1283      	BCF        STATUS, 5
0x0091	0x1303      	BCF        STATUS, 6
0x0092	0x1826      	BTFSC      FARG_Row5_Flag, 0
0x0093	0x2896      	GOTO       L__Row577
0x0094	0x1387      	BCF        PORTC, 7
0x0095	0x2897      	GOTO       L__Row578
L__Row577:
0x0096	0x1787      	BSF        PORTC, 7
L__Row578:
;matrix3.c,81 :: 		All25(Flag);
0x0097	0x0826      	MOVF       FARG_Row5_Flag, 0
0x0098	0x00A8      	MOVWF      FARG_All25_Flag
0x0099	0x0827      	MOVF       FARG_Row5_Flag+1, 0
0x009A	0x00A9      	MOVWF      FARG_All25_Flag+1
0x009B	0x2003      	CALL       _All25
;matrix3.c,82 :: 		}
L_end_Row5:
0x009C	0x0008      	RETURN
; end of _Row5
_timer:
;matrix3.c,43 :: 		void timer()
;matrix3.c,45 :: 		delay_ms(250);
0x009D	0x3003      	MOVLW      3
0x009E	0x1283      	BCF        STATUS, 5
0x009F	0x1303      	BCF        STATUS, 6
0x00A0	0x00FB      	MOVWF      R11
0x00A1	0x308A      	MOVLW      138
0x00A2	0x00FC      	MOVWF      R12
0x00A3	0x3055      	MOVLW      85
0x00A4	0x00FD      	MOVWF      R13
L_timer0:
0x00A5	0x0BFD      	DECFSZ     R13, 1
0x00A6	0x28A5      	GOTO       L_timer0
0x00A7	0x0BFC      	DECFSZ     R12, 1
0x00A8	0x28A5      	GOTO       L_timer0
0x00A9	0x0BFB      	DECFSZ     R11, 1
0x00AA	0x28A5      	GOTO       L_timer0
0x00AB	0x0000      	NOP
0x00AC	0x0000      	NOP
;matrix3.c,46 :: 		}
L_end_timer:
0x00AD	0x0008      	RETURN
; end of _timer
_____DoICP:
;__Lib_System.c,6 :: 		
;__Lib_System.c,9 :: 		
0x00AE	0x1283      	BCF        STATUS, 5
0x00AF	0x1303      	BCF        STATUS, 6
0x00B0	0x0825      	MOVF       ___DoICPAddr+1, 0
0x00B1	0x008A      	MOVWF      PCLATH
;__Lib_System.c,10 :: 		
0x00B2	0x0824      	MOVF       ___DoICPAddr, 0
0x00B3	0x0082      	MOVWF      PCL
;__Lib_System.c,12 :: 		
L_end_____DoICP:
0x00B4	0x0008      	RETURN
; end of _____DoICP
_AllRows:
;matrix3.c,83 :: 		void AllRows(int Flag)
;matrix3.c,85 :: 		Row_1=Flag;
0x00B5	0x1283      	BCF        STATUS, 5
0x00B6	0x1303      	BCF        STATUS, 6
0x00B7	0x1826      	BTFSC      FARG_AllRows_Flag, 0
0x00B8	0x28BB      	GOTO       L__AllRows80
0x00B9	0x1388      	BCF        PORTD, 7
0x00BA	0x28BC      	GOTO       L__AllRows81
L__AllRows80:
0x00BB	0x1788      	BSF        PORTD, 7
L__AllRows81:
;matrix3.c,86 :: 		Row_2=Flag;
0x00BC	0x1826      	BTFSC      FARG_AllRows_Flag, 0
0x00BD	0x28C0      	GOTO       L__AllRows82
0x00BE	0x1287      	BCF        PORTC, 5
0x00BF	0x28C1      	GOTO       L__AllRows83
L__AllRows82:
0x00C0	0x1687      	BSF        PORTC, 5
L__AllRows83:
;matrix3.c,87 :: 		Row_3=Flag;
0x00C1	0x1826      	BTFSC      FARG_AllRows_Flag, 0
0x00C2	0x28C5      	GOTO       L__AllRows84
0x00C3	0x1307      	BCF        PORTC, 6
0x00C4	0x28C6      	GOTO       L__AllRows85
L__AllRows84:
0x00C5	0x1707      	BSF        PORTC, 6
L__AllRows85:
;matrix3.c,88 :: 		Row_4=Flag;
0x00C6	0x1826      	BTFSC      FARG_AllRows_Flag, 0
0x00C7	0x28CA      	GOTO       L__AllRows86
0x00C8	0x1285      	BCF        PORTA, 5
0x00C9	0x28CB      	GOTO       L__AllRows87
L__AllRows86:
0x00CA	0x1685      	BSF        PORTA, 5
L__AllRows87:
;matrix3.c,89 :: 		Row_5=Flag;
0x00CB	0x1826      	BTFSC      FARG_AllRows_Flag, 0
0x00CC	0x28CF      	GOTO       L__AllRows88
0x00CD	0x1387      	BCF        PORTC, 7
0x00CE	0x28D0      	GOTO       L__AllRows89
L__AllRows88:
0x00CF	0x1787      	BSF        PORTC, 7
L__AllRows89:
;matrix3.c,90 :: 		}
L_end_AllRows:
0x00D0	0x0008      	RETURN
; end of _AllRows
_Row1:
;matrix3.c,58 :: 		void Row1(int Flag)
;matrix3.c,60 :: 		Row_1=Flag;
0x00D1	0x1283      	BCF        STATUS, 5
0x00D2	0x1303      	BCF        STATUS, 6
0x00D3	0x1826      	BTFSC      FARG_Row1_Flag, 0
0x00D4	0x28D7      	GOTO       L__Row165
0x00D5	0x1388      	BCF        PORTD, 7
0x00D6	0x28D8      	GOTO       L__Row166
L__Row165:
0x00D7	0x1788      	BSF        PORTD, 7
L__Row166:
;matrix3.c,61 :: 		All25(Flag);
0x00D8	0x0826      	MOVF       FARG_Row1_Flag, 0
0x00D9	0x00A8      	MOVWF      FARG_All25_Flag
0x00DA	0x0827      	MOVF       FARG_Row1_Flag+1, 0
0x00DB	0x00A9      	MOVWF      FARG_All25_Flag+1
0x00DC	0x2003      	CALL       _All25
;matrix3.c,62 :: 		}
L_end_Row1:
0x00DD	0x0008      	RETURN
; end of _Row1
_Row4:
;matrix3.c,73 :: 		void Row4(int Flag)
;matrix3.c,75 :: 		Row_4=Flag;
0x00DE	0x1283      	BCF        STATUS, 5
0x00DF	0x1303      	BCF        STATUS, 6
0x00E0	0x1826      	BTFSC      FARG_Row4_Flag, 0
0x00E1	0x28E4      	GOTO       L__Row474
0x00E2	0x1285      	BCF        PORTA, 5
0x00E3	0x28E5      	GOTO       L__Row475
L__Row474:
0x00E4	0x1685      	BSF        PORTA, 5
L__Row475:
;matrix3.c,76 :: 		All25(Flag);
0x00E5	0x0826      	MOVF       FARG_Row4_Flag, 0
0x00E6	0x00A8      	MOVWF      FARG_All25_Flag
0x00E7	0x0827      	MOVF       FARG_Row4_Flag+1, 0
0x00E8	0x00A9      	MOVWF      FARG_All25_Flag+1
0x00E9	0x2003      	CALL       _All25
;matrix3.c,77 :: 		}
L_end_Row4:
0x00EA	0x0008      	RETURN
; end of _Row4
_move3sub1:
;matrix3.c,191 :: 		void move3sub1()
;matrix3.c,193 :: 		Row_1=on;
0x00EB	0x1283      	BCF        STATUS, 5
0x00EC	0x1303      	BCF        STATUS, 6
0x00ED	0x1822      	BTFSC      _on, 0
0x00EE	0x28F1      	GOTO       L__move3sub1143
0x00EF	0x1388      	BCF        PORTD, 7
0x00F0	0x28F2      	GOTO       L__move3sub1144
L__move3sub1143:
0x00F1	0x1788      	BSF        PORTD, 7
L__move3sub1144:
;matrix3.c,194 :: 		delay_ms(50);
0x00F2	0x3082      	MOVLW      130
0x00F3	0x00FC      	MOVWF      R12
0x00F4	0x30DD      	MOVLW      221
0x00F5	0x00FD      	MOVWF      R13
L_move3sub11:
0x00F6	0x0BFD      	DECFSZ     R13, 1
0x00F7	0x28F6      	GOTO       L_move3sub11
0x00F8	0x0BFC      	DECFSZ     R12, 1
0x00F9	0x28F6      	GOTO       L_move3sub11
0x00FA	0x0000      	NOP
0x00FB	0x0000      	NOP
;matrix3.c,195 :: 		Row_1=off;
0x00FC	0x1820      	BTFSC      _off, 0
0x00FD	0x2900      	GOTO       L__move3sub1145
0x00FE	0x1388      	BCF        PORTD, 7
0x00FF	0x2901      	GOTO       L__move3sub1146
L__move3sub1145:
0x0100	0x1788      	BSF        PORTD, 7
L__move3sub1146:
;matrix3.c,196 :: 		Row_2=on;
0x0101	0x1822      	BTFSC      _on, 0
0x0102	0x2905      	GOTO       L__move3sub1147
0x0103	0x1287      	BCF        PORTC, 5
0x0104	0x2906      	GOTO       L__move3sub1148
L__move3sub1147:
0x0105	0x1687      	BSF        PORTC, 5
L__move3sub1148:
;matrix3.c,197 :: 		delay_ms(50);
0x0106	0x3082      	MOVLW      130
0x0107	0x00FC      	MOVWF      R12
0x0108	0x30DD      	MOVLW      221
0x0109	0x00FD      	MOVWF      R13
L_move3sub12:
0x010A	0x0BFD      	DECFSZ     R13, 1
0x010B	0x290A      	GOTO       L_move3sub12
0x010C	0x0BFC      	DECFSZ     R12, 1
0x010D	0x290A      	GOTO       L_move3sub12
0x010E	0x0000      	NOP
0x010F	0x0000      	NOP
;matrix3.c,198 :: 		Row_2=off;
0x0110	0x1820      	BTFSC      _off, 0
0x0111	0x2914      	GOTO       L__move3sub1149
0x0112	0x1287      	BCF        PORTC, 5
0x0113	0x2915      	GOTO       L__move3sub1150
L__move3sub1149:
0x0114	0x1687      	BSF        PORTC, 5
L__move3sub1150:
;matrix3.c,199 :: 		Row_3=on;
0x0115	0x1822      	BTFSC      _on, 0
0x0116	0x2919      	GOTO       L__move3sub1151
0x0117	0x1307      	BCF        PORTC, 6
0x0118	0x291A      	GOTO       L__move3sub1152
L__move3sub1151:
0x0119	0x1707      	BSF        PORTC, 6
L__move3sub1152:
;matrix3.c,200 :: 		delay_ms(50);
0x011A	0x3082      	MOVLW      130
0x011B	0x00FC      	MOVWF      R12
0x011C	0x30DD      	MOVLW      221
0x011D	0x00FD      	MOVWF      R13
L_move3sub13:
0x011E	0x0BFD      	DECFSZ     R13, 1
0x011F	0x291E      	GOTO       L_move3sub13
0x0120	0x0BFC      	DECFSZ     R12, 1
0x0121	0x291E      	GOTO       L_move3sub13
0x0122	0x0000      	NOP
0x0123	0x0000      	NOP
;matrix3.c,201 :: 		Row_3=off;
0x0124	0x1820      	BTFSC      _off, 0
0x0125	0x2928      	GOTO       L__move3sub1153
0x0126	0x1307      	BCF        PORTC, 6
0x0127	0x2929      	GOTO       L__move3sub1154
L__move3sub1153:
0x0128	0x1707      	BSF        PORTC, 6
L__move3sub1154:
;matrix3.c,202 :: 		Row_4=on;
0x0129	0x1822      	BTFSC      _on, 0
0x012A	0x292D      	GOTO       L__move3sub1155
0x012B	0x1285      	BCF        PORTA, 5
0x012C	0x292E      	GOTO       L__move3sub1156
L__move3sub1155:
0x012D	0x1685      	BSF        PORTA, 5
L__move3sub1156:
;matrix3.c,203 :: 		delay_ms(50);
0x012E	0x3082      	MOVLW      130
0x012F	0x00FC      	MOVWF      R12
0x0130	0x30DD      	MOVLW      221
0x0131	0x00FD      	MOVWF      R13
L_move3sub14:
0x0132	0x0BFD      	DECFSZ     R13, 1
0x0133	0x2932      	GOTO       L_move3sub14
0x0134	0x0BFC      	DECFSZ     R12, 1
0x0135	0x2932      	GOTO       L_move3sub14
0x0136	0x0000      	NOP
0x0137	0x0000      	NOP
;matrix3.c,204 :: 		Row_4=off;
0x0138	0x1820      	BTFSC      _off, 0
0x0139	0x293C      	GOTO       L__move3sub1157
0x013A	0x1285      	BCF        PORTA, 5
0x013B	0x293D      	GOTO       L__move3sub1158
L__move3sub1157:
0x013C	0x1685      	BSF        PORTA, 5
L__move3sub1158:
;matrix3.c,205 :: 		Row_5=on;
0x013D	0x1822      	BTFSC      _on, 0
0x013E	0x2941      	GOTO       L__move3sub1159
0x013F	0x1387      	BCF        PORTC, 7
0x0140	0x2942      	GOTO       L__move3sub1160
L__move3sub1159:
0x0141	0x1787      	BSF        PORTC, 7
L__move3sub1160:
;matrix3.c,206 :: 		delay_ms(50);
0x0142	0x3082      	MOVLW      130
0x0143	0x00FC      	MOVWF      R12
0x0144	0x30DD      	MOVLW      221
0x0145	0x00FD      	MOVWF      R13
L_move3sub15:
0x0146	0x0BFD      	DECFSZ     R13, 1
0x0147	0x2946      	GOTO       L_move3sub15
0x0148	0x0BFC      	DECFSZ     R12, 1
0x0149	0x2946      	GOTO       L_move3sub15
0x014A	0x0000      	NOP
0x014B	0x0000      	NOP
;matrix3.c,207 :: 		Row_5=off;
0x014C	0x1820      	BTFSC      _off, 0
0x014D	0x2950      	GOTO       L__move3sub1161
0x014E	0x1387      	BCF        PORTC, 7
0x014F	0x2951      	GOTO       L__move3sub1162
L__move3sub1161:
0x0150	0x1787      	BSF        PORTC, 7
L__move3sub1162:
;matrix3.c,208 :: 		Row_4=on;
0x0151	0x1822      	BTFSC      _on, 0
0x0152	0x2955      	GOTO       L__move3sub1163
0x0153	0x1285      	BCF        PORTA, 5
0x0154	0x2956      	GOTO       L__move3sub1164
L__move3sub1163:
0x0155	0x1685      	BSF        PORTA, 5
L__move3sub1164:
;matrix3.c,209 :: 		delay_ms(50);
0x0156	0x3082      	MOVLW      130
0x0157	0x00FC      	MOVWF      R12
0x0158	0x30DD      	MOVLW      221
0x0159	0x00FD      	MOVWF      R13
L_move3sub16:
0x015A	0x0BFD      	DECFSZ     R13, 1
0x015B	0x295A      	GOTO       L_move3sub16
0x015C	0x0BFC      	DECFSZ     R12, 1
0x015D	0x295A      	GOTO       L_move3sub16
0x015E	0x0000      	NOP
0x015F	0x0000      	NOP
;matrix3.c,210 :: 		Row_4=off;
0x0160	0x1820      	BTFSC      _off, 0
0x0161	0x2964      	GOTO       L__move3sub1165
0x0162	0x1285      	BCF        PORTA, 5
0x0163	0x2965      	GOTO       L__move3sub1166
L__move3sub1165:
0x0164	0x1685      	BSF        PORTA, 5
L__move3sub1166:
;matrix3.c,211 :: 		Row_3=on;
0x0165	0x1822      	BTFSC      _on, 0
0x0166	0x2969      	GOTO       L__move3sub1167
0x0167	0x1307      	BCF        PORTC, 6
0x0168	0x296A      	GOTO       L__move3sub1168
L__move3sub1167:
0x0169	0x1707      	BSF        PORTC, 6
L__move3sub1168:
;matrix3.c,212 :: 		delay_ms(50);
0x016A	0x3082      	MOVLW      130
0x016B	0x00FC      	MOVWF      R12
0x016C	0x30DD      	MOVLW      221
0x016D	0x00FD      	MOVWF      R13
L_move3sub17:
0x016E	0x0BFD      	DECFSZ     R13, 1
0x016F	0x296E      	GOTO       L_move3sub17
0x0170	0x0BFC      	DECFSZ     R12, 1
0x0171	0x296E      	GOTO       L_move3sub17
0x0172	0x0000      	NOP
0x0173	0x0000      	NOP
;matrix3.c,213 :: 		Row_3=off;
0x0174	0x1820      	BTFSC      _off, 0
0x0175	0x2978      	GOTO       L__move3sub1169
0x0176	0x1307      	BCF        PORTC, 6
0x0177	0x2979      	GOTO       L__move3sub1170
L__move3sub1169:
0x0178	0x1707      	BSF        PORTC, 6
L__move3sub1170:
;matrix3.c,214 :: 		Row_2=on;
0x0179	0x1822      	BTFSC      _on, 0
0x017A	0x297D      	GOTO       L__move3sub1171
0x017B	0x1287      	BCF        PORTC, 5
0x017C	0x297E      	GOTO       L__move3sub1172
L__move3sub1171:
0x017D	0x1687      	BSF        PORTC, 5
L__move3sub1172:
;matrix3.c,215 :: 		delay_ms(50);
0x017E	0x3082      	MOVLW      130
0x017F	0x00FC      	MOVWF      R12
0x0180	0x30DD      	MOVLW      221
0x0181	0x00FD      	MOVWF      R13
L_move3sub18:
0x0182	0x0BFD      	DECFSZ     R13, 1
0x0183	0x2982      	GOTO       L_move3sub18
0x0184	0x0BFC      	DECFSZ     R12, 1
0x0185	0x2982      	GOTO       L_move3sub18
0x0186	0x0000      	NOP
0x0187	0x0000      	NOP
;matrix3.c,216 :: 		Row_2=off;
0x0188	0x1820      	BTFSC      _off, 0
0x0189	0x298C      	GOTO       L__move3sub1173
0x018A	0x1287      	BCF        PORTC, 5
0x018B	0x298D      	GOTO       L__move3sub1174
L__move3sub1173:
0x018C	0x1687      	BSF        PORTC, 5
L__move3sub1174:
;matrix3.c,217 :: 		Row_1=on;
0x018D	0x1822      	BTFSC      _on, 0
0x018E	0x2991      	GOTO       L__move3sub1175
0x018F	0x1388      	BCF        PORTD, 7
0x0190	0x2992      	GOTO       L__move3sub1176
L__move3sub1175:
0x0191	0x1788      	BSF        PORTD, 7
L__move3sub1176:
;matrix3.c,218 :: 		delay_ms(50);
0x0192	0x3082      	MOVLW      130
0x0193	0x00FC      	MOVWF      R12
0x0194	0x30DD      	MOVLW      221
0x0195	0x00FD      	MOVWF      R13
L_move3sub19:
0x0196	0x0BFD      	DECFSZ     R13, 1
0x0197	0x2996      	GOTO       L_move3sub19
0x0198	0x0BFC      	DECFSZ     R12, 1
0x0199	0x2996      	GOTO       L_move3sub19
0x019A	0x0000      	NOP
0x019B	0x0000      	NOP
;matrix3.c,219 :: 		}
L_end_move3sub1:
0x019C	0x0008      	RETURN
; end of _move3sub1
_Row3:
;matrix3.c,68 :: 		void Row3(int Flag)
;matrix3.c,70 :: 		Row_3=Flag;
0x019D	0x1283      	BCF        STATUS, 5
0x019E	0x1303      	BCF        STATUS, 6
0x019F	0x1826      	BTFSC      FARG_Row3_Flag, 0
0x01A0	0x29A3      	GOTO       L__Row371
0x01A1	0x1307      	BCF        PORTC, 6
0x01A2	0x29A4      	GOTO       L__Row372
L__Row371:
0x01A3	0x1707      	BSF        PORTC, 6
L__Row372:
;matrix3.c,71 :: 		All25(Flag);
0x01A4	0x0826      	MOVF       FARG_Row3_Flag, 0
0x01A5	0x00A8      	MOVWF      FARG_All25_Flag
0x01A6	0x0827      	MOVF       FARG_Row3_Flag+1, 0
0x01A7	0x00A9      	MOVWF      FARG_All25_Flag+1
0x01A8	0x2003      	CALL       _All25
;matrix3.c,72 :: 		}
L_end_Row3:
0x01A9	0x0008      	RETURN
; end of _Row3
_Move2:
;matrix3.c,132 :: 		Move2()
;matrix3.c,134 :: 		timer() ;
0x01AA	0x209D      	CALL       _timer
;matrix3.c,135 :: 		All25(off) ;
0x01AB	0x0820      	MOVF       _off, 0
0x01AC	0x00A8      	MOVWF      FARG_All25_Flag
0x01AD	0x0821      	MOVF       _off+1, 0
0x01AE	0x00A9      	MOVWF      FARG_All25_Flag+1
0x01AF	0x2003      	CALL       _All25
;matrix3.c,136 :: 		AllRows(on);
0x01B0	0x0822      	MOVF       _on, 0
0x01B1	0x00A6      	MOVWF      FARG_AllRows_Flag
0x01B2	0x0823      	MOVF       _on+1, 0
0x01B3	0x00A7      	MOVWF      FARG_AllRows_Flag+1
0x01B4	0x20B5      	CALL       _AllRows
;matrix3.c,137 :: 		A_1=on;
0x01B5	0x1822      	BTFSC      _on, 0
0x01B6	0x29B9      	GOTO       L__Move292
0x01B7	0x1005      	BCF        PORTA, 0
0x01B8	0x29BA      	GOTO       L__Move293
L__Move292:
0x01B9	0x1405      	BSF        PORTA, 0
L__Move293:
;matrix3.c,138 :: 		timer();
0x01BA	0x209D      	CALL       _timer
;matrix3.c,139 :: 		A_2=on;
0x01BB	0x1822      	BTFSC      _on, 0
0x01BC	0x29BF      	GOTO       L__Move294
0x01BD	0x1085      	BCF        PORTA, 1
0x01BE	0x29C0      	GOTO       L__Move295
L__Move294:
0x01BF	0x1485      	BSF        PORTA, 1
L__Move295:
;matrix3.c,140 :: 		timer();
0x01C0	0x209D      	CALL       _timer
;matrix3.c,141 :: 		A_3=on;
0x01C1	0x1822      	BTFSC      _on, 0
0x01C2	0x29C5      	GOTO       L__Move296
0x01C3	0x1105      	BCF        PORTA, 2
0x01C4	0x29C6      	GOTO       L__Move297
L__Move296:
0x01C5	0x1505      	BSF        PORTA, 2
L__Move297:
;matrix3.c,142 :: 		timer();
0x01C6	0x209D      	CALL       _timer
;matrix3.c,143 :: 		A_4=on;
0x01C7	0x1822      	BTFSC      _on, 0
0x01C8	0x29CB      	GOTO       L__Move298
0x01C9	0x1185      	BCF        PORTA, 3
0x01CA	0x29CC      	GOTO       L__Move299
L__Move298:
0x01CB	0x1585      	BSF        PORTA, 3
L__Move299:
;matrix3.c,144 :: 		timer();
0x01CC	0x209D      	CALL       _timer
;matrix3.c,145 :: 		A_5=on;
0x01CD	0x1822      	BTFSC      _on, 0
0x01CE	0x29D1      	GOTO       L__Move2100
0x01CF	0x1286      	BCF        PORTB, 5
0x01D0	0x29D2      	GOTO       L__Move2101
L__Move2100:
0x01D1	0x1686      	BSF        PORTB, 5
L__Move2101:
;matrix3.c,146 :: 		timer();
0x01D2	0x209D      	CALL       _timer
;matrix3.c,147 :: 		B_5=on;
0x01D3	0x1822      	BTFSC      _on, 0
0x01D4	0x29D7      	GOTO       L__Move2102
0x01D5	0x1206      	BCF        PORTB, 4
0x01D6	0x29D8      	GOTO       L__Move2103
L__Move2102:
0x01D7	0x1606      	BSF        PORTB, 4
L__Move2103:
;matrix3.c,148 :: 		timer();
0x01D8	0x209D      	CALL       _timer
;matrix3.c,149 :: 		C_5=on;
0x01D9	0x1822      	BTFSC      _on, 0
0x01DA	0x29DD      	GOTO       L__Move2104
0x01DB	0x1207      	BCF        PORTC, 4
0x01DC	0x29DE      	GOTO       L__Move2105
L__Move2104:
0x01DD	0x1607      	BSF        PORTC, 4
L__Move2105:
;matrix3.c,150 :: 		timer();
0x01DE	0x209D      	CALL       _timer
;matrix3.c,151 :: 		D_5=on;
0x01DF	0x1822      	BTFSC      _on, 0
0x01E0	0x29E3      	GOTO       L__Move2106
0x01E1	0x1208      	BCF        PORTD, 4
0x01E2	0x29E4      	GOTO       L__Move2107
L__Move2106:
0x01E3	0x1608      	BSF        PORTD, 4
L__Move2107:
;matrix3.c,152 :: 		timer();
0x01E4	0x209D      	CALL       _timer
;matrix3.c,153 :: 		E_5=on;
0x01E5	0x1822      	BTFSC      _on, 0
0x01E6	0x29E9      	GOTO       L__Move2108
0x01E7	0x1308      	BCF        PORTD, 6
0x01E8	0x29EA      	GOTO       L__Move2109
L__Move2108:
0x01E9	0x1708      	BSF        PORTD, 6
L__Move2109:
;matrix3.c,154 :: 		timer();
0x01EA	0x209D      	CALL       _timer
;matrix3.c,155 :: 		E_4=on;
0x01EB	0x1822      	BTFSC      _on, 0
0x01EC	0x29EF      	GOTO       L__Move2110
0x01ED	0x1288      	BCF        PORTD, 5
0x01EE	0x29F0      	GOTO       L__Move2111
L__Move2110:
0x01EF	0x1688      	BSF        PORTD, 5
L__Move2111:
;matrix3.c,156 :: 		timer();
0x01F0	0x209D      	CALL       _timer
;matrix3.c,157 :: 		E_3=on;
0x01F1	0x1822      	BTFSC      _on, 0
0x01F2	0x29F5      	GOTO       L__Move2112
0x01F3	0x1109      	BCF        PORTE, 2
0x01F4	0x29F6      	GOTO       L__Move2113
L__Move2112:
0x01F5	0x1509      	BSF        PORTE, 2
L__Move2113:
;matrix3.c,158 :: 		timer();
0x01F6	0x209D      	CALL       _timer
;matrix3.c,159 :: 		E_2=on;
0x01F7	0x1822      	BTFSC      _on, 0
0x01F8	0x29FB      	GOTO       L__Move2114
0x01F9	0x1089      	BCF        PORTE, 1
0x01FA	0x29FC      	GOTO       L__Move2115
L__Move2114:
0x01FB	0x1489      	BSF        PORTE, 1
L__Move2115:
;matrix3.c,160 :: 		timer();
0x01FC	0x209D      	CALL       _timer
;matrix3.c,161 :: 		E_1=on;
0x01FD	0x1822      	BTFSC      _on, 0
0x01FE	0x2A01      	GOTO       L__Move2116
0x01FF	0x1009      	BCF        PORTE, 0
0x0200	0x2A02      	GOTO       L__Move2117
L__Move2116:
0x0201	0x1409      	BSF        PORTE, 0
L__Move2117:
;matrix3.c,162 :: 		timer();
0x0202	0x209D      	CALL       _timer
;matrix3.c,163 :: 		D_1=on;
0x0203	0x1822      	BTFSC      _on, 0
0x0204	0x2A07      	GOTO       L__Move2118
0x0205	0x1008      	BCF        PORTD, 0
0x0206	0x2A08      	GOTO       L__Move2119
L__Move2118:
0x0207	0x1408      	BSF        PORTD, 0
L__Move2119:
;matrix3.c,164 :: 		timer();
0x0208	0x209D      	CALL       _timer
;matrix3.c,165 :: 		C_1=on;
0x0209	0x1822      	BTFSC      _on, 0
0x020A	0x2A0D      	GOTO       L__Move2120
0x020B	0x1007      	BCF        PORTC, 0
0x020C	0x2A0E      	GOTO       L__Move2121
L__Move2120:
0x020D	0x1407      	BSF        PORTC, 0
L__Move2121:
;matrix3.c,166 :: 		timer();
0x020E	0x209D      	CALL       _timer
;matrix3.c,167 :: 		B_1=on;
0x020F	0x1822      	BTFSC      _on, 0
0x0210	0x2A13      	GOTO       L__Move2122
0x0211	0x1006      	BCF        PORTB, 0
0x0212	0x2A14      	GOTO       L__Move2123
L__Move2122:
0x0213	0x1406      	BSF        PORTB, 0
L__Move2123:
;matrix3.c,168 :: 		timer();
0x0214	0x209D      	CALL       _timer
;matrix3.c,169 :: 		B_2=on;
0x0215	0x1822      	BTFSC      _on, 0
0x0216	0x2A19      	GOTO       L__Move2124
0x0217	0x1086      	BCF        PORTB, 1
0x0218	0x2A1A      	GOTO       L__Move2125
L__Move2124:
0x0219	0x1486      	BSF        PORTB, 1
L__Move2125:
;matrix3.c,170 :: 		timer();
0x021A	0x209D      	CALL       _timer
;matrix3.c,171 :: 		B_3=on;
0x021B	0x1822      	BTFSC      _on, 0
0x021C	0x2A1F      	GOTO       L__Move2126
0x021D	0x1106      	BCF        PORTB, 2
0x021E	0x2A20      	GOTO       L__Move2127
L__Move2126:
0x021F	0x1506      	BSF        PORTB, 2
L__Move2127:
;matrix3.c,172 :: 		timer();
0x0220	0x209D      	CALL       _timer
;matrix3.c,173 :: 		B_4=on;
0x0221	0x1822      	BTFSC      _on, 0
0x0222	0x2A25      	GOTO       L__Move2128
0x0223	0x1186      	BCF        PORTB, 3
0x0224	0x2A26      	GOTO       L__Move2129
L__Move2128:
0x0225	0x1586      	BSF        PORTB, 3
L__Move2129:
;matrix3.c,174 :: 		timer();
0x0226	0x209D      	CALL       _timer
;matrix3.c,175 :: 		C_4=on;
0x0227	0x1822      	BTFSC      _on, 0
0x0228	0x2A2B      	GOTO       L__Move2130
0x0229	0x1187      	BCF        PORTC, 3
0x022A	0x2A2C      	GOTO       L__Move2131
L__Move2130:
0x022B	0x1587      	BSF        PORTC, 3
L__Move2131:
;matrix3.c,176 :: 		timer();
0x022C	0x209D      	CALL       _timer
;matrix3.c,177 :: 		D_4=on;
0x022D	0x1822      	BTFSC      _on, 0
0x022E	0x2A31      	GOTO       L__Move2132
0x022F	0x1188      	BCF        PORTD, 3
0x0230	0x2A32      	GOTO       L__Move2133
L__Move2132:
0x0231	0x1588      	BSF        PORTD, 3
L__Move2133:
;matrix3.c,178 :: 		timer();
0x0232	0x209D      	CALL       _timer
;matrix3.c,179 :: 		D_3=on;
0x0233	0x1822      	BTFSC      _on, 0
0x0234	0x2A37      	GOTO       L__Move2134
0x0235	0x1108      	BCF        PORTD, 2
0x0236	0x2A38      	GOTO       L__Move2135
L__Move2134:
0x0237	0x1508      	BSF        PORTD, 2
L__Move2135:
;matrix3.c,180 :: 		timer();
0x0238	0x209D      	CALL       _timer
;matrix3.c,181 :: 		D_2=on;
0x0239	0x1822      	BTFSC      _on, 0
0x023A	0x2A3D      	GOTO       L__Move2136
0x023B	0x1088      	BCF        PORTD, 1
0x023C	0x2A3E      	GOTO       L__Move2137
L__Move2136:
0x023D	0x1488      	BSF        PORTD, 1
L__Move2137:
;matrix3.c,182 :: 		timer();
0x023E	0x209D      	CALL       _timer
;matrix3.c,183 :: 		C_2=on;
0x023F	0x1822      	BTFSC      _on, 0
0x0240	0x2A43      	GOTO       L__Move2138
0x0241	0x1087      	BCF        PORTC, 1
0x0242	0x2A44      	GOTO       L__Move2139
L__Move2138:
0x0243	0x1487      	BSF        PORTC, 1
L__Move2139:
;matrix3.c,184 :: 		timer();
0x0244	0x209D      	CALL       _timer
;matrix3.c,185 :: 		C_3=on;
0x0245	0x1822      	BTFSC      _on, 0
0x0246	0x2A49      	GOTO       L__Move2140
0x0247	0x1107      	BCF        PORTC, 2
0x0248	0x2A4A      	GOTO       L__Move2141
L__Move2140:
0x0249	0x1507      	BSF        PORTC, 2
L__Move2141:
;matrix3.c,186 :: 		timer();
0x024A	0x209D      	CALL       _timer
;matrix3.c,187 :: 		All25(off) ;
0x024B	0x0820      	MOVF       _off, 0
0x024C	0x00A8      	MOVWF      FARG_All25_Flag
0x024D	0x0821      	MOVF       _off+1, 0
0x024E	0x00A9      	MOVWF      FARG_All25_Flag+1
0x024F	0x2003      	CALL       _All25
;matrix3.c,188 :: 		AllRows(off);
0x0250	0x0820      	MOVF       _off, 0
0x0251	0x00A6      	MOVWF      FARG_AllRows_Flag
0x0252	0x0821      	MOVF       _off+1, 0
0x0253	0x00A7      	MOVWF      FARG_AllRows_Flag+1
0x0254	0x20B5      	CALL       _AllRows
;matrix3.c,189 :: 		}
L_end_Move2:
0x0255	0x0008      	RETURN
; end of _Move2
_Move3:
;matrix3.c,221 :: 		void Move3()
;matrix3.c,223 :: 		All25(off) ;
0x0256	0x1283      	BCF        STATUS, 5
0x0257	0x1303      	BCF        STATUS, 6
0x0258	0x0820      	MOVF       _off, 0
0x0259	0x00A8      	MOVWF      FARG_All25_Flag
0x025A	0x0821      	MOVF       _off+1, 0
0x025B	0x00A9      	MOVWF      FARG_All25_Flag+1
0x025C	0x2003      	CALL       _All25
;matrix3.c,224 :: 		AllRows(off);
0x025D	0x0820      	MOVF       _off, 0
0x025E	0x00A6      	MOVWF      FARG_AllRows_Flag
0x025F	0x0821      	MOVF       _off+1, 0
0x0260	0x00A7      	MOVWF      FARG_AllRows_Flag+1
0x0261	0x20B5      	CALL       _AllRows
;matrix3.c,226 :: 		A_1=on;
0x0262	0x1822      	BTFSC      _on, 0
0x0263	0x2A66      	GOTO       L__Move3178
0x0264	0x1005      	BCF        PORTA, 0
0x0265	0x2A67      	GOTO       L__Move3179
L__Move3178:
0x0266	0x1405      	BSF        PORTA, 0
L__Move3179:
;matrix3.c,227 :: 		move3sub1();
0x0267	0x20EB      	CALL       _move3sub1
;matrix3.c,228 :: 		A_2=on;
0x0268	0x1822      	BTFSC      _on, 0
0x0269	0x2A6C      	GOTO       L__Move3180
0x026A	0x1085      	BCF        PORTA, 1
0x026B	0x2A6D      	GOTO       L__Move3181
L__Move3180:
0x026C	0x1485      	BSF        PORTA, 1
L__Move3181:
;matrix3.c,229 :: 		move3sub1();
0x026D	0x20EB      	CALL       _move3sub1
;matrix3.c,230 :: 		A_3=on;
0x026E	0x1822      	BTFSC      _on, 0
0x026F	0x2A72      	GOTO       L__Move3182
0x0270	0x1105      	BCF        PORTA, 2
0x0271	0x2A73      	GOTO       L__Move3183
L__Move3182:
0x0272	0x1505      	BSF        PORTA, 2
L__Move3183:
;matrix3.c,231 :: 		move3sub1();
0x0273	0x20EB      	CALL       _move3sub1
;matrix3.c,232 :: 		A_4=on;
0x0274	0x1822      	BTFSC      _on, 0
0x0275	0x2A78      	GOTO       L__Move3184
0x0276	0x1185      	BCF        PORTA, 3
0x0277	0x2A79      	GOTO       L__Move3185
L__Move3184:
0x0278	0x1585      	BSF        PORTA, 3
L__Move3185:
;matrix3.c,233 :: 		move3sub1();
0x0279	0x20EB      	CALL       _move3sub1
;matrix3.c,234 :: 		A_5=on;
0x027A	0x1822      	BTFSC      _on, 0
0x027B	0x2A7E      	GOTO       L__Move3186
0x027C	0x1286      	BCF        PORTB, 5
0x027D	0x2A7F      	GOTO       L__Move3187
L__Move3186:
0x027E	0x1686      	BSF        PORTB, 5
L__Move3187:
;matrix3.c,235 :: 		move3sub1();
0x027F	0x20EB      	CALL       _move3sub1
;matrix3.c,237 :: 		B_1=on;
0x0280	0x1822      	BTFSC      _on, 0
0x0281	0x2A84      	GOTO       L__Move3188
0x0282	0x1006      	BCF        PORTB, 0
0x0283	0x2A85      	GOTO       L__Move3189
L__Move3188:
0x0284	0x1406      	BSF        PORTB, 0
L__Move3189:
;matrix3.c,238 :: 		move3sub1();
0x0285	0x20EB      	CALL       _move3sub1
;matrix3.c,239 :: 		B_2=on;
0x0286	0x1822      	BTFSC      _on, 0
0x0287	0x2A8A      	GOTO       L__Move3190
0x0288	0x1086      	BCF        PORTB, 1
0x0289	0x2A8B      	GOTO       L__Move3191
L__Move3190:
0x028A	0x1486      	BSF        PORTB, 1
L__Move3191:
;matrix3.c,240 :: 		move3sub1();
0x028B	0x20EB      	CALL       _move3sub1
;matrix3.c,241 :: 		B_3=on;
0x028C	0x1822      	BTFSC      _on, 0
0x028D	0x2A90      	GOTO       L__Move3192
0x028E	0x1106      	BCF        PORTB, 2
0x028F	0x2A91      	GOTO       L__Move3193
L__Move3192:
0x0290	0x1506      	BSF        PORTB, 2
L__Move3193:
;matrix3.c,242 :: 		move3sub1();
0x0291	0x20EB      	CALL       _move3sub1
;matrix3.c,243 :: 		B_4=on;
0x0292	0x1822      	BTFSC      _on, 0
0x0293	0x2A96      	GOTO       L__Move3194
0x0294	0x1186      	BCF        PORTB, 3
0x0295	0x2A97      	GOTO       L__Move3195
L__Move3194:
0x0296	0x1586      	BSF        PORTB, 3
L__Move3195:
;matrix3.c,244 :: 		move3sub1();
0x0297	0x20EB      	CALL       _move3sub1
;matrix3.c,245 :: 		B_5=on;
0x0298	0x1822      	BTFSC      _on, 0
0x0299	0x2A9C      	GOTO       L__Move3196
0x029A	0x1206      	BCF        PORTB, 4
0x029B	0x2A9D      	GOTO       L__Move3197
L__Move3196:
0x029C	0x1606      	BSF        PORTB, 4
L__Move3197:
;matrix3.c,246 :: 		move3sub1();
0x029D	0x20EB      	CALL       _move3sub1
;matrix3.c,248 :: 		C_1=on;
0x029E	0x1822      	BTFSC      _on, 0
0x029F	0x2AA2      	GOTO       L__Move3198
0x02A0	0x1007      	BCF        PORTC, 0
0x02A1	0x2AA3      	GOTO       L__Move3199
L__Move3198:
0x02A2	0x1407      	BSF        PORTC, 0
L__Move3199:
;matrix3.c,249 :: 		move3sub1();
0x02A3	0x20EB      	CALL       _move3sub1
;matrix3.c,250 :: 		C_2=on;
0x02A4	0x1822      	BTFSC      _on, 0
0x02A5	0x2AA8      	GOTO       L__Move3200
0x02A6	0x1087      	BCF        PORTC, 1
0x02A7	0x2AA9      	GOTO       L__Move3201
L__Move3200:
0x02A8	0x1487      	BSF        PORTC, 1
L__Move3201:
;matrix3.c,251 :: 		move3sub1();
0x02A9	0x20EB      	CALL       _move3sub1
;matrix3.c,252 :: 		C_3=on;
0x02AA	0x1822      	BTFSC      _on, 0
0x02AB	0x2AAE      	GOTO       L__Move3202
0x02AC	0x1107      	BCF        PORTC, 2
0x02AD	0x2AAF      	GOTO       L__Move3203
L__Move3202:
0x02AE	0x1507      	BSF        PORTC, 2
L__Move3203:
;matrix3.c,253 :: 		move3sub1();
0x02AF	0x20EB      	CALL       _move3sub1
;matrix3.c,254 :: 		C_4=on;
0x02B0	0x1822      	BTFSC      _on, 0
0x02B1	0x2AB4      	GOTO       L__Move3204
0x02B2	0x1187      	BCF        PORTC, 3
0x02B3	0x2AB5      	GOTO       L__Move3205
L__Move3204:
0x02B4	0x1587      	BSF        PORTC, 3
L__Move3205:
;matrix3.c,255 :: 		move3sub1();
0x02B5	0x20EB      	CALL       _move3sub1
;matrix3.c,256 :: 		C_5=on;
0x02B6	0x1822      	BTFSC      _on, 0
0x02B7	0x2ABA      	GOTO       L__Move3206
0x02B8	0x1207      	BCF        PORTC, 4
0x02B9	0x2ABB      	GOTO       L__Move3207
L__Move3206:
0x02BA	0x1607      	BSF        PORTC, 4
L__Move3207:
;matrix3.c,257 :: 		move3sub1();
0x02BB	0x20EB      	CALL       _move3sub1
;matrix3.c,259 :: 		D_1=on;
0x02BC	0x1822      	BTFSC      _on, 0
0x02BD	0x2AC0      	GOTO       L__Move3208
0x02BE	0x1008      	BCF        PORTD, 0
0x02BF	0x2AC1      	GOTO       L__Move3209
L__Move3208:
0x02C0	0x1408      	BSF        PORTD, 0
L__Move3209:
;matrix3.c,260 :: 		move3sub1();
0x02C1	0x20EB      	CALL       _move3sub1
;matrix3.c,261 :: 		D_2=on;
0x02C2	0x1822      	BTFSC      _on, 0
0x02C3	0x2AC6      	GOTO       L__Move3210
0x02C4	0x1088      	BCF        PORTD, 1
0x02C5	0x2AC7      	GOTO       L__Move3211
L__Move3210:
0x02C6	0x1488      	BSF        PORTD, 1
L__Move3211:
;matrix3.c,262 :: 		move3sub1();
0x02C7	0x20EB      	CALL       _move3sub1
;matrix3.c,263 :: 		D_3=on;
0x02C8	0x1822      	BTFSC      _on, 0
0x02C9	0x2ACC      	GOTO       L__Move3212
0x02CA	0x1108      	BCF        PORTD, 2
0x02CB	0x2ACD      	GOTO       L__Move3213
L__Move3212:
0x02CC	0x1508      	BSF        PORTD, 2
L__Move3213:
;matrix3.c,264 :: 		move3sub1();
0x02CD	0x20EB      	CALL       _move3sub1
;matrix3.c,265 :: 		D_4=on;
0x02CE	0x1822      	BTFSC      _on, 0
0x02CF	0x2AD2      	GOTO       L__Move3214
0x02D0	0x1188      	BCF        PORTD, 3
0x02D1	0x2AD3      	GOTO       L__Move3215
L__Move3214:
0x02D2	0x1588      	BSF        PORTD, 3
L__Move3215:
;matrix3.c,266 :: 		move3sub1();
0x02D3	0x20EB      	CALL       _move3sub1
;matrix3.c,267 :: 		D_5=on;
0x02D4	0x1822      	BTFSC      _on, 0
0x02D5	0x2AD8      	GOTO       L__Move3216
0x02D6	0x1208      	BCF        PORTD, 4
0x02D7	0x2AD9      	GOTO       L__Move3217
L__Move3216:
0x02D8	0x1608      	BSF        PORTD, 4
L__Move3217:
;matrix3.c,268 :: 		move3sub1();
0x02D9	0x20EB      	CALL       _move3sub1
;matrix3.c,270 :: 		E_1=on;
0x02DA	0x1822      	BTFSC      _on, 0
0x02DB	0x2ADE      	GOTO       L__Move3218
0x02DC	0x1009      	BCF        PORTE, 0
0x02DD	0x2ADF      	GOTO       L__Move3219
L__Move3218:
0x02DE	0x1409      	BSF        PORTE, 0
L__Move3219:
;matrix3.c,271 :: 		move3sub1();
0x02DF	0x20EB      	CALL       _move3sub1
;matrix3.c,272 :: 		E_2=on;
0x02E0	0x1822      	BTFSC      _on, 0
0x02E1	0x2AE4      	GOTO       L__Move3220
0x02E2	0x1089      	BCF        PORTE, 1
0x02E3	0x2AE5      	GOTO       L__Move3221
L__Move3220:
0x02E4	0x1489      	BSF        PORTE, 1
L__Move3221:
;matrix3.c,273 :: 		move3sub1();
0x02E5	0x20EB      	CALL       _move3sub1
;matrix3.c,274 :: 		E_3=on;
0x02E6	0x1822      	BTFSC      _on, 0
0x02E7	0x2AEA      	GOTO       L__Move3222
0x02E8	0x1109      	BCF        PORTE, 2
0x02E9	0x2AEB      	GOTO       L__Move3223
L__Move3222:
0x02EA	0x1509      	BSF        PORTE, 2
L__Move3223:
;matrix3.c,275 :: 		move3sub1();
0x02EB	0x20EB      	CALL       _move3sub1
;matrix3.c,276 :: 		E_4=on;
0x02EC	0x1822      	BTFSC      _on, 0
0x02ED	0x2AF0      	GOTO       L__Move3224
0x02EE	0x1288      	BCF        PORTD, 5
0x02EF	0x2AF1      	GOTO       L__Move3225
L__Move3224:
0x02F0	0x1688      	BSF        PORTD, 5
L__Move3225:
;matrix3.c,277 :: 		move3sub1();
0x02F1	0x20EB      	CALL       _move3sub1
;matrix3.c,278 :: 		E_5=on;
0x02F2	0x1822      	BTFSC      _on, 0
0x02F3	0x2AF6      	GOTO       L__Move3226
0x02F4	0x1308      	BCF        PORTD, 6
0x02F5	0x2AF7      	GOTO       L__Move3227
L__Move3226:
0x02F6	0x1708      	BSF        PORTD, 6
L__Move3227:
;matrix3.c,279 :: 		move3sub1();
0x02F7	0x20EB      	CALL       _move3sub1
;matrix3.c,281 :: 		}
L_end_Move3:
0x02F8	0x0008      	RETURN
; end of _Move3
___CC2DW:
;__Lib_System.c,134 :: 		
;__Lib_System.c,137 :: 		
_CC2D_Loop1:
;__Lib_System.c,139 :: 		
0x02F9	0x20AE      	CALL       _____DoICP
0x02FA	0x118A      	BCF        PCLATH, 3
0x02FB	0x120A      	BCF        PCLATH, 4
;__Lib_System.c,141 :: 		
0x02FC	0x0080      	MOVWF      INDF
;__Lib_System.c,142 :: 		
0x02FD	0x0A84      	INCF       FSR, 1
;__Lib_System.c,143 :: 		
0x02FE	0x0AA4      	INCF       ___DoICPAddr, 1
;__Lib_System.c,145 :: 		
0x02FF	0x1903      	BTFSC      STATUS, 2
;__Lib_System.c,146 :: 		
0x0300	0x0AA5      	INCF       ___DoICPAddr+1, 1
;__Lib_System.c,147 :: 		
0x0301	0x03F0      	DECF       R0, 1
;__Lib_System.c,149 :: 		
0x0302	0x1D03      	BTFSS      STATUS, 2
;__Lib_System.c,150 :: 		
0x0303	0x2AF9      	GOTO       _CC2D_Loop1
;__Lib_System.c,152 :: 		
L_end___CC2DW:
0x0304	0x0008      	RETURN
; end of ___CC2DW
_Move1:
;matrix3.c,91 :: 		Move1()
;matrix3.c,93 :: 		timer();
0x0305	0x209D      	CALL       _timer
;matrix3.c,94 :: 		Row1(on);
0x0306	0x0822      	MOVF       _on, 0
0x0307	0x00A6      	MOVWF      FARG_Row1_Flag
0x0308	0x0823      	MOVF       _on+1, 0
0x0309	0x00A7      	MOVWF      FARG_Row1_Flag+1
0x030A	0x20D1      	CALL       _Row1
;matrix3.c,95 :: 		timer();
0x030B	0x209D      	CALL       _timer
;matrix3.c,96 :: 		Row2(on);
0x030C	0x0822      	MOVF       _on, 0
0x030D	0x00A6      	MOVWF      FARG_Row2_Flag
0x030E	0x0823      	MOVF       _on+1, 0
0x030F	0x00A7      	MOVWF      FARG_Row2_Flag+1
0x0310	0x2083      	CALL       _Row2
;matrix3.c,97 :: 		timer() ;
0x0311	0x209D      	CALL       _timer
;matrix3.c,98 :: 		Row3(on);
0x0312	0x0822      	MOVF       _on, 0
0x0313	0x00A6      	MOVWF      FARG_Row3_Flag
0x0314	0x0823      	MOVF       _on+1, 0
0x0315	0x00A7      	MOVWF      FARG_Row3_Flag+1
0x0316	0x219D      	CALL       _Row3
;matrix3.c,99 :: 		timer() ;
0x0317	0x209D      	CALL       _timer
;matrix3.c,100 :: 		Row4(on);
0x0318	0x0822      	MOVF       _on, 0
0x0319	0x00A6      	MOVWF      FARG_Row4_Flag
0x031A	0x0823      	MOVF       _on+1, 0
0x031B	0x00A7      	MOVWF      FARG_Row4_Flag+1
0x031C	0x20DE      	CALL       _Row4
;matrix3.c,101 :: 		timer() ;
0x031D	0x209D      	CALL       _timer
;matrix3.c,102 :: 		Row5(on);
0x031E	0x0822      	MOVF       _on, 0
0x031F	0x00A6      	MOVWF      FARG_Row5_Flag
0x0320	0x0823      	MOVF       _on+1, 0
0x0321	0x00A7      	MOVWF      FARG_Row5_Flag+1
0x0322	0x2090      	CALL       _Row5
;matrix3.c,103 :: 		timer() ;
0x0323	0x209D      	CALL       _timer
;matrix3.c,105 :: 		Row5(off);
0x0324	0x0820      	MOVF       _off, 0
0x0325	0x00A6      	MOVWF      FARG_Row5_Flag
0x0326	0x0821      	MOVF       _off+1, 0
0x0327	0x00A7      	MOVWF      FARG_Row5_Flag+1
0x0328	0x2090      	CALL       _Row5
;matrix3.c,106 :: 		Row4(off);
0x0329	0x0820      	MOVF       _off, 0
0x032A	0x00A6      	MOVWF      FARG_Row4_Flag
0x032B	0x0821      	MOVF       _off+1, 0
0x032C	0x00A7      	MOVWF      FARG_Row4_Flag+1
0x032D	0x20DE      	CALL       _Row4
;matrix3.c,107 :: 		Row3(off);
0x032E	0x0820      	MOVF       _off, 0
0x032F	0x00A6      	MOVWF      FARG_Row3_Flag
0x0330	0x0821      	MOVF       _off+1, 0
0x0331	0x00A7      	MOVWF      FARG_Row3_Flag+1
0x0332	0x219D      	CALL       _Row3
;matrix3.c,108 :: 		Row2(off);
0x0333	0x0820      	MOVF       _off, 0
0x0334	0x00A6      	MOVWF      FARG_Row2_Flag
0x0335	0x0821      	MOVF       _off+1, 0
0x0336	0x00A7      	MOVWF      FARG_Row2_Flag+1
0x0337	0x2083      	CALL       _Row2
;matrix3.c,109 :: 		Row1(off);
0x0338	0x0820      	MOVF       _off, 0
0x0339	0x00A6      	MOVWF      FARG_Row1_Flag
0x033A	0x0821      	MOVF       _off+1, 0
0x033B	0x00A7      	MOVWF      FARG_Row1_Flag+1
0x033C	0x20D1      	CALL       _Row1
;matrix3.c,112 :: 		Row5(on);
0x033D	0x0822      	MOVF       _on, 0
0x033E	0x00A6      	MOVWF      FARG_Row5_Flag
0x033F	0x0823      	MOVF       _on+1, 0
0x0340	0x00A7      	MOVWF      FARG_Row5_Flag+1
0x0341	0x2090      	CALL       _Row5
;matrix3.c,113 :: 		timer();
0x0342	0x209D      	CALL       _timer
;matrix3.c,114 :: 		Row4(on);
0x0343	0x0822      	MOVF       _on, 0
0x0344	0x00A6      	MOVWF      FARG_Row4_Flag
0x0345	0x0823      	MOVF       _on+1, 0
0x0346	0x00A7      	MOVWF      FARG_Row4_Flag+1
0x0347	0x20DE      	CALL       _Row4
;matrix3.c,115 :: 		timer() ;
0x0348	0x209D      	CALL       _timer
;matrix3.c,116 :: 		Row3(on);
0x0349	0x0822      	MOVF       _on, 0
0x034A	0x00A6      	MOVWF      FARG_Row3_Flag
0x034B	0x0823      	MOVF       _on+1, 0
0x034C	0x00A7      	MOVWF      FARG_Row3_Flag+1
0x034D	0x219D      	CALL       _Row3
;matrix3.c,117 :: 		timer() ;
0x034E	0x209D      	CALL       _timer
;matrix3.c,118 :: 		Row2(on);
0x034F	0x0822      	MOVF       _on, 0
0x0350	0x00A6      	MOVWF      FARG_Row2_Flag
0x0351	0x0823      	MOVF       _on+1, 0
0x0352	0x00A7      	MOVWF      FARG_Row2_Flag+1
0x0353	0x2083      	CALL       _Row2
;matrix3.c,119 :: 		timer() ;
0x0354	0x209D      	CALL       _timer
;matrix3.c,120 :: 		Row1(on);
0x0355	0x0822      	MOVF       _on, 0
0x0356	0x00A6      	MOVWF      FARG_Row1_Flag
0x0357	0x0823      	MOVF       _on+1, 0
0x0358	0x00A7      	MOVWF      FARG_Row1_Flag+1
0x0359	0x20D1      	CALL       _Row1
;matrix3.c,121 :: 		timer() ;
0x035A	0x209D      	CALL       _timer
;matrix3.c,123 :: 		Row1(off);
0x035B	0x0820      	MOVF       _off, 0
0x035C	0x00A6      	MOVWF      FARG_Row1_Flag
0x035D	0x0821      	MOVF       _off+1, 0
0x035E	0x00A7      	MOVWF      FARG_Row1_Flag+1
0x035F	0x20D1      	CALL       _Row1
;matrix3.c,124 :: 		Row2(off);
0x0360	0x0820      	MOVF       _off, 0
0x0361	0x00A6      	MOVWF      FARG_Row2_Flag
0x0362	0x0821      	MOVF       _off+1, 0
0x0363	0x00A7      	MOVWF      FARG_Row2_Flag+1
0x0364	0x2083      	CALL       _Row2
;matrix3.c,125 :: 		Row3(off);
0x0365	0x0820      	MOVF       _off, 0
0x0366	0x00A6      	MOVWF      FARG_Row3_Flag
0x0367	0x0821      	MOVF       _off+1, 0
0x0368	0x00A7      	MOVWF      FARG_Row3_Flag+1
0x0369	0x219D      	CALL       _Row3
;matrix3.c,126 :: 		Row4(off);
0x036A	0x0820      	MOVF       _off, 0
0x036B	0x00A6      	MOVWF      FARG_Row4_Flag
0x036C	0x0821      	MOVF       _off+1, 0
0x036D	0x00A7      	MOVWF      FARG_Row4_Flag+1
0x036E	0x20DE      	CALL       _Row4
;matrix3.c,127 :: 		Row5(off);
0x036F	0x0820      	MOVF       _off, 0
0x0370	0x00A6      	MOVWF      FARG_Row5_Flag
0x0371	0x0821      	MOVF       _off+1, 0
0x0372	0x00A7      	MOVWF      FARG_Row5_Flag+1
0x0373	0x2090      	CALL       _Row5
;matrix3.c,128 :: 		timer() ;
0x0374	0x209D      	CALL       _timer
;matrix3.c,129 :: 		All25(off) ;
0x0375	0x0820      	MOVF       _off, 0
0x0376	0x00A8      	MOVWF      FARG_All25_Flag
0x0377	0x0821      	MOVF       _off+1, 0
0x0378	0x00A9      	MOVWF      FARG_All25_Flag+1
0x0379	0x2003      	CALL       _All25
;matrix3.c,130 :: 		AllRows(off);
0x037A	0x0820      	MOVF       _off, 0
0x037B	0x00A6      	MOVWF      FARG_AllRows_Flag
0x037C	0x0821      	MOVF       _off+1, 0
0x037D	0x00A7      	MOVWF      FARG_AllRows_Flag+1
0x037E	0x20B5      	CALL       _AllRows
;matrix3.c,131 :: 		}
L_end_Move1:
0x037F	0x0008      	RETURN
; end of _Move1
_main:
0x0380	0x1283      	BCF        STATUS, 5
0x0381	0x1303      	BCF        STATUS, 6
0x0382	0x01A0      	CLRF       _off
0x0383	0x01A1      	CLRF       33
0x0384	0x3001      	MOVLW      1
0x0385	0x00A2      	MOVWF      _on
0x0386	0x01A3      	CLRF       35
;matrix3.c,283 :: 		void main ()
;matrix3.c,285 :: 		ADCON1=0x87;
0x0387	0x3087      	MOVLW      135
0x0388	0x1683      	BSF        STATUS, 5
0x0389	0x009F      	MOVWF      ADCON1
;matrix3.c,286 :: 		trisa=0x00;
0x038A	0x0185      	CLRF       TRISA
;matrix3.c,287 :: 		trisb=0x00;
0x038B	0x0186      	CLRF       TRISB
;matrix3.c,288 :: 		trisc=0x00;
0x038C	0x0187      	CLRF       TRISC
;matrix3.c,289 :: 		trisd=0x00;
0x038D	0x0188      	CLRF       TRISD
;matrix3.c,290 :: 		trise=0x00;
0x038E	0x0189      	CLRF       TRISE
;matrix3.c,291 :: 		porta=0x00;
0x038F	0x1283      	BCF        STATUS, 5
0x0390	0x0185      	CLRF       PORTA
;matrix3.c,292 :: 		portb=0x00;
0x0391	0x0186      	CLRF       PORTB
;matrix3.c,293 :: 		portc=0x00;
0x0392	0x0187      	CLRF       PORTC
;matrix3.c,294 :: 		portd=0x00;
0x0393	0x0188      	CLRF       PORTD
;matrix3.c,295 :: 		porte=0x00;
0x0394	0x0189      	CLRF       PORTE
;matrix3.c,297 :: 		while (1)
L_main10:
;matrix3.c,299 :: 		Move1();
0x0395	0x2305      	CALL       _Move1
;matrix3.c,300 :: 		timer();
0x0396	0x209D      	CALL       _timer
;matrix3.c,301 :: 		Move2();
0x0397	0x21AA      	CALL       _Move2
;matrix3.c,302 :: 		timer();
0x0398	0x209D      	CALL       _timer
;matrix3.c,303 :: 		Move3();
0x0399	0x2256      	CALL       _Move3
;matrix3.c,304 :: 		timer();
0x039A	0x209D      	CALL       _timer
;matrix3.c,305 :: 		}
0x039B	0x2B95      	GOTO       L_main10
;matrix3.c,306 :: 		}
L_end_main:
0x039C	0x2B9C      	GOTO       $+0
; end of _main
Symbol List:
//** Routines locations **
//ADDRESS    SIZE    PROCEDURE
//----------------------------------------------
0x0003     [128]    _All25
0x0083      [13]    _Row2
0x0090      [13]    _Row5
0x009D      [17]    _timer
0x00AE       [7]    _____DoICP
0x00B5      [28]    _AllRows
0x00D1      [13]    _Row1
0x00DE      [13]    _Row4
0x00EB     [178]    _move3sub1
0x019D      [13]    _Row3
0x01AA     [172]    _Move2
0x0256     [163]    _Move3
0x02F9      [12]    ___CC2DW
0x0305     [123]    _Move1
0x0380      [29]    _main
//** Variables locations ** 
//ADDRESS    SIZE    VARIABLE
//----------------------------------------------
0x0000       [1]    INDF
0x0002       [1]    PCL
0x0003       [1]    STATUS
0x0004       [1]    FSR
0x0005       [0]    A_4
0x0005       [0]    A_1
0x0005       [0]    Row_4
0x0005       [1]    PORTA
0x0005       [0]    A_2
0x0005       [0]    A_3
0x0006       [0]    B_4
0x0006       [0]    B_5
0x0006       [0]    B_3
0x0006       [0]    B_2
0x0006       [0]    B_1
0x0006       [0]    A_5
0x0006       [1]    PORTB
0x0007       [0]    C_3
0x0007       [0]    C_4
0x0007       [0]    C_5
0x0007       [0]    Row_2
0x0007       [0]    Row_5
0x0007       [1]    PORTC
0x0007       [0]    Row_3
0x0007       [0]    C_1
0x0007       [0]    C_2
0x0008       [0]    D_4
0x0008       [0]    D_3
0x0008       [0]    Row_1
0x0008       [0]    D_1
0x0008       [0]    D_2
0x0008       [1]    PORTD
0x0008       [0]    E_4
0x0008       [0]    D_5
0x0008       [0]    E_5
0x0009       [0]    E_2
0x0009       [0]    E_1
0x0009       [0]    E_3
0x0009       [1]    PORTE
0x000A       [1]    PCLATH
0x0020       [2]    _off
0x0022       [2]    _on
0x0024       [2]    ___DoICPAddr
0x0026       [2]    FARG_Row4_Flag
0x0026       [2]    FARG_Row5_Flag
0x0026       [2]    FARG_AllRows_Flag
0x0026       [2]    FARG_Row3_Flag
0x0026       [2]    FARG_Row2_Flag
0x0026       [2]    FARG_Row1_Flag
0x0028       [2]    FARG_All25_Flag
0x0070       [1]    R0
0x0071       [1]    R1
0x0072       [1]    R2
0x0073       [1]    R3
0x0074       [1]    R4
0x0075       [1]    R5
0x0076       [1]    R6
0x0077       [1]    R7
0x0078       [1]    R8
0x0079       [1]    R9
0x007A       [1]    R10
0x007B       [1]    R11
0x007C       [1]    R12
0x007D       [1]    R13
0x007E       [1]    R14
0x007F       [1]    R15
0x0085       [1]    TRISA
0x0086       [1]    TRISB
0x0087       [1]    TRISC
0x0088       [1]    TRISD
0x0089       [1]    TRISE
0x009F       [1]    ADCON1
