;  LST file generated by mikroListExporter - v.2.0 
; Date/Time: 04/16/16 5:29:57 PM
;----------------------------------------------

;Address Opcode 	ASM
0x0000	0x291F      	GOTO       287
_Div_16X16_U:
;__Lib_Math.c,215 :: 		
;__Lib_Math.c,222 :: 		
0x0003	0x1283      	BCF        STATUS, 5
;__Lib_Math.c,223 :: 		
0x0004	0x1303      	BCF        STATUS, 6
;__Lib_Math.c,224 :: 		
0x0005	0x01F8      	CLRF       R8
;__Lib_Math.c,225 :: 		
0x0006	0x01F9      	CLRF       R9
;__Lib_Math.c,226 :: 		
0x0007	0x3010      	MOVLW      16
;__Lib_Math.c,227 :: 		
0x0008	0x00FC      	MOVWF      R12
;__Lib_Math.c,228 :: 		
0x0009	0x0D71      	RLF        R1, 0
;__Lib_Math.c,229 :: 		
0x000A	0x0DF8      	RLF        R8, 1
;__Lib_Math.c,230 :: 		
0x000B	0x0DF9      	RLF        R9, 1
;__Lib_Math.c,231 :: 		
0x000C	0x0874      	MOVF       R4, 0
;__Lib_Math.c,232 :: 		
0x000D	0x02F8      	SUBWF      R8, 1
;__Lib_Math.c,233 :: 		
0x000E	0x0875      	MOVF       R5, 0
;__Lib_Math.c,234 :: 		
0x000F	0x1C03      	BTFSS      STATUS, 0
;__Lib_Math.c,235 :: 		
0x0010	0x0F75      	INCFSZ     R5, 0
;__Lib_Math.c,236 :: 		
0x0011	0x02F9      	SUBWF      R9, 1
;__Lib_Math.c,237 :: 		
0x0012	0x1803      	BTFSC      STATUS, 0
;__Lib_Math.c,238 :: 		
0x0013	0x281B      	GOTO       $+8
;__Lib_Math.c,239 :: 		
0x0014	0x0874      	MOVF       R4, 0
;__Lib_Math.c,240 :: 		
0x0015	0x07F8      	ADDWF      R8, 1
;__Lib_Math.c,241 :: 		
0x0016	0x0875      	MOVF       R5, 0
;__Lib_Math.c,242 :: 		
0x0017	0x1803      	BTFSC      STATUS, 0
;__Lib_Math.c,243 :: 		
0x0018	0x0F75      	INCFSZ     R5, 0
;__Lib_Math.c,244 :: 		
0x0019	0x07F9      	ADDWF      R9, 1
;__Lib_Math.c,245 :: 		
0x001A	0x1003      	BCF        STATUS, 0
;__Lib_Math.c,246 :: 		
0x001B	0x0DF0      	RLF        R0, 1
;__Lib_Math.c,247 :: 		
0x001C	0x0DF1      	RLF        R1, 1
;__Lib_Math.c,248 :: 		
0x001D	0x0BFC      	DECFSZ     R12, 1
;__Lib_Math.c,249 :: 		
0x001E	0x2809      	GOTO       $-21
;__Lib_Math.c,251 :: 		
L_end_Div_16X16_U:
0x001F	0x0008      	RETURN
; end of _Div_16X16_U
_____DoICP:
;__Lib_System.c,6 :: 		
;__Lib_System.c,9 :: 		
0x0020	0x1283      	BCF        STATUS, 5
0x0021	0x1303      	BCF        STATUS, 6
0x0022	0x086D      	MOVF       ___DoICPAddr+1, 0
0x0023	0x008A      	MOVWF      PCLATH
;__Lib_System.c,10 :: 		
0x0024	0x086C      	MOVF       ___DoICPAddr, 0
0x0025	0x0082      	MOVWF      PCL
;__Lib_System.c,12 :: 		
L_end_____DoICP:
0x0026	0x0008      	RETURN
; end of _____DoICP
_Delay_22us:
;__Lib_Delays.c,15 :: 		void Delay_22us() {
;__Lib_Delays.c,16 :: 		Delay_us(22);
0x0027	0x300E      	MOVLW      14
0x0028	0x1283      	BCF        STATUS, 5
0x0029	0x1303      	BCF        STATUS, 6
0x002A	0x00FD      	MOVWF      R13
L_Delay_22us1:
0x002B	0x0BFD      	DECFSZ     R13, 1
0x002C	0x282B      	GOTO       L_Delay_22us1
0x002D	0x0000      	NOP
;__Lib_Delays.c,17 :: 		}
L_end_Delay_22us:
0x002E	0x0008      	RETURN
; end of _Delay_22us
_UART1_Write:
;__Lib_UART_c67.c,39 :: 		
;__Lib_UART_c67.c,40 :: 		
L_UART1_Write3:
0x002F	0x1683      	BSF        STATUS, 5
0x0030	0x1303      	BCF        STATUS, 6
0x0031	0x1898      	BTFSC      TXSTA, 1
0x0032	0x2835      	GOTO       L_UART1_Write4
;__Lib_UART_c67.c,41 :: 		
0x0033	0x0000      	NOP
0x0034	0x282F      	GOTO       L_UART1_Write3
L_UART1_Write4:
;__Lib_UART_c67.c,42 :: 		
0x0035	0x0835      	MOVF       FARG_UART1_Write_data_, 0
0x0036	0x1283      	BCF        STATUS, 5
0x0037	0x0099      	MOVWF      TXREG
;__Lib_UART_c67.c,43 :: 		
L_end_UART1_Write:
0x0038	0x0008      	RETURN
; end of _UART1_Write
_UART1_Write_Text:
;__Lib_UART_c67.c,47 :: 		
;__Lib_UART_c67.c,48 :: 		
0x0039	0x1683      	BSF        STATUS, 5
0x003A	0x1303      	BCF        STATUS, 6
0x003B	0x01B2      	CLRF       UART1_Write_Text_counter_L0
;__Lib_UART_c67.c,50 :: 		
0x003C	0x0830      	MOVF       FARG_UART1_Write_Text_uart_text, 0
0x003D	0x0084      	MOVWF      FSR
0x003E	0x0800      	MOVF       INDF, 0
0x003F	0x00B1      	MOVWF      UART1_Write_Text_data__L0
;__Lib_UART_c67.c,51 :: 		
L_UART1_Write_Text5:
0x0040	0x0831      	MOVF       UART1_Write_Text_data__L0, 0
0x0041	0x3A00      	XORLW      0
0x0042	0x1903      	BTFSC      STATUS, 2
0x0043	0x284F      	GOTO       L_UART1_Write_Text6
;__Lib_UART_c67.c,52 :: 		
0x0044	0x0831      	MOVF       UART1_Write_Text_data__L0, 0
0x0045	0x00B5      	MOVWF      FARG_UART1_Write_data_
0x0046	0x202F      	CALL       _UART1_Write
;__Lib_UART_c67.c,53 :: 		
0x0047	0x1683      	BSF        STATUS, 5
0x0048	0x0AB2      	INCF       UART1_Write_Text_counter_L0, 1
;__Lib_UART_c67.c,54 :: 		
0x0049	0x0832      	MOVF       UART1_Write_Text_counter_L0, 0
0x004A	0x0730      	ADDWF      FARG_UART1_Write_Text_uart_text, 0
0x004B	0x0084      	MOVWF      FSR
0x004C	0x0800      	MOVF       INDF, 0
0x004D	0x00B1      	MOVWF      UART1_Write_Text_data__L0
;__Lib_UART_c67.c,55 :: 		
0x004E	0x2840      	GOTO       L_UART1_Write_Text5
L_UART1_Write_Text6:
;__Lib_UART_c67.c,56 :: 		
L_end_UART1_Write_Text:
0x004F	0x0008      	RETURN
; end of _UART1_Write_Text
_UART1_Init:
;__Lib_UART_c67.c,2 :: 		
;__Lib_UART_c67.c,5 :: 		
0x0050	0x1683      	BSF        STATUS, 5
0x0051	0x1303      	BCF        STATUS, 6
0x0052	0x1698      	BSF        TXSTA, 5
;__Lib_UART_c67.c,6 :: 		
0x0053	0x3090      	MOVLW      144
0x0054	0x1283      	BCF        STATUS, 5
0x0055	0x0098      	MOVWF      RCSTA
;__Lib_UART_c67.c,7 :: 		
0x0056	0x1683      	BSF        STATUS, 5
0x0057	0x1787      	BSF        TRISC7_bit, BitPos(TRISC7_bit+0)
;__Lib_UART_c67.c,8 :: 		
0x0058	0x1307      	BCF        TRISC6_bit, BitPos(TRISC6_bit+0)
;__Lib_UART_c67.c,10 :: 		
L_UART1_Init0:
0x0059	0x1283      	BCF        STATUS, 5
0x005A	0x1E8C      	BTFSS      PIR1, 5
0x005B	0x285F      	GOTO       L_UART1_Init1
;__Lib_UART_c67.c,11 :: 		
0x005C	0x081A      	MOVF       RCREG, 0
0x005D	0x00F0      	MOVWF      R0
0x005E	0x2859      	GOTO       L_UART1_Init0
L_UART1_Init1:
;__Lib_UART_c67.c,12 :: 		
L_end_UART1_Init:
0x005F	0x0008      	RETURN
; end of _UART1_Init
_UART1_Read:
;__Lib_UART_c67.c,21 :: 		
;__Lib_UART_c67.c,24 :: 		
0x0060	0x1283      	BCF        STATUS, 5
0x0061	0x1303      	BCF        STATUS, 6
0x0062	0x081A      	MOVF       RCREG, 0
0x0063	0x00F1      	MOVWF      R1
;__Lib_UART_c67.c,25 :: 		
0x0064	0x1C98      	BTFSS      RCSTA, 1
0x0065	0x2868      	GOTO       L_UART1_Read2
;__Lib_UART_c67.c,26 :: 		
0x0066	0x1218      	BCF        RCSTA, 4
;__Lib_UART_c67.c,27 :: 		
0x0067	0x1618      	BSF        RCSTA, 4
;__Lib_UART_c67.c,28 :: 		
L_UART1_Read2:
;__Lib_UART_c67.c,29 :: 		
0x0068	0x0871      	MOVF       R1, 0
0x0069	0x00F0      	MOVWF      R0
;__Lib_UART_c67.c,30 :: 		
L_end_UART1_Read:
0x006A	0x0008      	RETURN
; end of _UART1_Read
_strcat:
;__Lib_CString.c,87 :: 		
;__Lib_CString.c,90 :: 		
0x006B	0x1683      	BSF        STATUS, 5
0x006C	0x1303      	BCF        STATUS, 6
0x006D	0x0830      	MOVF       FARG_strcat_to, 0
0x006E	0x00F2      	MOVWF      R2
;__Lib_CString.c,91 :: 		
L_strcat22:
0x006F	0x0872      	MOVF       R2, 0
0x0070	0x0084      	MOVWF      FSR
0x0071	0x0800      	MOVF       INDF, 0
0x0072	0x1903      	BTFSC      STATUS, 2
0x0073	0x2876      	GOTO       L_strcat23
;__Lib_CString.c,92 :: 		
0x0074	0x0AF2      	INCF       R2, 1
0x0075	0x286F      	GOTO       L_strcat22
L_strcat23:
;__Lib_CString.c,93 :: 		
L_strcat24:
0x0076	0x0872      	MOVF       R2, 0
0x0077	0x00F1      	MOVWF      R1
0x0078	0x0AF2      	INCF       R2, 1
0x0079	0x0831      	MOVF       FARG_strcat_from, 0
0x007A	0x00F0      	MOVWF      R0
0x007B	0x0AB1      	INCF       FARG_strcat_from, 1
0x007C	0x0870      	MOVF       R0, 0
0x007D	0x0084      	MOVWF      FSR
0x007E	0x0800      	MOVF       INDF, 0
0x007F	0x00F0      	MOVWF      R0
0x0080	0x0871      	MOVF       R1, 0
0x0081	0x0084      	MOVWF      FSR
0x0082	0x0870      	MOVF       R0, 0
0x0083	0x0080      	MOVWF      INDF
0x0084	0x0871      	MOVF       R1, 0
0x0085	0x0084      	MOVWF      FSR
0x0086	0x0800      	MOVF       INDF, 0
0x0087	0x1903      	BTFSC      STATUS, 2
0x0088	0x288A      	GOTO       L_strcat25
;__Lib_CString.c,94 :: 		
0x0089	0x2876      	GOTO       L_strcat24
L_strcat25:
;__Lib_CString.c,95 :: 		
0x008A	0x0830      	MOVF       FARG_strcat_to, 0
0x008B	0x00F0      	MOVWF      R0
;__Lib_CString.c,96 :: 		
L_end_strcat:
0x008C	0x0008      	RETURN
; end of _strcat
_UART1_Data_Ready:
;__Lib_UART_c67.c,16 :: 		
;__Lib_UART_c67.c,17 :: 		
0x008D	0x3000      	MOVLW      0
0x008E	0x1283      	BCF        STATUS, 5
0x008F	0x1303      	BCF        STATUS, 6
0x0090	0x1A8C      	BTFSC      PIR1, 5
0x0091	0x3001      	MOVLW      1
0x0092	0x00F0      	MOVWF      R0
;__Lib_UART_c67.c,18 :: 		
L_end_UART1_Data_Ready:
0x0093	0x0008      	RETURN
; end of _UART1_Data_Ready
_memset:
;__Lib_CString.c,77 :: 		
;__Lib_CString.c,80 :: 		
0x0094	0x1683      	BSF        STATUS, 5
0x0095	0x1303      	BCF        STATUS, 6
0x0096	0x0830      	MOVF       FARG_memset_p1, 0
0x0097	0x00F2      	MOVWF      R2
;__Lib_CString.c,81 :: 		
L_memset20:
0x0098	0x0832      	MOVF       FARG_memset_n, 0
0x0099	0x00F0      	MOVWF      R0
0x009A	0x0833      	MOVF       FARG_memset_n+1, 0
0x009B	0x00F1      	MOVWF      R0+1
0x009C	0x3001      	MOVLW      1
0x009D	0x02B2      	SUBWF      FARG_memset_n, 1
0x009E	0x1C03      	BTFSS      STATUS, 0
0x009F	0x03B3      	DECF       FARG_memset_n+1, 1
0x00A0	0x0870      	MOVF       R0, 0
0x00A1	0x0471      	IORWF      R0+1, 0
0x00A2	0x1903      	BTFSC      STATUS, 2
0x00A3	0x28AA      	GOTO       L_memset21
;__Lib_CString.c,82 :: 		
0x00A4	0x0872      	MOVF       R2, 0
0x00A5	0x0084      	MOVWF      FSR
0x00A6	0x0831      	MOVF       FARG_memset_character, 0
0x00A7	0x0080      	MOVWF      INDF
0x00A8	0x0AF2      	INCF       R2, 1
0x00A9	0x2898      	GOTO       L_memset20
L_memset21:
;__Lib_CString.c,83 :: 		
0x00AA	0x0830      	MOVF       FARG_memset_p1, 0
0x00AB	0x00F0      	MOVWF      R0
;__Lib_CString.c,84 :: 		
L_end_memset:
0x00AC	0x0008      	RETURN
; end of _memset
_ADC_Read:
;__Lib_ADC_A_C.c,45 :: 		
;__Lib_ADC_A_C.c,47 :: 		
0x00AD	0x1283      	BCF        STATUS, 5
0x00AE	0x1303      	BCF        STATUS, 6
0x00AF	0x019F      	CLRF       ADCON0
;__Lib_ADC_A_C.c,48 :: 		
0x00B0	0x30C0      	MOVLW      192
0x00B1	0x049F      	IORWF      ADCON0, 1
;__Lib_ADC_A_C.c,49 :: 		
0x00B2	0x1683      	BSF        STATUS, 5
0x00B3	0x171F      	BSF        ADCON1, 6
;__Lib_ADC_A_C.c,50 :: 		
0x00B4	0x179F      	BSF        ADCON1, 7
;__Lib_ADC_A_C.c,51 :: 		
0x00B5	0x0830      	MOVF       FARG_ADC_Read_channel, 0
0x00B6	0x00F0      	MOVWF      R0
0x00B7	0x0DF0      	RLF        R0, 1
0x00B8	0x1070      	BCF        R0, 0
0x00B9	0x0DF0      	RLF        R0, 1
0x00BA	0x1070      	BCF        R0, 0
0x00BB	0x0DF0      	RLF        R0, 1
0x00BC	0x1070      	BCF        R0, 0
0x00BD	0x0870      	MOVF       R0, 0
0x00BE	0x1283      	BCF        STATUS, 5
0x00BF	0x049F      	IORWF      ADCON0, 1
;__Lib_ADC_A_C.c,54 :: 		
0x00C0	0x141F      	BSF        ADCON0, 0
;__Lib_ADC_A_C.c,57 :: 		
0x00C1	0x2027      	CALL       _Delay_22us
;__Lib_ADC_A_C.c,60 :: 		
0x00C2	0x151F      	BSF        ADCON0, 2
;__Lib_ADC_A_C.c,63 :: 		
L_ADC_Read2:
0x00C3	0x1D1F      	BTFSS      ADCON0, 2
0x00C4	0x28C7      	GOTO       L_ADC_Read3
;__Lib_ADC_A_C.c,64 :: 		
0x00C5	0x0000      	NOP
0x00C6	0x28C3      	GOTO       L_ADC_Read2
L_ADC_Read3:
;__Lib_ADC_A_C.c,67 :: 		
0x00C7	0x101F      	BCF        ADCON0, 0
;__Lib_ADC_A_C.c,70 :: 		
0x00C8	0x081E      	MOVF       ADRESH, 0
0x00C9	0x00F1      	MOVWF      R0+1
0x00CA	0x01F0      	CLRF       R0
0x00CB	0x1683      	BSF        STATUS, 5
0x00CC	0x081E      	MOVF       ADRESL, 0
0x00CD	0x04F0      	IORWF      R0, 1
0x00CE	0x3000      	MOVLW      0
0x00CF	0x04F1      	IORWF      R0+1, 1
;__Lib_ADC_A_C.c,71 :: 		
L_end_ADC_Read:
0x00D0	0x0008      	RETURN
; end of _ADC_Read
___CC2DW:
;__Lib_System.c,134 :: 		
;__Lib_System.c,137 :: 		
_CC2D_Loop1:
;__Lib_System.c,139 :: 		
0x00D1	0x2020      	CALL       _____DoICP
0x00D2	0x118A      	BCF        PCLATH, 3
0x00D3	0x120A      	BCF        PCLATH, 4
;__Lib_System.c,141 :: 		
0x00D4	0x0080      	MOVWF      INDF
;__Lib_System.c,142 :: 		
0x00D5	0x0A84      	INCF       FSR, 1
;__Lib_System.c,143 :: 		
0x00D6	0x0AEC      	INCF       ___DoICPAddr, 1
;__Lib_System.c,145 :: 		
0x00D7	0x1903      	BTFSC      STATUS, 2
;__Lib_System.c,146 :: 		
0x00D8	0x0AED      	INCF       ___DoICPAddr+1, 1
;__Lib_System.c,147 :: 		
0x00D9	0x03F0      	DECF       R0, 1
;__Lib_System.c,149 :: 		
0x00DA	0x1D03      	BTFSS      STATUS, 2
;__Lib_System.c,150 :: 		
0x00DB	0x28D1      	GOTO       _CC2D_Loop1
;__Lib_System.c,152 :: 		
L_end___CC2DW:
0x00DC	0x0008      	RETURN
; end of ___CC2DW
_WordToStr:
;__Lib_Conversions.c,84 :: 		
;__Lib_Conversions.c,89 :: 		
0x00DD	0x1683      	BSF        STATUS, 5
0x00DE	0x1303      	BCF        STATUS, 6
0x00DF	0x01B3      	CLRF       WordToStr_len_L0
L_WordToStr6:
0x00E0	0x3005      	MOVLW      5
0x00E1	0x0233      	SUBWF      WordToStr_len_L0, 0
0x00E2	0x1803      	BTFSC      STATUS, 0
0x00E3	0x28EB      	GOTO       L_WordToStr7
;__Lib_Conversions.c,90 :: 		
0x00E4	0x0833      	MOVF       WordToStr_len_L0, 0
0x00E5	0x0732      	ADDWF      FARG_WordToStr_output, 0
0x00E6	0x0084      	MOVWF      FSR
0x00E7	0x3020      	MOVLW      32
0x00E8	0x0080      	MOVWF      INDF
;__Lib_Conversions.c,89 :: 		
0x00E9	0x0AB3      	INCF       WordToStr_len_L0, 1
;__Lib_Conversions.c,90 :: 		
0x00EA	0x28E0      	GOTO       L_WordToStr6
L_WordToStr7:
;__Lib_Conversions.c,91 :: 		
0x00EB	0x0833      	MOVF       WordToStr_len_L0, 0
0x00EC	0x0732      	ADDWF      FARG_WordToStr_output, 0
0x00ED	0x0084      	MOVWF      FSR
0x00EE	0x0180      	CLRF       INDF
0x00EF	0x03B3      	DECF       WordToStr_len_L0, 1
;__Lib_Conversions.c,93 :: 		
L_WordToStr9:
;__Lib_Conversions.c,94 :: 		
0x00F0	0x0833      	MOVF       WordToStr_len_L0, 0
0x00F1	0x0732      	ADDWF      FARG_WordToStr_output, 0
0x00F2	0x00B4      	MOVWF      FLOC__WordToStr
0x00F3	0x300A      	MOVLW      10
0x00F4	0x00F4      	MOVWF      R4
0x00F5	0x01F5      	CLRF       R4+1
0x00F6	0x0830      	MOVF       FARG_WordToStr_input, 0
0x00F7	0x00F0      	MOVWF      R0
0x00F8	0x0831      	MOVF       FARG_WordToStr_input+1, 0
0x00F9	0x00F1      	MOVWF      R0+1
0x00FA	0x2003      	CALL       _Div_16X16_U
0x00FB	0x0878      	MOVF       R8, 0
0x00FC	0x00F0      	MOVWF      R0
0x00FD	0x0879      	MOVF       R8+1, 0
0x00FE	0x00F1      	MOVWF      R0+1
0x00FF	0x3030      	MOVLW      48
0x0100	0x07F0      	ADDWF      R0, 1
0x0101	0x1683      	BSF        STATUS, 5
0x0102	0x0834      	MOVF       FLOC__WordToStr, 0
0x0103	0x0084      	MOVWF      FSR
0x0104	0x0870      	MOVF       R0, 0
0x0105	0x0080      	MOVWF      INDF
;__Lib_Conversions.c,95 :: 		
0x0106	0x300A      	MOVLW      10
0x0107	0x00F4      	MOVWF      R4
0x0108	0x01F5      	CLRF       R4+1
0x0109	0x0830      	MOVF       FARG_WordToStr_input, 0
0x010A	0x00F0      	MOVWF      R0
0x010B	0x0831      	MOVF       FARG_WordToStr_input+1, 0
0x010C	0x00F1      	MOVWF      R0+1
0x010D	0x2003      	CALL       _Div_16X16_U
0x010E	0x0870      	MOVF       R0, 0
0x010F	0x1683      	BSF        STATUS, 5
0x0110	0x00B0      	MOVWF      FARG_WordToStr_input
0x0111	0x0871      	MOVF       R0+1, 0
0x0112	0x00B1      	MOVWF      FARG_WordToStr_input+1
;__Lib_Conversions.c,96 :: 		
0x0113	0x3000      	MOVLW      0
0x0114	0x0671      	XORWF      R0+1, 0
0x0115	0x1D03      	BTFSS      STATUS, 2
0x0116	0x2919      	GOTO       L__WordToStr109
0x0117	0x3000      	MOVLW      0
0x0118	0x0670      	XORWF      R0, 0
L__WordToStr109:
0x0119	0x1D03      	BTFSS      STATUS, 2
0x011A	0x291C      	GOTO       L_WordToStr11
;__Lib_Conversions.c,97 :: 		
0x011B	0x291E      	GOTO       L_WordToStr10
L_WordToStr11:
;__Lib_Conversions.c,98 :: 		
0x011C	0x03B3      	DECF       WordToStr_len_L0, 1
;__Lib_Conversions.c,99 :: 		
0x011D	0x28F0      	GOTO       L_WordToStr9
L_WordToStr10:
;__Lib_Conversions.c,100 :: 		
L_end_WordToStr:
0x011E	0x0008      	RETURN
; end of _WordToStr
_main:
0x011F	0x2220      	CALL       544
;zigb.c,4 :: 		void main()
;zigb.c,7 :: 		ADCON1=0b0000000;
0x0120	0x1683      	BSF        STATUS, 5
0x0121	0x1303      	BCF        STATUS, 6
0x0122	0x019F      	CLRF       ADCON1
;zigb.c,8 :: 		TRISd=0x00;
0x0123	0x0188      	CLRF       TRISD
;zigb.c,9 :: 		portd=0x00;
0x0124	0x1283      	BCF        STATUS, 5
0x0125	0x0188      	CLRF       PORTD
;zigb.c,10 :: 		UART1_Init(9600);
0x0126	0x3033      	MOVLW      51
0x0127	0x1683      	BSF        STATUS, 5
0x0128	0x0099      	MOVWF      SPBRG
0x0129	0x1518      	BSF        TXSTA, 2
0x012A	0x2050      	CALL       _UART1_Init
;zigb.c,11 :: 		Delay_ms(100);
0x012B	0x3002      	MOVLW      2
0x012C	0x00FB      	MOVWF      R11
0x012D	0x3004      	MOVLW      4
0x012E	0x00FC      	MOVWF      R12
0x012F	0x30BA      	MOVLW      186
0x0130	0x00FD      	MOVWF      R13
L_main0:
0x0131	0x0BFD      	DECFSZ     R13, 1
0x0132	0x2931      	GOTO       L_main0
0x0133	0x0BFC      	DECFSZ     R12, 1
0x0134	0x2931      	GOTO       L_main0
0x0135	0x0BFB      	DECFSZ     R11, 1
0x0136	0x2931      	GOTO       L_main0
0x0137	0x0000      	NOP
;zigb.c,13 :: 		while (1)
L_main1:
;zigb.c,15 :: 		if (UART1_Data_Ready()==1)
0x0138	0x208D      	CALL       _UART1_Data_Ready
0x0139	0x0870      	MOVF       R0, 0
0x013A	0x3A01      	XORLW      1
0x013B	0x1D03      	BTFSS      STATUS, 2
0x013C	0x29CD      	GOTO       L_main3
;zigb.c,17 :: 		uart_rd =  UART1_Read();
0x013D	0x2060      	CALL       _UART1_Read
0x013E	0x0870      	MOVF       R0, 0
0x013F	0x1683      	BSF        STATUS, 5
0x0140	0x00AF      	MOVWF      _uart_rd
;zigb.c,18 :: 		if (uart_rd=='3')
0x0141	0x0870      	MOVF       R0, 0
0x0142	0x3A33      	XORLW      51
0x0143	0x1D03      	BTFSS      STATUS, 2
0x0144	0x29CD      	GOTO       L_main4
;zigb.c,20 :: 		UART1_Write_Text("\n Welcome to G3");
0x0145	0x305C      	MOVLW      ?lstr1_zigb
0x0146	0x00B0      	MOVWF      FARG_UART1_Write_Text_uart_text
0x0147	0x2039      	CALL       _UART1_Write_Text
;zigb.c,21 :: 		while (1)
L_main5:
;zigb.c,23 :: 		if (UART1_Data_Ready()==1)
0x0148	0x208D      	CALL       _UART1_Data_Ready
0x0149	0x0870      	MOVF       R0, 0
0x014A	0x3A01      	XORLW      1
0x014B	0x1D03      	BTFSS      STATUS, 2
0x014C	0x29CC      	GOTO       L_main7
;zigb.c,25 :: 		uart_rd =  UART1_Read();
0x014D	0x2060      	CALL       _UART1_Read
0x014E	0x0870      	MOVF       R0, 0
0x014F	0x1683      	BSF        STATUS, 5
0x0150	0x00AF      	MOVWF      _uart_rd
;zigb.c,26 :: 		if (uart_rd=='T')
0x0151	0x0870      	MOVF       R0, 0
0x0152	0x3A54      	XORLW      84
0x0153	0x1D03      	BTFSS      STATUS, 2
0x0154	0x2984      	GOTO       L_main8
;zigb.c,28 :: 		uart_rd=0;
0x0155	0x01AF      	CLRF       _uart_rd
;zigb.c,29 :: 		value=0;
0x0156	0x1283      	BCF        STATUS, 5
0x0157	0x01EE      	CLRF       _value
0x0158	0x01EF      	CLRF       _value+1
;zigb.c,30 :: 		value = ADC_Read(0);
0x0159	0x1683      	BSF        STATUS, 5
0x015A	0x01B0      	CLRF       FARG_ADC_Read_channel
0x015B	0x20AD      	CALL       _ADC_Read
0x015C	0x0870      	MOVF       R0, 0
0x015D	0x1283      	BCF        STATUS, 5
0x015E	0x00EE      	MOVWF      _value
0x015F	0x0871      	MOVF       R0+1, 0
0x0160	0x00EF      	MOVWF      _value+1
;zigb.c,31 :: 		value= value/2;
0x0161	0x0870      	MOVF       R0, 0
0x0162	0x00F2      	MOVWF      R2
0x0163	0x0871      	MOVF       R0+1, 0
0x0164	0x00F3      	MOVWF      R2+1
0x0165	0x0CF3      	RRF        R2+1, 1
0x0166	0x0CF2      	RRF        R2, 1
0x0167	0x13F3      	BCF        R2+1, 7
0x0168	0x0872      	MOVF       R2, 0
0x0169	0x00EE      	MOVWF      _value
0x016A	0x0873      	MOVF       R2+1, 0
0x016B	0x00EF      	MOVWF      _value+1
;zigb.c,32 :: 		WordToStr(value,txt);
0x016C	0x0872      	MOVF       R2, 0
0x016D	0x1683      	BSF        STATUS, 5
0x016E	0x00B0      	MOVWF      FARG_WordToStr_input
0x016F	0x0873      	MOVF       R2+1, 0
0x0170	0x00B1      	MOVWF      FARG_WordToStr_input+1
0x0171	0x30A0      	MOVLW      _txt
0x0172	0x00B2      	MOVWF      FARG_WordToStr_output
0x0173	0x20DD      	CALL       _WordToStr
;zigb.c,33 :: 		UART1_Write_Text( strcat(" Temperature is ",txt));
0x0174	0x303D      	MOVLW      ?lstr2_zigb
0x0175	0x00B0      	MOVWF      FARG_strcat_to
0x0176	0x30A0      	MOVLW      _txt
0x0177	0x00B1      	MOVWF      FARG_strcat_from
0x0178	0x206B      	CALL       _strcat
0x0179	0x0870      	MOVF       R0, 0
0x017A	0x00B0      	MOVWF      FARG_UART1_Write_Text_uart_text
0x017B	0x2039      	CALL       _UART1_Write_Text
;zigb.c,34 :: 		memset(txt, 0, sizeof txt);
0x017C	0x30A0      	MOVLW      _txt
0x017D	0x00B0      	MOVWF      FARG_memset_p1
0x017E	0x01B1      	CLRF       FARG_memset_character
0x017F	0x300F      	MOVLW      15
0x0180	0x00B2      	MOVWF      FARG_memset_n
0x0181	0x3000      	MOVLW      0
0x0182	0x00B3      	MOVWF      FARG_memset_n+1
0x0183	0x2094      	CALL       _memset
;zigb.c,35 :: 		}
L_main8:
;zigb.c,37 :: 		if (uart_rd=='P')
0x0184	0x082F      	MOVF       _uart_rd, 0
0x0185	0x3A50      	XORLW      80
0x0186	0x1D03      	BTFSS      STATUS, 2
0x0187	0x29AD      	GOTO       L_main9
;zigb.c,39 :: 		uart_rd=0;
0x0188	0x01AF      	CLRF       _uart_rd
;zigb.c,40 :: 		value=0;
0x0189	0x1283      	BCF        STATUS, 5
0x018A	0x01EE      	CLRF       _value
0x018B	0x01EF      	CLRF       _value+1
;zigb.c,41 :: 		value = ADC_Read(1);
0x018C	0x3001      	MOVLW      1
0x018D	0x1683      	BSF        STATUS, 5
0x018E	0x00B0      	MOVWF      FARG_ADC_Read_channel
0x018F	0x20AD      	CALL       _ADC_Read
0x0190	0x0870      	MOVF       R0, 0
0x0191	0x1283      	BCF        STATUS, 5
0x0192	0x00EE      	MOVWF      _value
0x0193	0x0871      	MOVF       R0+1, 0
0x0194	0x00EF      	MOVWF      _value+1
;zigb.c,42 :: 		WordToStr(value,txt);
0x0195	0x0870      	MOVF       R0, 0
0x0196	0x1683      	BSF        STATUS, 5
0x0197	0x00B0      	MOVWF      FARG_WordToStr_input
0x0198	0x0871      	MOVF       R0+1, 0
0x0199	0x00B1      	MOVWF      FARG_WordToStr_input+1
0x019A	0x30A0      	MOVLW      _txt
0x019B	0x00B2      	MOVWF      FARG_WordToStr_output
0x019C	0x20DD      	CALL       _WordToStr
;zigb.c,43 :: 		UART1_Write_Text( strcat(" Potentiometer is ",txt));
0x019D	0x302A      	MOVLW      ?lstr3_zigb
0x019E	0x00B0      	MOVWF      FARG_strcat_to
0x019F	0x30A0      	MOVLW      _txt
0x01A0	0x00B1      	MOVWF      FARG_strcat_from
0x01A1	0x206B      	CALL       _strcat
0x01A2	0x0870      	MOVF       R0, 0
0x01A3	0x00B0      	MOVWF      FARG_UART1_Write_Text_uart_text
0x01A4	0x2039      	CALL       _UART1_Write_Text
;zigb.c,44 :: 		memset(txt, 0, sizeof txt);
0x01A5	0x30A0      	MOVLW      _txt
0x01A6	0x00B0      	MOVWF      FARG_memset_p1
0x01A7	0x01B1      	CLRF       FARG_memset_character
0x01A8	0x300F      	MOVLW      15
0x01A9	0x00B2      	MOVWF      FARG_memset_n
0x01AA	0x3000      	MOVLW      0
0x01AB	0x00B3      	MOVWF      FARG_memset_n+1
0x01AC	0x2094      	CALL       _memset
;zigb.c,45 :: 		}
L_main9:
;zigb.c,46 :: 		if (uart_rd=='A')
0x01AD	0x082F      	MOVF       _uart_rd, 0
0x01AE	0x3A41      	XORLW      65
0x01AF	0x1D03      	BTFSS      STATUS, 2
0x01B0	0x29B8      	GOTO       L_main10
;zigb.c,48 :: 		uart_rd=0;
0x01B1	0x01AF      	CLRF       _uart_rd
;zigb.c,49 :: 		portd.f0=1;
0x01B2	0x1283      	BCF        STATUS, 5
0x01B3	0x1408      	BSF        PORTD, 0
;zigb.c,50 :: 		UART1_Write_Text("Led is ON");
0x01B4	0x3020      	MOVLW      ?lstr4_zigb
0x01B5	0x1683      	BSF        STATUS, 5
0x01B6	0x00B0      	MOVWF      FARG_UART1_Write_Text_uart_text
0x01B7	0x2039      	CALL       _UART1_Write_Text
;zigb.c,51 :: 		}
L_main10:
;zigb.c,52 :: 		if (uart_rd=='a')
0x01B8	0x082F      	MOVF       _uart_rd, 0
0x01B9	0x3A61      	XORLW      97
0x01BA	0x1D03      	BTFSS      STATUS, 2
0x01BB	0x29C3      	GOTO       L_main11
;zigb.c,54 :: 		uart_rd=0;
0x01BC	0x01AF      	CLRF       _uart_rd
;zigb.c,55 :: 		portd.f0=0;
0x01BD	0x1283      	BCF        STATUS, 5
0x01BE	0x1008      	BCF        PORTD, 0
;zigb.c,56 :: 		UART1_Write_Text("Led is OF");
0x01BF	0x304E      	MOVLW      ?lstr5_zigb
0x01C0	0x1683      	BSF        STATUS, 5
0x01C1	0x00B0      	MOVWF      FARG_UART1_Write_Text_uart_text
0x01C2	0x2039      	CALL       _UART1_Write_Text
;zigb.c,57 :: 		}
L_main11:
;zigb.c,58 :: 		if (uart_rd=='3')
0x01C3	0x082F      	MOVF       _uart_rd, 0
0x01C4	0x3A33      	XORLW      51
0x01C5	0x1D03      	BTFSS      STATUS, 2
0x01C6	0x29CB      	GOTO       L_main12
;zigb.c,60 :: 		UART1_Write_Text("Bye");
0x01C7	0x3058      	MOVLW      ?lstr6_zigb
0x01C8	0x00B0      	MOVWF      FARG_UART1_Write_Text_uart_text
0x01C9	0x2039      	CALL       _UART1_Write_Text
;zigb.c,62 :: 		break;
0x01CA	0x29CD      	GOTO       L_main6
;zigb.c,63 :: 		}
L_main12:
;zigb.c,64 :: 		uart_rd=0;
0x01CB	0x01AF      	CLRF       _uart_rd
;zigb.c,66 :: 		}
L_main7:
;zigb.c,68 :: 		}
0x01CC	0x2948      	GOTO       L_main5
L_main6:
;zigb.c,70 :: 		}
L_main4:
;zigb.c,72 :: 		}
L_main3:
;zigb.c,73 :: 		}
0x01CD	0x2938      	GOTO       L_main1
;zigb.c,74 :: 		}
L_end_main:
0x01CE	0x29CE      	GOTO       $+0
; end of _main
0x0220	0x3020      	MOVLW      32
0x0221	0x0084      	MOVWF      FSR
0x0222	0x304C      	MOVLW      76
0x0223	0x1283      	BCF        STATUS, 5
0x0224	0x1303      	BCF        STATUS, 6
0x0225	0x00F0      	MOVWF      R0
0x0226	0x30D4      	MOVLW      212
0x0227	0x00EC      	MOVWF      ___DoICPAddr
0x0228	0x3001      	MOVLW      1
0x0229	0x00ED      	MOVWF      109
0x022A	0x20D1      	CALL       209
0x022B	0x0008      	RETURN
;zigb.c,0 :: ?ICS?lstr4_zigb
0x01D4	0x344C ;?ICS?lstr4_zigb+0
0x01D5	0x3465 ;?ICS?lstr4_zigb+1
0x01D6	0x3464 ;?ICS?lstr4_zigb+2
0x01D7	0x3420 ;?ICS?lstr4_zigb+3
0x01D8	0x3469 ;?ICS?lstr4_zigb+4
0x01D9	0x3473 ;?ICS?lstr4_zigb+5
0x01DA	0x3420 ;?ICS?lstr4_zigb+6
0x01DB	0x344F ;?ICS?lstr4_zigb+7
0x01DC	0x344E ;?ICS?lstr4_zigb+8
0x01DD	0x3400 ;?ICS?lstr4_zigb+9
; end of ?ICS?lstr4_zigb
;zigb.c,0 :: ?ICS?lstr3_zigb
0x01DE	0x3420 ;?ICS?lstr3_zigb+0
0x01DF	0x3450 ;?ICS?lstr3_zigb+1
0x01E0	0x346F ;?ICS?lstr3_zigb+2
0x01E1	0x3474 ;?ICS?lstr3_zigb+3
0x01E2	0x3465 ;?ICS?lstr3_zigb+4
0x01E3	0x346E ;?ICS?lstr3_zigb+5
0x01E4	0x3474 ;?ICS?lstr3_zigb+6
0x01E5	0x3469 ;?ICS?lstr3_zigb+7
0x01E6	0x346F ;?ICS?lstr3_zigb+8
0x01E7	0x346D ;?ICS?lstr3_zigb+9
0x01E8	0x3465 ;?ICS?lstr3_zigb+10
0x01E9	0x3474 ;?ICS?lstr3_zigb+11
0x01EA	0x3465 ;?ICS?lstr3_zigb+12
0x01EB	0x3472 ;?ICS?lstr3_zigb+13
0x01EC	0x3420 ;?ICS?lstr3_zigb+14
0x01ED	0x3469 ;?ICS?lstr3_zigb+15
0x01EE	0x3473 ;?ICS?lstr3_zigb+16
0x01EF	0x3420 ;?ICS?lstr3_zigb+17
0x01F0	0x3400 ;?ICS?lstr3_zigb+18
; end of ?ICS?lstr3_zigb
;zigb.c,0 :: ?ICS?lstr2_zigb
0x01F1	0x3420 ;?ICS?lstr2_zigb+0
0x01F2	0x3454 ;?ICS?lstr2_zigb+1
0x01F3	0x3465 ;?ICS?lstr2_zigb+2
0x01F4	0x346D ;?ICS?lstr2_zigb+3
0x01F5	0x3470 ;?ICS?lstr2_zigb+4
0x01F6	0x3465 ;?ICS?lstr2_zigb+5
0x01F7	0x3472 ;?ICS?lstr2_zigb+6
0x01F8	0x3461 ;?ICS?lstr2_zigb+7
0x01F9	0x3474 ;?ICS?lstr2_zigb+8
0x01FA	0x3475 ;?ICS?lstr2_zigb+9
0x01FB	0x3472 ;?ICS?lstr2_zigb+10
0x01FC	0x3465 ;?ICS?lstr2_zigb+11
0x01FD	0x3420 ;?ICS?lstr2_zigb+12
0x01FE	0x3469 ;?ICS?lstr2_zigb+13
0x01FF	0x3473 ;?ICS?lstr2_zigb+14
0x0200	0x3420 ;?ICS?lstr2_zigb+15
0x0201	0x3400 ;?ICS?lstr2_zigb+16
; end of ?ICS?lstr2_zigb
;zigb.c,0 :: ?ICS?lstr5_zigb
0x0202	0x344C ;?ICS?lstr5_zigb+0
0x0203	0x3465 ;?ICS?lstr5_zigb+1
0x0204	0x3464 ;?ICS?lstr5_zigb+2
0x0205	0x3420 ;?ICS?lstr5_zigb+3
0x0206	0x3469 ;?ICS?lstr5_zigb+4
0x0207	0x3473 ;?ICS?lstr5_zigb+5
0x0208	0x3420 ;?ICS?lstr5_zigb+6
0x0209	0x344F ;?ICS?lstr5_zigb+7
0x020A	0x3446 ;?ICS?lstr5_zigb+8
0x020B	0x3400 ;?ICS?lstr5_zigb+9
; end of ?ICS?lstr5_zigb
;zigb.c,0 :: ?ICS?lstr6_zigb
0x020C	0x3442 ;?ICS?lstr6_zigb+0
0x020D	0x3479 ;?ICS?lstr6_zigb+1
0x020E	0x3465 ;?ICS?lstr6_zigb+2
0x020F	0x3400 ;?ICS?lstr6_zigb+3
; end of ?ICS?lstr6_zigb
;zigb.c,0 :: ?ICS?lstr1_zigb
0x0210	0x340A ;?ICS?lstr1_zigb+0
0x0211	0x3420 ;?ICS?lstr1_zigb+1
0x0212	0x3457 ;?ICS?lstr1_zigb+2
0x0213	0x3465 ;?ICS?lstr1_zigb+3
0x0214	0x346C ;?ICS?lstr1_zigb+4
0x0215	0x3463 ;?ICS?lstr1_zigb+5
0x0216	0x346F ;?ICS?lstr1_zigb+6
0x0217	0x346D ;?ICS?lstr1_zigb+7
0x0218	0x3465 ;?ICS?lstr1_zigb+8
0x0219	0x3420 ;?ICS?lstr1_zigb+9
0x021A	0x3474 ;?ICS?lstr1_zigb+10
0x021B	0x346F ;?ICS?lstr1_zigb+11
0x021C	0x3420 ;?ICS?lstr1_zigb+12
0x021D	0x3447 ;?ICS?lstr1_zigb+13
0x021E	0x3433 ;?ICS?lstr1_zigb+14
0x021F	0x3400 ;?ICS?lstr1_zigb+15
; end of ?ICS?lstr1_zigb
Symbol List:
//** Routines locations **
//ADDRESS    SIZE    PROCEDURE
//----------------------------------------------
0x0003      [29]    _Div_16X16_U
0x0020       [7]    _____DoICP
0x0027       [8]    _Delay_22us
0x002F      [10]    _UART1_Write
0x0039      [23]    _UART1_Write_Text
0x0050      [16]    _UART1_Init
0x0060      [11]    _UART1_Read
0x006B      [34]    _strcat
0x008D       [7]    _UART1_Data_Ready
0x0094      [25]    _memset
0x00AD      [36]    _ADC_Read
0x00D1      [12]    ___CC2DW
0x00DD      [66]    _WordToStr
0x011F     [175]    _main
//** Variables locations ** 
//ADDRESS    SIZE    VARIABLE
//----------------------------------------------
0x0000       [1]    INDF
0x0002       [1]    PCL
0x0003       [1]    STATUS
0x0004       [1]    FSR
0x0008       [1]    PORTD
0x000A       [1]    PCLATH
0x000C       [1]    PIR1
0x0018       [1]    RCSTA
0x0019       [1]    TXREG
0x001A       [1]    RCREG
0x001E       [1]    ADRESH
0x001F       [1]    ADCON0
0x0020      [10]    ?lstr4_zigb
0x002A      [19]    ?lstr3_zigb
0x003D      [17]    ?lstr2_zigb
0x004E      [10]    ?lstr5_zigb
0x0058       [4]    ?lstr6_zigb
0x005C      [16]    ?lstr1_zigb
0x006C       [2]    ___DoICPAddr
0x006E       [2]    _value
0x0070       [1]    R0
0x0071       [1]    R1
0x0072       [1]    R2
0x0073       [1]    R3
0x0074       [1]    R4
0x0075       [1]    R5
0x0076       [1]    R6
0x0077       [1]    R7
0x0078       [1]    R8
0x0079       [1]    R9
0x007A       [1]    R10
0x007B       [1]    R11
0x007C       [1]    R12
0x007D       [1]    R13
0x007E       [1]    R14
0x007F       [1]    R15
0x0087       [0]    TRISC6_bit
0x0087       [0]    TRISC7_bit
0x0088       [1]    TRISD
0x0098       [1]    TXSTA
0x0099       [1]    SPBRG
0x009E       [1]    ADRESL
0x009F       [1]    ADCON1
0x00A0      [15]    _txt
0x00AF       [1]    _uart_rd
0x00B0       [1]    FARG_memset_p1
0x00B0       [1]    FARG_strcat_to
0x00B0       [2]    FARG_WordToStr_input
0x00B0       [1]    FARG_UART1_Write_Text_uart_text
0x00B0       [1]    FARG_ADC_Read_channel
0x00B1       [1]    UART1_Write_Text_data__L0
0x00B1       [1]    FARG_memset_character
0x00B1       [1]    FARG_strcat_from
0x00B2       [1]    FARG_WordToStr_output
0x00B2       [1]    UART1_Write_Text_counter_L0
0x00B2       [2]    FARG_memset_n
0x00B3       [1]    WordToStr_len_L0
0x00B4       [1]    FLOC__WordToStr
0x00B5       [1]    FARG_UART1_Write_data_
//** Constants locations ** 
//ADDRESS    SIZE    CONSTANT
//----------------------------------------------
0x01D4      [10]    ?ICS?lstr4_zigb
0x01DE      [19]    ?ICS?lstr3_zigb
0x01F1      [17]    ?ICS?lstr2_zigb
0x0202      [10]    ?ICS?lstr5_zigb
0x020C       [4]    ?ICS?lstr6_zigb
0x0210      [16]    ?ICS?lstr1_zigb
