;  LST file generated by mikroListExporter - v.2.0 
; Date/Time: 04/30/16 1:29:12 PM
;----------------------------------------------

;Address Opcode 	ASM
0x0000	0x2832      	GOTO       50
_interrupt:
0x0004	0x00FF      	MOVWF      R15
0x0005	0x0E03      	SWAPF      STATUS, 0
0x0006	0x0183      	CLRF       STATUS
0x0007	0x00A6      	MOVWF      ___saveSTATUS
0x0008	0x080A      	MOVF       PCLATH, 0
0x0009	0x00A7      	MOVWF      ___savePCLATH
0x000A	0x018A      	CLRF       PCLATH
;MyProject.c,3 :: 		void interrupt()
;MyProject.c,5 :: 		if (INTCON.F1==1)
0x000B	0x1C8B      	BTFSS      INTCON, 1
0x000C	0x2812      	GOTO       L_interrupt0
;MyProject.c,7 :: 		time=30;
0x000D	0x301E      	MOVLW      30
0x000E	0x00A2      	MOVWF      _time
0x000F	0x3000      	MOVLW      0
0x0010	0x00A3      	MOVWF      _time+1
;MyProject.c,8 :: 		INTCON.F1=0;   //INTF
0x0011	0x108B      	BCF        INTCON, 1
;MyProject.c,9 :: 		}
L_interrupt0:
;MyProject.c,10 :: 		if (PIR1.F0==1)
0x0012	0x1C0C      	BTFSS      PIR1, 0
0x0013	0x2818      	GOTO       L_interrupt1
;MyProject.c,12 :: 		value=value+1;
0x0014	0x0AA4      	INCF       _value, 1
0x0015	0x1903      	BTFSC      STATUS, 2
0x0016	0x0AA5      	INCF       _value+1, 1
;MyProject.c,13 :: 		PIR1.F0=0;
0x0017	0x100C      	BCF        PIR1, 0
;MyProject.c,14 :: 		}
L_interrupt1:
;MyProject.c,17 :: 		}
L_end_interrupt:
L__interrupt6:
0x0018	0x0827      	MOVF       ___savePCLATH, 0
0x0019	0x008A      	MOVWF      PCLATH
0x001A	0x0E26      	SWAPF      ___saveSTATUS, 0
0x001B	0x0083      	MOVWF      STATUS
0x001C	0x0EFF      	SWAPF      R15, 1
0x001D	0x0E7F      	SWAPF      R15, 0
0x001E	0x0009      	RETFIE
; end of _interrupt
_____DoICP:
;__Lib_System.c,6 :: 		
;__Lib_System.c,9 :: 		
0x001F	0x1283      	BCF        STATUS, 5
0x0020	0x1303      	BCF        STATUS, 6
0x0021	0x0821      	MOVF       ___DoICPAddr+1, 0
0x0022	0x008A      	MOVWF      PCLATH
;__Lib_System.c,10 :: 		
0x0023	0x0820      	MOVF       ___DoICPAddr, 0
0x0024	0x0082      	MOVWF      PCL
;__Lib_System.c,12 :: 		
L_end_____DoICP:
0x0025	0x0008      	RETURN
; end of _____DoICP
___CC2DW:
;__Lib_System.c,134 :: 		
;__Lib_System.c,137 :: 		
_CC2D_Loop1:
;__Lib_System.c,139 :: 		
0x0026	0x201F      	CALL       _____DoICP
0x0027	0x118A      	BCF        PCLATH, 3
0x0028	0x120A      	BCF        PCLATH, 4
;__Lib_System.c,141 :: 		
0x0029	0x0080      	MOVWF      INDF
;__Lib_System.c,142 :: 		
0x002A	0x0A84      	INCF       FSR, 1
;__Lib_System.c,143 :: 		
0x002B	0x0AA0      	INCF       ___DoICPAddr, 1
;__Lib_System.c,145 :: 		
0x002C	0x1903      	BTFSC      STATUS, 2
;__Lib_System.c,146 :: 		
0x002D	0x0AA1      	INCF       ___DoICPAddr+1, 1
;__Lib_System.c,147 :: 		
0x002E	0x03F0      	DECF       R0, 1
;__Lib_System.c,149 :: 		
0x002F	0x1D03      	BTFSS      STATUS, 2
;__Lib_System.c,150 :: 		
0x0030	0x2826      	GOTO       _CC2D_Loop1
;__Lib_System.c,152 :: 		
L_end___CC2DW:
0x0031	0x0008      	RETURN
; end of ___CC2DW
_main:
;MyProject.c,18 :: 		void main()
;MyProject.c,20 :: 		time=900;
0x0032	0x3084      	MOVLW      132
0x0033	0x1283      	BCF        STATUS, 5
0x0034	0x1303      	BCF        STATUS, 6
0x0035	0x00A2      	MOVWF      _time
0x0036	0x3003      	MOVLW      3
0x0037	0x00A3      	MOVWF      _time+1
;MyProject.c,21 :: 		INTCON.F7=1;   //GIE
0x0038	0x178B      	BSF        INTCON, 7
;MyProject.c,22 :: 		INTCON.F6=1;   //PEIE
0x0039	0x170B      	BSF        INTCON, 6
;MyProject.c,23 :: 		T1CON.F0=1;       //00000001    TIMER1 ON
0x003A	0x1410      	BSF        T1CON, 0
;MyProject.c,25 :: 		PIR1.F0=0;   // TIMER1 OVERFLOW FLAG
0x003B	0x100C      	BCF        PIR1, 0
;MyProject.c,26 :: 		PIE1.F0=1;    //TIMER1 ENABLE
0x003C	0x1683      	BSF        STATUS, 5
0x003D	0x140C      	BSF        PIE1, 0
;MyProject.c,28 :: 		INTCON.F4=1;// EXTERNAL INTERRUPTINTCON.F7=1;   //GIE
0x003E	0x160B      	BSF        INTCON, 4
;MyProject.c,29 :: 		INTCON.F4=1;   //INTE
0x003F	0x160B      	BSF        INTCON, 4
;MyProject.c,30 :: 		OPTION_REG.F6=1;  //RISING ACTIVE HIGHT
0x0040	0x1701      	BSF        OPTION_REG, 6
;MyProject.c,32 :: 		value=0;
0x0041	0x1283      	BCF        STATUS, 5
0x0042	0x01A4      	CLRF       _value
0x0043	0x01A5      	CLRF       _value+1
;MyProject.c,33 :: 		TRISD=0X00;
0x0044	0x1683      	BSF        STATUS, 5
0x0045	0x0188      	CLRF       TRISD
;MyProject.c,34 :: 		PORTD=0X0F;
0x0046	0x300F      	MOVLW      15
0x0047	0x1283      	BCF        STATUS, 5
0x0048	0x0088      	MOVWF      PORTD
;MyProject.c,36 :: 		while (1)
L_main2:
;MyProject.c,38 :: 		if(value==time)   // 0.5 micro cycle * timer1 16 bits      =  32768*0.5 *10^-6   *(30*60)  ====== 1 MINUTE
0x0049	0x0825      	MOVF       _value+1, 0
0x004A	0x0623      	XORWF      _time+1, 0
0x004B	0x1D03      	BTFSS      STATUS, 2
0x004C	0x284F      	GOTO       L__main8
0x004D	0x0822      	MOVF       _time, 0
0x004E	0x0624      	XORWF      _value, 0
L__main8:
0x004F	0x1D03      	BTFSS      STATUS, 2
0x0050	0x2854      	GOTO       L_main4
;MyProject.c,40 :: 		PORTD=~PORTD;
0x0051	0x0988      	COMF       PORTD, 1
;MyProject.c,41 :: 		value=0;
0x0052	0x01A4      	CLRF       _value
0x0053	0x01A5      	CLRF       _value+1
;MyProject.c,42 :: 		}
L_main4:
;MyProject.c,44 :: 		}
0x0054	0x2849      	GOTO       L_main2
;MyProject.c,45 :: 		}
L_end_main:
0x0055	0x2855      	GOTO       $+0
; end of _main
Symbol List:
//** Routines locations **
//ADDRESS    SIZE    PROCEDURE
//----------------------------------------------
0x0004      [27]    _interrupt
0x001F       [7]    _____DoICP
0x0026      [12]    ___CC2DW
0x0032      [36]    _main
//** Variables locations ** 
//ADDRESS    SIZE    VARIABLE
//----------------------------------------------
0x0000       [1]    INDF
0x0002       [1]    PCL
0x0003       [1]    STATUS
0x0004       [1]    FSR
0x0008       [1]    PORTD
0x000A       [1]    PCLATH
0x000B       [1]    INTCON
0x000C       [1]    PIR1
0x0010       [1]    T1CON
0x0020       [2]    ___DoICPAddr
0x0022       [2]    _time
0x0024       [2]    _value
0x0026       [1]    ___saveSTATUS
0x0027       [1]    ___savePCLATH
0x0070       [1]    R0
0x0071       [1]    R1
0x0072       [1]    R2
0x0073       [1]    R3
0x0074       [1]    R4
0x0075       [1]    R5
0x0076       [1]    R6
0x0077       [1]    R7
0x0078       [1]    R8
0x0079       [1]    R9
0x007A       [1]    R10
0x007B       [1]    R11
0x007C       [1]    R12
0x007D       [1]    R13
0x007E       [1]    R14
0x007F       [1]    R15
0x0081       [1]    OPTION_REG
0x0088       [1]    TRISD
0x008C       [1]    PIE1
