;  LST file generated by mikroListExporter - v.2.0 
; Date/Time: 04/30/16 1:57:43 PM
;----------------------------------------------

;Address Opcode 	ASM
0x0000	0x2A4A      	GOTO       586
_Delay_50us:
;__Lib_Delays.c,19 :: 		void Delay_50us() {
;__Lib_Delays.c,20 :: 		Delay_us(50);
0x0003	0x3021      	MOVLW      33
0x0004	0x1283      	BCF        STATUS, 5
0x0005	0x1303      	BCF        STATUS, 6
0x0006	0x00FD      	MOVWF      R13
L_Delay_50us2:
0x0007	0x0BFD      	DECFSZ     R13, 1
0x0008	0x2807      	GOTO       L_Delay_50us2
;__Lib_Delays.c,21 :: 		}
L_end_Delay_50us:
0x0009	0x0008      	RETURN
; end of _Delay_50us
_Delay_5500us:
;__Lib_Delays.c,31 :: 		void Delay_5500us() {
;__Lib_Delays.c,32 :: 		Delay_us(5500);
0x000A	0x300F      	MOVLW      15
0x000B	0x1283      	BCF        STATUS, 5
0x000C	0x1303      	BCF        STATUS, 6
0x000D	0x00FC      	MOVWF      R12
0x000E	0x3047      	MOVLW      71
0x000F	0x00FD      	MOVWF      R13
L_Delay_5500us5:
0x0010	0x0BFD      	DECFSZ     R13, 1
0x0011	0x2810      	GOTO       L_Delay_5500us5
0x0012	0x0BFC      	DECFSZ     R12, 1
0x0013	0x2810      	GOTO       L_Delay_5500us5
0x0014	0x0000      	NOP
0x0015	0x0000      	NOP
;__Lib_Delays.c,33 :: 		}
L_end_Delay_5500us:
0x0016	0x0008      	RETURN
; end of _Delay_5500us
_Delay_1us:
;__Lib_Delays.c,7 :: 		void Delay_1us() {
;__Lib_Delays.c,8 :: 		Delay_us(1);
0x0017	0x0000      	NOP
0x0018	0x0000      	NOP
;__Lib_Delays.c,9 :: 		}
L_end_Delay_1us:
0x0019	0x0008      	RETURN
; end of _Delay_1us
_Lcd_Cmd:
;__Lib_Lcd.c,18 :: 		
;__Lib_Lcd.c,20 :: 		
0x001A	0x1683      	BSF        STATUS, 5
0x001B	0x1303      	BCF        STATUS, 6
0x001C	0x1BAF      	BTFSC      FARG_Lcd_Cmd_out_char, 7
0x001D	0x2821      	GOTO       L__Lcd_Cmd21
0x001E	0x1283      	BCF        STATUS, 5
0x001F	0x1386      	BCF        LCD_D7, BitPos(LCD_D7+0)
0x0020	0x2823      	GOTO       L__Lcd_Cmd22
L__Lcd_Cmd21:
0x0021	0x1283      	BCF        STATUS, 5
0x0022	0x1786      	BSF        LCD_D7, BitPos(LCD_D7+0)
L__Lcd_Cmd22:
;__Lib_Lcd.c,21 :: 		
0x0023	0x1683      	BSF        STATUS, 5
0x0024	0x1B2F      	BTFSC      FARG_Lcd_Cmd_out_char, 6
0x0025	0x2829      	GOTO       L__Lcd_Cmd23
0x0026	0x1283      	BCF        STATUS, 5
0x0027	0x1306      	BCF        LCD_D6, BitPos(LCD_D6+0)
0x0028	0x282B      	GOTO       L__Lcd_Cmd24
L__Lcd_Cmd23:
0x0029	0x1283      	BCF        STATUS, 5
0x002A	0x1706      	BSF        LCD_D6, BitPos(LCD_D6+0)
L__Lcd_Cmd24:
;__Lib_Lcd.c,22 :: 		
0x002B	0x1683      	BSF        STATUS, 5
0x002C	0x1AAF      	BTFSC      FARG_Lcd_Cmd_out_char, 5
0x002D	0x2831      	GOTO       L__Lcd_Cmd25
0x002E	0x1283      	BCF        STATUS, 5
0x002F	0x1286      	BCF        LCD_D5, BitPos(LCD_D5+0)
0x0030	0x2833      	GOTO       L__Lcd_Cmd26
L__Lcd_Cmd25:
0x0031	0x1283      	BCF        STATUS, 5
0x0032	0x1686      	BSF        LCD_D5, BitPos(LCD_D5+0)
L__Lcd_Cmd26:
;__Lib_Lcd.c,23 :: 		
0x0033	0x1683      	BSF        STATUS, 5
0x0034	0x1A2F      	BTFSC      FARG_Lcd_Cmd_out_char, 4
0x0035	0x2839      	GOTO       L__Lcd_Cmd27
0x0036	0x1283      	BCF        STATUS, 5
0x0037	0x1206      	BCF        LCD_D4, BitPos(LCD_D4+0)
0x0038	0x283B      	GOTO       L__Lcd_Cmd28
L__Lcd_Cmd27:
0x0039	0x1283      	BCF        STATUS, 5
0x003A	0x1606      	BSF        LCD_D4, BitPos(LCD_D4+0)
L__Lcd_Cmd28:
;__Lib_Lcd.c,25 :: 		
0x003B	0x1867      	BTFSC      __Lib_Lcd_cmd_status, BitPos(__Lib_Lcd_cmd_status+0)
0x003C	0x283F      	GOTO       L__Lcd_Cmd29
0x003D	0x1506      	BSF        LCD_RS, BitPos(LCD_RS+0)
0x003E	0x2840      	GOTO       L__Lcd_Cmd30
L__Lcd_Cmd29:
0x003F	0x1106      	BCF        LCD_RS, BitPos(LCD_RS+0)
L__Lcd_Cmd30:
;__Lib_Lcd.c,28 :: 		
0x0040	0x1586      	BSF        LCD_EN, BitPos(LCD_EN+0)
;__Lib_Lcd.c,29 :: 		
0x0041	0x2017      	CALL       _Delay_1us
;__Lib_Lcd.c,30 :: 		
0x0042	0x1186      	BCF        LCD_EN, BitPos(LCD_EN+0)
;__Lib_Lcd.c,33 :: 		
0x0043	0x1683      	BSF        STATUS, 5
0x0044	0x19AF      	BTFSC      FARG_Lcd_Cmd_out_char, 3
0x0045	0x2849      	GOTO       L__Lcd_Cmd31
0x0046	0x1283      	BCF        STATUS, 5
0x0047	0x1386      	BCF        LCD_D7, BitPos(LCD_D7+0)
0x0048	0x284B      	GOTO       L__Lcd_Cmd32
L__Lcd_Cmd31:
0x0049	0x1283      	BCF        STATUS, 5
0x004A	0x1786      	BSF        LCD_D7, BitPos(LCD_D7+0)
L__Lcd_Cmd32:
;__Lib_Lcd.c,34 :: 		
0x004B	0x1683      	BSF        STATUS, 5
0x004C	0x192F      	BTFSC      FARG_Lcd_Cmd_out_char, 2
0x004D	0x2851      	GOTO       L__Lcd_Cmd33
0x004E	0x1283      	BCF        STATUS, 5
0x004F	0x1306      	BCF        LCD_D6, BitPos(LCD_D6+0)
0x0050	0x2853      	GOTO       L__Lcd_Cmd34
L__Lcd_Cmd33:
0x0051	0x1283      	BCF        STATUS, 5
0x0052	0x1706      	BSF        LCD_D6, BitPos(LCD_D6+0)
L__Lcd_Cmd34:
;__Lib_Lcd.c,35 :: 		
0x0053	0x1683      	BSF        STATUS, 5
0x0054	0x18AF      	BTFSC      FARG_Lcd_Cmd_out_char, 1
0x0055	0x2859      	GOTO       L__Lcd_Cmd35
0x0056	0x1283      	BCF        STATUS, 5
0x0057	0x1286      	BCF        LCD_D5, BitPos(LCD_D5+0)
0x0058	0x285B      	GOTO       L__Lcd_Cmd36
L__Lcd_Cmd35:
0x0059	0x1283      	BCF        STATUS, 5
0x005A	0x1686      	BSF        LCD_D5, BitPos(LCD_D5+0)
L__Lcd_Cmd36:
;__Lib_Lcd.c,36 :: 		
0x005B	0x1683      	BSF        STATUS, 5
0x005C	0x182F      	BTFSC      FARG_Lcd_Cmd_out_char, 0
0x005D	0x2861      	GOTO       L__Lcd_Cmd37
0x005E	0x1283      	BCF        STATUS, 5
0x005F	0x1206      	BCF        LCD_D4, BitPos(LCD_D4+0)
0x0060	0x2863      	GOTO       L__Lcd_Cmd38
L__Lcd_Cmd37:
0x0061	0x1283      	BCF        STATUS, 5
0x0062	0x1606      	BSF        LCD_D4, BitPos(LCD_D4+0)
L__Lcd_Cmd38:
;__Lib_Lcd.c,38 :: 		
0x0063	0x1867      	BTFSC      __Lib_Lcd_cmd_status, BitPos(__Lib_Lcd_cmd_status+0)
0x0064	0x2867      	GOTO       L__Lcd_Cmd39
0x0065	0x1506      	BSF        LCD_RS, BitPos(LCD_RS+0)
0x0066	0x2868      	GOTO       L__Lcd_Cmd40
L__Lcd_Cmd39:
0x0067	0x1106      	BCF        LCD_RS, BitPos(LCD_RS+0)
L__Lcd_Cmd40:
;__Lib_Lcd.c,40 :: 		
0x0068	0x1586      	BSF        LCD_EN, BitPos(LCD_EN+0)
;__Lib_Lcd.c,41 :: 		
0x0069	0x2017      	CALL       _Delay_1us
;__Lib_Lcd.c,42 :: 		
0x006A	0x1186      	BCF        LCD_EN, BitPos(LCD_EN+0)
;__Lib_Lcd.c,44 :: 		
0x006B	0x1C67      	BTFSS      __Lib_Lcd_cmd_status, BitPos(__Lib_Lcd_cmd_status+0)
0x006C	0x286F      	GOTO       L_Lcd_Cmd0
;__Lib_Lcd.c,45 :: 		
0x006D	0x200A      	CALL       _Delay_5500us
0x006E	0x2870      	GOTO       L_Lcd_Cmd1
L_Lcd_Cmd0:
;__Lib_Lcd.c,47 :: 		
0x006F	0x2003      	CALL       _Delay_50us
L_Lcd_Cmd1:
;__Lib_Lcd.c,48 :: 		
L_end_Lcd_Cmd:
0x0070	0x0008      	RETURN
; end of _Lcd_Cmd
_UART1_Write:
;__Lib_UART_c67.c,39 :: 		
;__Lib_UART_c67.c,40 :: 		
L_UART1_Write3:
0x0071	0x1683      	BSF        STATUS, 5
0x0072	0x1303      	BCF        STATUS, 6
0x0073	0x1898      	BTFSC      TXSTA, 1
0x0074	0x2877      	GOTO       L_UART1_Write4
;__Lib_UART_c67.c,41 :: 		
0x0075	0x0000      	NOP
0x0076	0x2871      	GOTO       L_UART1_Write3
L_UART1_Write4:
;__Lib_UART_c67.c,42 :: 		
0x0077	0x082F      	MOVF       FARG_UART1_Write_data_, 0
0x0078	0x1283      	BCF        STATUS, 5
0x0079	0x0099      	MOVWF      TXREG
;__Lib_UART_c67.c,43 :: 		
L_end_UART1_Write:
0x007A	0x0008      	RETURN
; end of _UART1_Write
_strcat:
;__Lib_CString.c,87 :: 		
;__Lib_CString.c,90 :: 		
0x007B	0x1283      	BCF        STATUS, 5
0x007C	0x1303      	BCF        STATUS, 6
0x007D	0x086D      	MOVF       FARG_strcat_to, 0
0x007E	0x00F2      	MOVWF      R2
;__Lib_CString.c,91 :: 		
L_strcat22:
0x007F	0x0872      	MOVF       R2, 0
0x0080	0x0084      	MOVWF      FSR
0x0081	0x0800      	MOVF       INDF, 0
0x0082	0x1903      	BTFSC      STATUS, 2
0x0083	0x2886      	GOTO       L_strcat23
;__Lib_CString.c,92 :: 		
0x0084	0x0AF2      	INCF       R2, 1
0x0085	0x287F      	GOTO       L_strcat22
L_strcat23:
;__Lib_CString.c,93 :: 		
L_strcat24:
0x0086	0x0872      	MOVF       R2, 0
0x0087	0x00F1      	MOVWF      R1
0x0088	0x0AF2      	INCF       R2, 1
0x0089	0x086E      	MOVF       FARG_strcat_from, 0
0x008A	0x00F0      	MOVWF      R0
0x008B	0x0AEE      	INCF       FARG_strcat_from, 1
0x008C	0x0870      	MOVF       R0, 0
0x008D	0x0084      	MOVWF      FSR
0x008E	0x0800      	MOVF       INDF, 0
0x008F	0x00F0      	MOVWF      R0
0x0090	0x0871      	MOVF       R1, 0
0x0091	0x0084      	MOVWF      FSR
0x0092	0x0870      	MOVF       R0, 0
0x0093	0x0080      	MOVWF      INDF
0x0094	0x0871      	MOVF       R1, 0
0x0095	0x0084      	MOVWF      FSR
0x0096	0x0800      	MOVF       INDF, 0
0x0097	0x1903      	BTFSC      STATUS, 2
0x0098	0x289A      	GOTO       L_strcat25
;__Lib_CString.c,94 :: 		
0x0099	0x2886      	GOTO       L_strcat24
L_strcat25:
;__Lib_CString.c,95 :: 		
0x009A	0x086D      	MOVF       FARG_strcat_to, 0
0x009B	0x00F0      	MOVWF      R0
;__Lib_CString.c,96 :: 		
L_end_strcat:
0x009C	0x0008      	RETURN
; end of _strcat
_Lcd_Chr_CP:
;__Lib_Lcd.c,50 :: 		
;__Lib_Lcd.c,52 :: 		
0x009D	0x1283      	BCF        STATUS, 5
0x009E	0x1303      	BCF        STATUS, 6
0x009F	0x1067      	BCF        __Lib_Lcd_cmd_status, BitPos(__Lib_Lcd_cmd_status+0)
;__Lib_Lcd.c,53 :: 		
0x00A0	0x086D      	MOVF       FARG_Lcd_Chr_CP_out_char, 0
0x00A1	0x1683      	BSF        STATUS, 5
0x00A2	0x00AF      	MOVWF      FARG_Lcd_Cmd_out_char
0x00A3	0x201A      	CALL       _Lcd_Cmd
;__Lib_Lcd.c,54 :: 		
0x00A4	0x1467      	BSF        __Lib_Lcd_cmd_status, BitPos(__Lib_Lcd_cmd_status+0)
;__Lib_Lcd.c,55 :: 		
L_end_Lcd_Chr_CP:
0x00A5	0x0008      	RETURN
; end of _Lcd_Chr_CP
_____DoICP:
;__Lib_System.c,6 :: 		
;__Lib_System.c,9 :: 		
0x00A6	0x1283      	BCF        STATUS, 5
0x00A7	0x1303      	BCF        STATUS, 6
0x00A8	0x0862      	MOVF       ___DoICPAddr+1, 0
0x00A9	0x008A      	MOVWF      PCLATH
;__Lib_System.c,10 :: 		
0x00AA	0x0861      	MOVF       ___DoICPAddr, 0
0x00AB	0x0082      	MOVWF      PCL
;__Lib_System.c,12 :: 		
L_end_____DoICP:
0x00AC	0x0008      	RETURN
; end of _____DoICP
_Div_16X16_U:
;__Lib_Math.c,215 :: 		
;__Lib_Math.c,222 :: 		
0x00AD	0x1283      	BCF        STATUS, 5
;__Lib_Math.c,223 :: 		
0x00AE	0x1303      	BCF        STATUS, 6
;__Lib_Math.c,224 :: 		
0x00AF	0x01F8      	CLRF       R8
;__Lib_Math.c,225 :: 		
0x00B0	0x01F9      	CLRF       R9
;__Lib_Math.c,226 :: 		
0x00B1	0x3010      	MOVLW      16
;__Lib_Math.c,227 :: 		
0x00B2	0x00FC      	MOVWF      R12
;__Lib_Math.c,228 :: 		
0x00B3	0x0D71      	RLF        R1, 0
;__Lib_Math.c,229 :: 		
0x00B4	0x0DF8      	RLF        R8, 1
;__Lib_Math.c,230 :: 		
0x00B5	0x0DF9      	RLF        R9, 1
;__Lib_Math.c,231 :: 		
0x00B6	0x0874      	MOVF       R4, 0
;__Lib_Math.c,232 :: 		
0x00B7	0x02F8      	SUBWF      R8, 1
;__Lib_Math.c,233 :: 		
0x00B8	0x0875      	MOVF       R5, 0
;__Lib_Math.c,234 :: 		
0x00B9	0x1C03      	BTFSS      STATUS, 0
;__Lib_Math.c,235 :: 		
0x00BA	0x0F75      	INCFSZ     R5, 0
;__Lib_Math.c,236 :: 		
0x00BB	0x02F9      	SUBWF      R9, 1
;__Lib_Math.c,237 :: 		
0x00BC	0x1803      	BTFSC      STATUS, 0
;__Lib_Math.c,238 :: 		
0x00BD	0x28C5      	GOTO       $+8
;__Lib_Math.c,239 :: 		
0x00BE	0x0874      	MOVF       R4, 0
;__Lib_Math.c,240 :: 		
0x00BF	0x07F8      	ADDWF      R8, 1
;__Lib_Math.c,241 :: 		
0x00C0	0x0875      	MOVF       R5, 0
;__Lib_Math.c,242 :: 		
0x00C1	0x1803      	BTFSC      STATUS, 0
;__Lib_Math.c,243 :: 		
0x00C2	0x0F75      	INCFSZ     R5, 0
;__Lib_Math.c,244 :: 		
0x00C3	0x07F9      	ADDWF      R9, 1
;__Lib_Math.c,245 :: 		
0x00C4	0x1003      	BCF        STATUS, 0
;__Lib_Math.c,246 :: 		
0x00C5	0x0DF0      	RLF        R0, 1
;__Lib_Math.c,247 :: 		
0x00C6	0x0DF1      	RLF        R1, 1
;__Lib_Math.c,248 :: 		
0x00C7	0x0BFC      	DECFSZ     R12, 1
;__Lib_Math.c,249 :: 		
0x00C8	0x28B3      	GOTO       $-21
;__Lib_Math.c,251 :: 		
L_end_Div_16X16_U:
0x00C9	0x0008      	RETURN
; end of _Div_16X16_U
_Delay_22us:
;__Lib_Delays.c,15 :: 		void Delay_22us() {
;__Lib_Delays.c,16 :: 		Delay_us(22);
0x00CA	0x300E      	MOVLW      14
0x00CB	0x1283      	BCF        STATUS, 5
0x00CC	0x1303      	BCF        STATUS, 6
0x00CD	0x00FD      	MOVWF      R13
L_Delay_22us1:
0x00CE	0x0BFD      	DECFSZ     R13, 1
0x00CF	0x28CE      	GOTO       L_Delay_22us1
0x00D0	0x0000      	NOP
;__Lib_Delays.c,17 :: 		}
L_end_Delay_22us:
0x00D1	0x0008      	RETURN
; end of _Delay_22us
_UART1_Write_Text:
;__Lib_UART_c67.c,47 :: 		
;__Lib_UART_c67.c,48 :: 		
0x00D2	0x1283      	BCF        STATUS, 5
0x00D3	0x1303      	BCF        STATUS, 6
0x00D4	0x01EF      	CLRF       UART1_Write_Text_counter_L0
;__Lib_UART_c67.c,50 :: 		
0x00D5	0x086D      	MOVF       FARG_UART1_Write_Text_uart_text, 0
0x00D6	0x0084      	MOVWF      FSR
0x00D7	0x0800      	MOVF       INDF, 0
0x00D8	0x00EE      	MOVWF      UART1_Write_Text_data__L0
;__Lib_UART_c67.c,51 :: 		
L_UART1_Write_Text5:
0x00D9	0x086E      	MOVF       UART1_Write_Text_data__L0, 0
0x00DA	0x3A00      	XORLW      0
0x00DB	0x1903      	BTFSC      STATUS, 2
0x00DC	0x28E8      	GOTO       L_UART1_Write_Text6
;__Lib_UART_c67.c,52 :: 		
0x00DD	0x086E      	MOVF       UART1_Write_Text_data__L0, 0
0x00DE	0x1683      	BSF        STATUS, 5
0x00DF	0x00AF      	MOVWF      FARG_UART1_Write_data_
0x00E0	0x2071      	CALL       _UART1_Write
;__Lib_UART_c67.c,53 :: 		
0x00E1	0x0AEF      	INCF       UART1_Write_Text_counter_L0, 1
;__Lib_UART_c67.c,54 :: 		
0x00E2	0x086F      	MOVF       UART1_Write_Text_counter_L0, 0
0x00E3	0x076D      	ADDWF      FARG_UART1_Write_Text_uart_text, 0
0x00E4	0x0084      	MOVWF      FSR
0x00E5	0x0800      	MOVF       INDF, 0
0x00E6	0x00EE      	MOVWF      UART1_Write_Text_data__L0
;__Lib_UART_c67.c,55 :: 		
0x00E7	0x28D9      	GOTO       L_UART1_Write_Text5
L_UART1_Write_Text6:
;__Lib_UART_c67.c,56 :: 		
L_end_UART1_Write_Text:
0x00E8	0x0008      	RETURN
; end of _UART1_Write_Text
_Lcd_Out:
;__Lib_Lcd.c,184 :: 		
;__Lib_Lcd.c,187 :: 		
0x00E9	0x28FB      	GOTO       L_Lcd_Out11
;__Lib_Lcd.c,188 :: 		
L_Lcd_Out13:
0x00EA	0x3080      	MOVLW      128
0x00EB	0x1283      	BCF        STATUS, 5
0x00EC	0x1303      	BCF        STATUS, 6
0x00ED	0x00E8      	MOVWF      FARG_Lcd_Out_row
0x00EE	0x290E      	GOTO       L_Lcd_Out12
;__Lib_Lcd.c,189 :: 		
L_Lcd_Out14:
0x00EF	0x30C0      	MOVLW      192
0x00F0	0x00E8      	MOVWF      FARG_Lcd_Out_row
0x00F1	0x290E      	GOTO       L_Lcd_Out12
;__Lib_Lcd.c,190 :: 		
L_Lcd_Out15:
0x00F2	0x3094      	MOVLW      148
0x00F3	0x00E8      	MOVWF      FARG_Lcd_Out_row
0x00F4	0x290E      	GOTO       L_Lcd_Out12
;__Lib_Lcd.c,191 :: 		
L_Lcd_Out16:
0x00F5	0x30D4      	MOVLW      212
0x00F6	0x00E8      	MOVWF      FARG_Lcd_Out_row
0x00F7	0x290E      	GOTO       L_Lcd_Out12
;__Lib_Lcd.c,192 :: 		
L_Lcd_Out17:
0x00F8	0x3080      	MOVLW      128
0x00F9	0x00E8      	MOVWF      FARG_Lcd_Out_row
;__Lib_Lcd.c,193 :: 		
0x00FA	0x290E      	GOTO       L_Lcd_Out12
L_Lcd_Out11:
0x00FB	0x1283      	BCF        STATUS, 5
0x00FC	0x1303      	BCF        STATUS, 6
0x00FD	0x0868      	MOVF       FARG_Lcd_Out_row, 0
0x00FE	0x3A01      	XORLW      1
0x00FF	0x1903      	BTFSC      STATUS, 2
0x0100	0x28EA      	GOTO       L_Lcd_Out13
0x0101	0x0868      	MOVF       FARG_Lcd_Out_row, 0
0x0102	0x3A02      	XORLW      2
0x0103	0x1903      	BTFSC      STATUS, 2
0x0104	0x28EF      	GOTO       L_Lcd_Out14
0x0105	0x0868      	MOVF       FARG_Lcd_Out_row, 0
0x0106	0x3A03      	XORLW      3
0x0107	0x1903      	BTFSC      STATUS, 2
0x0108	0x28F2      	GOTO       L_Lcd_Out15
0x0109	0x0868      	MOVF       FARG_Lcd_Out_row, 0
0x010A	0x3A04      	XORLW      4
0x010B	0x1903      	BTFSC      STATUS, 2
0x010C	0x28F5      	GOTO       L_Lcd_Out16
0x010D	0x28F8      	GOTO       L_Lcd_Out17
L_Lcd_Out12:
;__Lib_Lcd.c,194 :: 		
0x010E	0x0369      	DECF       FARG_Lcd_Out_column, 0
0x010F	0x00F0      	MOVWF      R0
0x0110	0x0868      	MOVF       FARG_Lcd_Out_row, 0
0x0111	0x07F0      	ADDWF      R0, 1
0x0112	0x0870      	MOVF       R0, 0
0x0113	0x00E8      	MOVWF      FARG_Lcd_Out_row
;__Lib_Lcd.c,196 :: 		
0x0114	0x0870      	MOVF       R0, 0
0x0115	0x1683      	BSF        STATUS, 5
0x0116	0x00AF      	MOVWF      FARG_Lcd_Cmd_out_char
0x0117	0x201A      	CALL       _Lcd_Cmd
;__Lib_Lcd.c,197 :: 		
0x0118	0x1067      	BCF        __Lib_Lcd_cmd_status, BitPos(__Lib_Lcd_cmd_status+0)
;__Lib_Lcd.c,198 :: 		
0x0119	0x01EB      	CLRF       Lcd_Out_i_L0
;__Lib_Lcd.c,199 :: 		
L_Lcd_Out18:
0x011A	0x086B      	MOVF       Lcd_Out_i_L0, 0
0x011B	0x076A      	ADDWF      FARG_Lcd_Out_text, 0
0x011C	0x0084      	MOVWF      FSR
0x011D	0x0800      	MOVF       INDF, 0
0x011E	0x1903      	BTFSC      STATUS, 2
0x011F	0x2928      	GOTO       L_Lcd_Out19
;__Lib_Lcd.c,200 :: 		
0x0120	0x086B      	MOVF       Lcd_Out_i_L0, 0
0x0121	0x076A      	ADDWF      FARG_Lcd_Out_text, 0
0x0122	0x0084      	MOVWF      FSR
0x0123	0x0800      	MOVF       INDF, 0
0x0124	0x00ED      	MOVWF      FARG_Lcd_Chr_CP_out_char
0x0125	0x209D      	CALL       _Lcd_Chr_CP
0x0126	0x0AEB      	INCF       Lcd_Out_i_L0, 1
0x0127	0x291A      	GOTO       L_Lcd_Out18
L_Lcd_Out19:
;__Lib_Lcd.c,201 :: 		
0x0128	0x1467      	BSF        __Lib_Lcd_cmd_status, BitPos(__Lib_Lcd_cmd_status+0)
;__Lib_Lcd.c,202 :: 		
L_end_Lcd_Out:
0x0129	0x0008      	RETURN
; end of _Lcd_Out
_SendMSG:
;MyProject.c,34 :: 		void SendMSG(char Val[])
;MyProject.c,37 :: 		UART1_Write_Text("AT+CMGS=\"0772243320\"");
0x012A	0x3041      	MOVLW      ?lstr4_MyProject
0x012B	0x1283      	BCF        STATUS, 5
0x012C	0x1303      	BCF        STATUS, 6
0x012D	0x00ED      	MOVWF      FARG_UART1_Write_Text_uart_text
0x012E	0x20D2      	CALL       _UART1_Write_Text
;MyProject.c,38 :: 		UART1_Write(13);
0x012F	0x300D      	MOVLW      13
0x0130	0x1683      	BSF        STATUS, 5
0x0131	0x00AF      	MOVWF      FARG_UART1_Write_data_
0x0132	0x2071      	CALL       _UART1_Write
;MyProject.c,39 :: 		UART1_Write(10);
0x0133	0x300A      	MOVLW      10
0x0134	0x1683      	BSF        STATUS, 5
0x0135	0x00AF      	MOVWF      FARG_UART1_Write_data_
0x0136	0x2071      	CALL       _UART1_Write
;MyProject.c,40 :: 		delay_ms(2000);
0x0137	0x3015      	MOVLW      21
0x0138	0x00FB      	MOVWF      R11
0x0139	0x304B      	MOVLW      75
0x013A	0x00FC      	MOVWF      R12
0x013B	0x30BE      	MOVLW      190
0x013C	0x00FD      	MOVWF      R13
L_SendMSG0:
0x013D	0x0BFD      	DECFSZ     R13, 1
0x013E	0x293D      	GOTO       L_SendMSG0
0x013F	0x0BFC      	DECFSZ     R12, 1
0x0140	0x293D      	GOTO       L_SendMSG0
0x0141	0x0BFB      	DECFSZ     R11, 1
0x0142	0x293D      	GOTO       L_SendMSG0
0x0143	0x0000      	NOP
;MyProject.c,41 :: 		UART1_Write_Text(strcat("sari Alarm", Val));
0x0144	0x3056      	MOVLW      ?lstr5_MyProject
0x0145	0x00ED      	MOVWF      FARG_strcat_to
0x0146	0x0868      	MOVF       FARG_SendMSG_Val, 0
0x0147	0x00EE      	MOVWF      FARG_strcat_from
0x0148	0x207B      	CALL       _strcat
0x0149	0x0870      	MOVF       R0, 0
0x014A	0x00ED      	MOVWF      FARG_UART1_Write_Text_uart_text
0x014B	0x20D2      	CALL       _UART1_Write_Text
;MyProject.c,42 :: 		UART1_Write(26);
0x014C	0x301A      	MOVLW      26
0x014D	0x1683      	BSF        STATUS, 5
0x014E	0x00AF      	MOVWF      FARG_UART1_Write_data_
0x014F	0x2071      	CALL       _UART1_Write
;MyProject.c,43 :: 		}
L_end_SendMSG:
0x0150	0x0008      	RETURN
; end of _SendMSG
_ADC_Read:
;__Lib_ADC_A_C.c,45 :: 		
;__Lib_ADC_A_C.c,47 :: 		
0x0151	0x1283      	BCF        STATUS, 5
0x0152	0x1303      	BCF        STATUS, 6
0x0153	0x019F      	CLRF       ADCON0
;__Lib_ADC_A_C.c,48 :: 		
0x0154	0x30C0      	MOVLW      192
0x0155	0x049F      	IORWF      ADCON0, 1
;__Lib_ADC_A_C.c,49 :: 		
0x0156	0x1683      	BSF        STATUS, 5
0x0157	0x171F      	BSF        ADCON1, 6
;__Lib_ADC_A_C.c,50 :: 		
0x0158	0x179F      	BSF        ADCON1, 7
;__Lib_ADC_A_C.c,51 :: 		
0x0159	0x1283      	BCF        STATUS, 5
0x015A	0x0868      	MOVF       FARG_ADC_Read_channel, 0
0x015B	0x00F0      	MOVWF      R0
0x015C	0x0DF0      	RLF        R0, 1
0x015D	0x1070      	BCF        R0, 0
0x015E	0x0DF0      	RLF        R0, 1
0x015F	0x1070      	BCF        R0, 0
0x0160	0x0DF0      	RLF        R0, 1
0x0161	0x1070      	BCF        R0, 0
0x0162	0x0870      	MOVF       R0, 0
0x0163	0x049F      	IORWF      ADCON0, 1
;__Lib_ADC_A_C.c,54 :: 		
0x0164	0x141F      	BSF        ADCON0, 0
;__Lib_ADC_A_C.c,57 :: 		
0x0165	0x20CA      	CALL       _Delay_22us
;__Lib_ADC_A_C.c,60 :: 		
0x0166	0x151F      	BSF        ADCON0, 2
;__Lib_ADC_A_C.c,63 :: 		
L_ADC_Read2:
0x0167	0x1D1F      	BTFSS      ADCON0, 2
0x0168	0x296B      	GOTO       L_ADC_Read3
;__Lib_ADC_A_C.c,64 :: 		
0x0169	0x0000      	NOP
0x016A	0x2967      	GOTO       L_ADC_Read2
L_ADC_Read3:
;__Lib_ADC_A_C.c,67 :: 		
0x016B	0x101F      	BCF        ADCON0, 0
;__Lib_ADC_A_C.c,70 :: 		
0x016C	0x081E      	MOVF       ADRESH, 0
0x016D	0x00F1      	MOVWF      R0+1
0x016E	0x01F0      	CLRF       R0
0x016F	0x1683      	BSF        STATUS, 5
0x0170	0x081E      	MOVF       ADRESL, 0
0x0171	0x04F0      	IORWF      R0, 1
0x0172	0x3000      	MOVLW      0
0x0173	0x04F1      	IORWF      R0+1, 1
;__Lib_ADC_A_C.c,71 :: 		
L_end_ADC_Read:
0x0174	0x0008      	RETURN
; end of _ADC_Read
_UART1_Read:
;__Lib_UART_c67.c,21 :: 		
;__Lib_UART_c67.c,24 :: 		
0x0175	0x1283      	BCF        STATUS, 5
0x0176	0x1303      	BCF        STATUS, 6
0x0177	0x081A      	MOVF       RCREG, 0
0x0178	0x00F1      	MOVWF      R1
;__Lib_UART_c67.c,25 :: 		
0x0179	0x1C98      	BTFSS      RCSTA, 1
0x017A	0x297D      	GOTO       L_UART1_Read2
;__Lib_UART_c67.c,26 :: 		
0x017B	0x1218      	BCF        RCSTA, 4
;__Lib_UART_c67.c,27 :: 		
0x017C	0x1618      	BSF        RCSTA, 4
;__Lib_UART_c67.c,28 :: 		
L_UART1_Read2:
;__Lib_UART_c67.c,29 :: 		
0x017D	0x0871      	MOVF       R1, 0
0x017E	0x00F0      	MOVWF      R0
;__Lib_UART_c67.c,30 :: 		
L_end_UART1_Read:
0x017F	0x0008      	RETURN
; end of _UART1_Read
_UART1_Data_Ready:
;__Lib_UART_c67.c,16 :: 		
;__Lib_UART_c67.c,17 :: 		
0x0180	0x3000      	MOVLW      0
0x0181	0x1283      	BCF        STATUS, 5
0x0182	0x1303      	BCF        STATUS, 6
0x0183	0x1A8C      	BTFSC      PIR1, 5
0x0184	0x3001      	MOVLW      1
0x0185	0x00F0      	MOVWF      R0
;__Lib_UART_c67.c,18 :: 		
L_end_UART1_Data_Ready:
0x0186	0x0008      	RETURN
; end of _UART1_Data_Ready
_Lcd_Init:
;__Lib_Lcd.c,84 :: 		
;__Lib_Lcd.c,86 :: 		
0x0187	0x1683      	BSF        STATUS, 5
0x0188	0x1303      	BCF        STATUS, 6
0x0189	0x1186      	BCF        LCD_EN_Direction, BitPos(LCD_EN_Direction+0)
;__Lib_Lcd.c,87 :: 		
0x018A	0x1106      	BCF        LCD_RS_Direction, BitPos(LCD_RS_Direction+0)
;__Lib_Lcd.c,88 :: 		
0x018B	0x1206      	BCF        LCD_D4_Direction, BitPos(LCD_D4_Direction+0)
;__Lib_Lcd.c,89 :: 		
0x018C	0x1286      	BCF        LCD_D5_Direction, BitPos(LCD_D5_Direction+0)
;__Lib_Lcd.c,90 :: 		
0x018D	0x1306      	BCF        LCD_D6_Direction, BitPos(LCD_D6_Direction+0)
;__Lib_Lcd.c,91 :: 		
0x018E	0x1386      	BCF        LCD_D7_Direction, BitPos(LCD_D7_Direction+0)
;__Lib_Lcd.c,93 :: 		
0x018F	0x1283      	BCF        STATUS, 5
0x0190	0x1186      	BCF        LCD_EN, BitPos(LCD_EN+0)
;__Lib_Lcd.c,94 :: 		
0x0191	0x1106      	BCF        LCD_RS, BitPos(LCD_RS+0)
;__Lib_Lcd.c,95 :: 		
0x0192	0x1386      	BCF        LCD_D7, BitPos(LCD_D7+0)
;__Lib_Lcd.c,96 :: 		
0x0193	0x1306      	BCF        LCD_D6, BitPos(LCD_D6+0)
;__Lib_Lcd.c,97 :: 		
0x0194	0x1286      	BCF        LCD_D5, BitPos(LCD_D5+0)
;__Lib_Lcd.c,98 :: 		
0x0195	0x1206      	BCF        LCD_D4, BitPos(LCD_D4+0)
;__Lib_Lcd.c,100 :: 		
0x0196	0x200A      	CALL       _Delay_5500us
;__Lib_Lcd.c,101 :: 		
0x0197	0x200A      	CALL       _Delay_5500us
;__Lib_Lcd.c,102 :: 		
0x0198	0x200A      	CALL       _Delay_5500us
;__Lib_Lcd.c,105 :: 		
0x0199	0x1686      	BSF        LCD_D5, BitPos(LCD_D5+0)
;__Lib_Lcd.c,106 :: 		
0x019A	0x1606      	BSF        LCD_D4, BitPos(LCD_D4+0)
;__Lib_Lcd.c,107 :: 		
0x019B	0x1586      	BSF        LCD_EN, BitPos(LCD_EN+0)
;__Lib_Lcd.c,108 :: 		
0x019C	0x2017      	CALL       _Delay_1us
;__Lib_Lcd.c,109 :: 		
0x019D	0x1186      	BCF        LCD_EN, BitPos(LCD_EN+0)
;__Lib_Lcd.c,110 :: 		
0x019E	0x200A      	CALL       _Delay_5500us
;__Lib_Lcd.c,112 :: 		
0x019F	0x1586      	BSF        LCD_EN, BitPos(LCD_EN+0)
;__Lib_Lcd.c,113 :: 		
0x01A0	0x2017      	CALL       _Delay_1us
;__Lib_Lcd.c,114 :: 		
0x01A1	0x1186      	BCF        LCD_EN, BitPos(LCD_EN+0)
;__Lib_Lcd.c,115 :: 		
0x01A2	0x200A      	CALL       _Delay_5500us
;__Lib_Lcd.c,117 :: 		
0x01A3	0x1586      	BSF        LCD_EN, BitPos(LCD_EN+0)
;__Lib_Lcd.c,118 :: 		
0x01A4	0x2017      	CALL       _Delay_1us
;__Lib_Lcd.c,119 :: 		
0x01A5	0x1186      	BCF        LCD_EN, BitPos(LCD_EN+0)
;__Lib_Lcd.c,120 :: 		
0x01A6	0x200A      	CALL       _Delay_5500us
;__Lib_Lcd.c,123 :: 		
0x01A7	0x1206      	BCF        LCD_D4, BitPos(LCD_D4+0)
;__Lib_Lcd.c,124 :: 		
0x01A8	0x1586      	BSF        LCD_EN, BitPos(LCD_EN+0)
;__Lib_Lcd.c,125 :: 		
0x01A9	0x2017      	CALL       _Delay_1us
;__Lib_Lcd.c,126 :: 		
0x01AA	0x1186      	BCF        LCD_EN, BitPos(LCD_EN+0)
;__Lib_Lcd.c,127 :: 		
0x01AB	0x200A      	CALL       _Delay_5500us
;__Lib_Lcd.c,130 :: 		
0x01AC	0x1586      	BSF        LCD_EN, BitPos(LCD_EN+0)
;__Lib_Lcd.c,131 :: 		
0x01AD	0x2017      	CALL       _Delay_1us
;__Lib_Lcd.c,132 :: 		
0x01AE	0x1186      	BCF        LCD_EN, BitPos(LCD_EN+0)
;__Lib_Lcd.c,134 :: 		
0x01AF	0x1286      	BCF        LCD_D5, BitPos(LCD_D5+0)
;__Lib_Lcd.c,135 :: 		
0x01B0	0x1786      	BSF        LCD_D7, BitPos(LCD_D7+0)
;__Lib_Lcd.c,136 :: 		
0x01B1	0x1586      	BSF        LCD_EN, BitPos(LCD_EN+0)
;__Lib_Lcd.c,137 :: 		
0x01B2	0x2017      	CALL       _Delay_1us
;__Lib_Lcd.c,138 :: 		
0x01B3	0x1186      	BCF        LCD_EN, BitPos(LCD_EN+0)
;__Lib_Lcd.c,139 :: 		
0x01B4	0x200A      	CALL       _Delay_5500us
;__Lib_Lcd.c,142 :: 		
0x01B5	0x1386      	BCF        LCD_D7, BitPos(LCD_D7+0)
;__Lib_Lcd.c,143 :: 		
0x01B6	0x1606      	BSF        LCD_D4, BitPos(LCD_D4+0)
;__Lib_Lcd.c,144 :: 		
0x01B7	0x1586      	BSF        LCD_EN, BitPos(LCD_EN+0)
;__Lib_Lcd.c,145 :: 		
0x01B8	0x2017      	CALL       _Delay_1us
;__Lib_Lcd.c,146 :: 		
0x01B9	0x1186      	BCF        LCD_EN, BitPos(LCD_EN+0)
;__Lib_Lcd.c,148 :: 		
0x01BA	0x1206      	BCF        LCD_D4, BitPos(LCD_D4+0)
;__Lib_Lcd.c,149 :: 		
0x01BB	0x1586      	BSF        LCD_EN, BitPos(LCD_EN+0)
;__Lib_Lcd.c,150 :: 		
0x01BC	0x2017      	CALL       _Delay_1us
;__Lib_Lcd.c,151 :: 		
0x01BD	0x1186      	BCF        LCD_EN, BitPos(LCD_EN+0)
;__Lib_Lcd.c,152 :: 		
0x01BE	0x200A      	CALL       _Delay_5500us
;__Lib_Lcd.c,155 :: 		
0x01BF	0x1586      	BSF        LCD_EN, BitPos(LCD_EN+0)
;__Lib_Lcd.c,156 :: 		
0x01C0	0x2017      	CALL       _Delay_1us
;__Lib_Lcd.c,157 :: 		
0x01C1	0x1186      	BCF        LCD_EN, BitPos(LCD_EN+0)
;__Lib_Lcd.c,159 :: 		
0x01C2	0x1606      	BSF        LCD_D4, BitPos(LCD_D4+0)
;__Lib_Lcd.c,160 :: 		
0x01C3	0x1586      	BSF        LCD_EN, BitPos(LCD_EN+0)
;__Lib_Lcd.c,161 :: 		
0x01C4	0x2017      	CALL       _Delay_1us
;__Lib_Lcd.c,162 :: 		
0x01C5	0x1186      	BCF        LCD_EN, BitPos(LCD_EN+0)
;__Lib_Lcd.c,163 :: 		
0x01C6	0x200A      	CALL       _Delay_5500us
;__Lib_Lcd.c,166 :: 		
0x01C7	0x1206      	BCF        LCD_D4, BitPos(LCD_D4+0)
;__Lib_Lcd.c,167 :: 		
0x01C8	0x1586      	BSF        LCD_EN, BitPos(LCD_EN+0)
;__Lib_Lcd.c,168 :: 		
0x01C9	0x2017      	CALL       _Delay_1us
;__Lib_Lcd.c,169 :: 		
0x01CA	0x1186      	BCF        LCD_EN, BitPos(LCD_EN+0)
;__Lib_Lcd.c,171 :: 		
0x01CB	0x1786      	BSF        LCD_D7, BitPos(LCD_D7+0)
;__Lib_Lcd.c,172 :: 		
0x01CC	0x1706      	BSF        LCD_D6, BitPos(LCD_D6+0)
;__Lib_Lcd.c,173 :: 		
0x01CD	0x1686      	BSF        LCD_D5, BitPos(LCD_D5+0)
;__Lib_Lcd.c,174 :: 		
0x01CE	0x1606      	BSF        LCD_D4, BitPos(LCD_D4+0)
;__Lib_Lcd.c,175 :: 		
0x01CF	0x1586      	BSF        LCD_EN, BitPos(LCD_EN+0)
;__Lib_Lcd.c,176 :: 		
0x01D0	0x2017      	CALL       _Delay_1us
;__Lib_Lcd.c,177 :: 		
0x01D1	0x1186      	BCF        LCD_EN, BitPos(LCD_EN+0)
;__Lib_Lcd.c,179 :: 		
0x01D2	0x200A      	CALL       _Delay_5500us
;__Lib_Lcd.c,181 :: 		
0x01D3	0x1467      	BSF        __Lib_Lcd_cmd_status, BitPos(__Lib_Lcd_cmd_status+0)
;__Lib_Lcd.c,182 :: 		
L_end_Lcd_Init:
0x01D4	0x0008      	RETURN
; end of _Lcd_Init
___CC2DW:
;__Lib_System.c,134 :: 		
;__Lib_System.c,137 :: 		
_CC2D_Loop1:
;__Lib_System.c,139 :: 		
0x01D5	0x20A6      	CALL       _____DoICP
0x01D6	0x118A      	BCF        PCLATH, 3
0x01D7	0x120A      	BCF        PCLATH, 4
;__Lib_System.c,141 :: 		
0x01D8	0x0080      	MOVWF      INDF
;__Lib_System.c,142 :: 		
0x01D9	0x0A84      	INCF       FSR, 1
;__Lib_System.c,143 :: 		
0x01DA	0x0AE1      	INCF       ___DoICPAddr, 1
;__Lib_System.c,145 :: 		
0x01DB	0x1903      	BTFSC      STATUS, 2
;__Lib_System.c,146 :: 		
0x01DC	0x0AE2      	INCF       ___DoICPAddr+1, 1
;__Lib_System.c,147 :: 		
0x01DD	0x03F0      	DECF       R0, 1
;__Lib_System.c,149 :: 		
0x01DE	0x1D03      	BTFSS      STATUS, 2
;__Lib_System.c,150 :: 		
0x01DF	0x29D5      	GOTO       _CC2D_Loop1
;__Lib_System.c,152 :: 		
L_end___CC2DW:
0x01E0	0x0008      	RETURN
; end of ___CC2DW
_UART1_Init:
;__Lib_UART_c67.c,2 :: 		
;__Lib_UART_c67.c,5 :: 		
0x01E1	0x1683      	BSF        STATUS, 5
0x01E2	0x1303      	BCF        STATUS, 6
0x01E3	0x1698      	BSF        TXSTA, 5
;__Lib_UART_c67.c,6 :: 		
0x01E4	0x3090      	MOVLW      144
0x01E5	0x1283      	BCF        STATUS, 5
0x01E6	0x0098      	MOVWF      RCSTA
;__Lib_UART_c67.c,7 :: 		
0x01E7	0x1683      	BSF        STATUS, 5
0x01E8	0x1787      	BSF        TRISC7_bit, BitPos(TRISC7_bit+0)
;__Lib_UART_c67.c,8 :: 		
0x01E9	0x1307      	BCF        TRISC6_bit, BitPos(TRISC6_bit+0)
;__Lib_UART_c67.c,10 :: 		
L_UART1_Init0:
0x01EA	0x1283      	BCF        STATUS, 5
0x01EB	0x1E8C      	BTFSS      PIR1, 5
0x01EC	0x29F0      	GOTO       L_UART1_Init1
;__Lib_UART_c67.c,11 :: 		
0x01ED	0x081A      	MOVF       RCREG, 0
0x01EE	0x00F0      	MOVWF      R0
0x01EF	0x29EA      	GOTO       L_UART1_Init0
L_UART1_Init1:
;__Lib_UART_c67.c,12 :: 		
L_end_UART1_Init:
0x01F0	0x0008      	RETURN
; end of _UART1_Init
_WordToStr:
;__Lib_Conversions.c,84 :: 		
;__Lib_Conversions.c,89 :: 		
0x01F1	0x1283      	BCF        STATUS, 5
0x01F2	0x1303      	BCF        STATUS, 6
0x01F3	0x01EB      	CLRF       WordToStr_len_L0
L_WordToStr6:
0x01F4	0x3005      	MOVLW      5
0x01F5	0x026B      	SUBWF      WordToStr_len_L0, 0
0x01F6	0x1803      	BTFSC      STATUS, 0
0x01F7	0x29FF      	GOTO       L_WordToStr7
;__Lib_Conversions.c,90 :: 		
0x01F8	0x086B      	MOVF       WordToStr_len_L0, 0
0x01F9	0x076A      	ADDWF      FARG_WordToStr_output, 0
0x01FA	0x0084      	MOVWF      FSR
0x01FB	0x3020      	MOVLW      32
0x01FC	0x0080      	MOVWF      INDF
;__Lib_Conversions.c,89 :: 		
0x01FD	0x0AEB      	INCF       WordToStr_len_L0, 1
;__Lib_Conversions.c,90 :: 		
0x01FE	0x29F4      	GOTO       L_WordToStr6
L_WordToStr7:
;__Lib_Conversions.c,91 :: 		
0x01FF	0x086B      	MOVF       WordToStr_len_L0, 0
0x0200	0x076A      	ADDWF      FARG_WordToStr_output, 0
0x0201	0x0084      	MOVWF      FSR
0x0202	0x0180      	CLRF       INDF
0x0203	0x03EB      	DECF       WordToStr_len_L0, 1
;__Lib_Conversions.c,93 :: 		
L_WordToStr9:
;__Lib_Conversions.c,94 :: 		
0x0204	0x086B      	MOVF       WordToStr_len_L0, 0
0x0205	0x076A      	ADDWF      FARG_WordToStr_output, 0
0x0206	0x00EC      	MOVWF      FLOC__WordToStr
0x0207	0x300A      	MOVLW      10
0x0208	0x00F4      	MOVWF      R4
0x0209	0x01F5      	CLRF       R4+1
0x020A	0x0868      	MOVF       FARG_WordToStr_input, 0
0x020B	0x00F0      	MOVWF      R0
0x020C	0x0869      	MOVF       FARG_WordToStr_input+1, 0
0x020D	0x00F1      	MOVWF      R0+1
0x020E	0x20AD      	CALL       _Div_16X16_U
0x020F	0x0878      	MOVF       R8, 0
0x0210	0x00F0      	MOVWF      R0
0x0211	0x0879      	MOVF       R8+1, 0
0x0212	0x00F1      	MOVWF      R0+1
0x0213	0x3030      	MOVLW      48
0x0214	0x07F0      	ADDWF      R0, 1
0x0215	0x086C      	MOVF       FLOC__WordToStr, 0
0x0216	0x0084      	MOVWF      FSR
0x0217	0x0870      	MOVF       R0, 0
0x0218	0x0080      	MOVWF      INDF
;__Lib_Conversions.c,95 :: 		
0x0219	0x300A      	MOVLW      10
0x021A	0x00F4      	MOVWF      R4
0x021B	0x01F5      	CLRF       R4+1
0x021C	0x0868      	MOVF       FARG_WordToStr_input, 0
0x021D	0x00F0      	MOVWF      R0
0x021E	0x0869      	MOVF       FARG_WordToStr_input+1, 0
0x021F	0x00F1      	MOVWF      R0+1
0x0220	0x20AD      	CALL       _Div_16X16_U
0x0221	0x0870      	MOVF       R0, 0
0x0222	0x00E8      	MOVWF      FARG_WordToStr_input
0x0223	0x0871      	MOVF       R0+1, 0
0x0224	0x00E9      	MOVWF      FARG_WordToStr_input+1
;__Lib_Conversions.c,96 :: 		
0x0225	0x3000      	MOVLW      0
0x0226	0x0671      	XORWF      R0+1, 0
0x0227	0x1D03      	BTFSS      STATUS, 2
0x0228	0x2A2B      	GOTO       L__WordToStr109
0x0229	0x3000      	MOVLW      0
0x022A	0x0670      	XORWF      R0, 0
L__WordToStr109:
0x022B	0x1D03      	BTFSS      STATUS, 2
0x022C	0x2A2E      	GOTO       L_WordToStr11
;__Lib_Conversions.c,97 :: 		
0x022D	0x2A30      	GOTO       L_WordToStr10
L_WordToStr11:
;__Lib_Conversions.c,98 :: 		
0x022E	0x03EB      	DECF       WordToStr_len_L0, 1
;__Lib_Conversions.c,99 :: 		
0x022F	0x2A04      	GOTO       L_WordToStr9
L_WordToStr10:
;__Lib_Conversions.c,100 :: 		
L_end_WordToStr:
0x0230	0x0008      	RETURN
; end of _WordToStr
_InitiGSM:
;MyProject.c,19 :: 		void InitiGSM()
;MyProject.c,21 :: 		UART1_Write_Text("AT+CNMI=3,2,2,1,1");
0x0231	0x302A      	MOVLW      ?lstr1_MyProject
0x0232	0x1283      	BCF        STATUS, 5
0x0233	0x1303      	BCF        STATUS, 6
0x0234	0x00ED      	MOVWF      FARG_UART1_Write_Text_uart_text
0x0235	0x20D2      	CALL       _UART1_Write_Text
;MyProject.c,22 :: 		UART1_Write(13);
0x0236	0x300D      	MOVLW      13
0x0237	0x1683      	BSF        STATUS, 5
0x0238	0x00AF      	MOVWF      FARG_UART1_Write_data_
0x0239	0x2071      	CALL       _UART1_Write
;MyProject.c,23 :: 		UART1_Write(10);
0x023A	0x300A      	MOVLW      10
0x023B	0x1683      	BSF        STATUS, 5
0x023C	0x00AF      	MOVWF      FARG_UART1_Write_data_
0x023D	0x2071      	CALL       _UART1_Write
;MyProject.c,24 :: 		UART1_Write_Text("AT+CMGF=1");
0x023E	0x3020      	MOVLW      ?lstr2_MyProject
0x023F	0x00ED      	MOVWF      FARG_UART1_Write_Text_uart_text
0x0240	0x20D2      	CALL       _UART1_Write_Text
;MyProject.c,25 :: 		UART1_Write(13);
0x0241	0x300D      	MOVLW      13
0x0242	0x1683      	BSF        STATUS, 5
0x0243	0x00AF      	MOVWF      FARG_UART1_Write_data_
0x0244	0x2071      	CALL       _UART1_Write
;MyProject.c,26 :: 		UART1_Write(10);
0x0245	0x300A      	MOVLW      10
0x0246	0x1683      	BSF        STATUS, 5
0x0247	0x00AF      	MOVWF      FARG_UART1_Write_data_
0x0248	0x2071      	CALL       _UART1_Write
;MyProject.c,27 :: 		}
L_end_InitiGSM:
0x0249	0x0008      	RETURN
; end of _InitiGSM
_main:
0x024A	0x2318      	CALL       792
;MyProject.c,45 :: 		void main()
;MyProject.c,47 :: 		Lcd_Init();                          // Initialize LCD
0x024B	0x2187      	CALL       _Lcd_Init
;MyProject.c,48 :: 		Lcd_Cmd(_LCD_CLEAR);                 // Clear display
0x024C	0x3001      	MOVLW      1
0x024D	0x1683      	BSF        STATUS, 5
0x024E	0x00AF      	MOVWF      FARG_Lcd_Cmd_out_char
0x024F	0x201A      	CALL       _Lcd_Cmd
;MyProject.c,49 :: 		Lcd_Cmd(_LCD_CURSOR_OFF);            // Cursor off
0x0250	0x300C      	MOVLW      12
0x0251	0x1683      	BSF        STATUS, 5
0x0252	0x00AF      	MOVWF      FARG_Lcd_Cmd_out_char
0x0253	0x201A      	CALL       _Lcd_Cmd
;MyProject.c,51 :: 		ADCON1=0b0000000;
0x0254	0x1683      	BSF        STATUS, 5
0x0255	0x019F      	CLRF       ADCON1
;MyProject.c,52 :: 		TRISd=0x00;
0x0256	0x0188      	CLRF       TRISD
;MyProject.c,53 :: 		portd=0x00;
0x0257	0x1283      	BCF        STATUS, 5
0x0258	0x0188      	CLRF       PORTD
;MyProject.c,54 :: 		UART1_Init(9600);
0x0259	0x3033      	MOVLW      51
0x025A	0x1683      	BSF        STATUS, 5
0x025B	0x0099      	MOVWF      SPBRG
0x025C	0x1518      	BSF        TXSTA, 2
0x025D	0x21E1      	CALL       _UART1_Init
;MyProject.c,55 :: 		Delay_ms(100);
0x025E	0x3002      	MOVLW      2
0x025F	0x00FB      	MOVWF      R11
0x0260	0x3004      	MOVLW      4
0x0261	0x00FC      	MOVWF      R12
0x0262	0x30BA      	MOVLW      186
0x0263	0x00FD      	MOVWF      R13
L_main1:
0x0264	0x0BFD      	DECFSZ     R13, 1
0x0265	0x2A64      	GOTO       L_main1
0x0266	0x0BFC      	DECFSZ     R12, 1
0x0267	0x2A64      	GOTO       L_main1
0x0268	0x0BFB      	DECFSZ     R11, 1
0x0269	0x2A64      	GOTO       L_main1
0x026A	0x0000      	NOP
;MyProject.c,56 :: 		InitiGSM();
0x026B	0x2231      	CALL       _InitiGSM
;MyProject.c,57 :: 		while (1)
L_main2:
;MyProject.c,59 :: 		value = ADC_Read(0);
0x026C	0x01E8      	CLRF       FARG_ADC_Read_channel
0x026D	0x2151      	CALL       _ADC_Read
0x026E	0x0870      	MOVF       R0, 0
0x026F	0x1283      	BCF        STATUS, 5
0x0270	0x00E5      	MOVWF      _value
0x0271	0x0871      	MOVF       R0+1, 0
0x0272	0x00E6      	MOVWF      _value+1
;MyProject.c,60 :: 		if (UART1_Data_Ready()==1)
0x0273	0x2180      	CALL       _UART1_Data_Ready
0x0274	0x0870      	MOVF       R0, 0
0x0275	0x3A01      	XORLW      1
0x0276	0x1D03      	BTFSS      STATUS, 2
0x0277	0x2AAD      	GOTO       L_main4
;MyProject.c,62 :: 		uart_rd =  UART1_Read();
0x0278	0x2175      	CALL       _UART1_Read
0x0279	0x0870      	MOVF       R0, 0
0x027A	0x00E3      	MOVWF      _uart_rd
0x027B	0x01E4      	CLRF       _uart_rd+1
;MyProject.c,63 :: 		if (uart_rd=='T')
0x027C	0x3000      	MOVLW      0
0x027D	0x0664      	XORWF      _uart_rd+1, 0
0x027E	0x1D03      	BTFSS      STATUS, 2
0x027F	0x2A82      	GOTO       L__main13
0x0280	0x3054      	MOVLW      84
0x0281	0x0663      	XORWF      _uart_rd, 0
L__main13:
0x0282	0x1D03      	BTFSS      STATUS, 2
0x0283	0x2AAC      	GOTO       L_main5
;MyProject.c,65 :: 		WordToStr(value,txt);
0x0284	0x0865      	MOVF       _value, 0
0x0285	0x00E8      	MOVWF      FARG_WordToStr_input
0x0286	0x0866      	MOVF       _value+1, 0
0x0287	0x00E9      	MOVWF      FARG_WordToStr_input+1
0x0288	0x30A0      	MOVLW      _txt
0x0289	0x00EA      	MOVWF      FARG_WordToStr_output
0x028A	0x21F1      	CALL       _WordToStr
;MyProject.c,66 :: 		strcat(txt, "sari");
0x028B	0x30A0      	MOVLW      _txt
0x028C	0x00ED      	MOVWF      FARG_strcat_to
0x028D	0x303C      	MOVLW      ?lstr6_MyProject
0x028E	0x00EE      	MOVWF      FARG_strcat_from
0x028F	0x207B      	CALL       _strcat
;MyProject.c,67 :: 		SendMSG(txt);
0x0290	0x30A0      	MOVLW      _txt
0x0291	0x00E8      	MOVWF      FARG_SendMSG_Val
0x0292	0x212A      	CALL       _SendMSG
;MyProject.c,68 :: 		Lcd_Out(1,1,txt);
0x0293	0x3001      	MOVLW      1
0x0294	0x00E8      	MOVWF      FARG_Lcd_Out_row
0x0295	0x3001      	MOVLW      1
0x0296	0x00E9      	MOVWF      FARG_Lcd_Out_column
0x0297	0x30A0      	MOVLW      _txt
0x0298	0x00EA      	MOVWF      FARG_Lcd_Out_text
0x0299	0x20E9      	CALL       _Lcd_Out
;MyProject.c,69 :: 		delay_ms(1000);
0x029A	0x300B      	MOVLW      11
0x029B	0x00FB      	MOVWF      R11
0x029C	0x3026      	MOVLW      38
0x029D	0x00FC      	MOVWF      R12
0x029E	0x305D      	MOVLW      93
0x029F	0x00FD      	MOVWF      R13
L_main6:
0x02A0	0x0BFD      	DECFSZ     R13, 1
0x02A1	0x2AA0      	GOTO       L_main6
0x02A2	0x0BFC      	DECFSZ     R12, 1
0x02A3	0x2AA0      	GOTO       L_main6
0x02A4	0x0BFB      	DECFSZ     R11, 1
0x02A5	0x2AA0      	GOTO       L_main6
0x02A6	0x0000      	NOP
0x02A7	0x0000      	NOP
;MyProject.c,70 :: 		portd.f0=1;
0x02A8	0x1408      	BSF        PORTD, 0
;MyProject.c,71 :: 		uart_rd=0;
0x02A9	0x01E3      	CLRF       _uart_rd
0x02AA	0x01E4      	CLRF       _uart_rd+1
;MyProject.c,72 :: 		}
0x02AB	0x2AAD      	GOTO       L_main7
L_main5:
;MyProject.c,76 :: 		portd.f0=0;
0x02AC	0x1008      	BCF        PORTD, 0
;MyProject.c,77 :: 		}
L_main7:
;MyProject.c,78 :: 		}
L_main4:
;MyProject.c,79 :: 		uart_rd=0;
0x02AD	0x01E3      	CLRF       _uart_rd
0x02AE	0x01E4      	CLRF       _uart_rd+1
;MyProject.c,80 :: 		WordToStr(value,txt);
0x02AF	0x0865      	MOVF       _value, 0
0x02B0	0x00E8      	MOVWF      FARG_WordToStr_input
0x02B1	0x0866      	MOVF       _value+1, 0
0x02B2	0x00E9      	MOVWF      FARG_WordToStr_input+1
0x02B3	0x30A0      	MOVLW      _txt
0x02B4	0x00EA      	MOVWF      FARG_WordToStr_output
0x02B5	0x21F1      	CALL       _WordToStr
;MyProject.c,81 :: 		Lcd_Out(1,1,txt);
0x02B6	0x3001      	MOVLW      1
0x02B7	0x00E8      	MOVWF      FARG_Lcd_Out_row
0x02B8	0x3001      	MOVLW      1
0x02B9	0x00E9      	MOVWF      FARG_Lcd_Out_column
0x02BA	0x30A0      	MOVLW      _txt
0x02BB	0x00EA      	MOVWF      FARG_Lcd_Out_text
0x02BC	0x20E9      	CALL       _Lcd_Out
;MyProject.c,82 :: 		delay_ms(1000);
0x02BD	0x300B      	MOVLW      11
0x02BE	0x00FB      	MOVWF      R11
0x02BF	0x3026      	MOVLW      38
0x02C0	0x00FC      	MOVWF      R12
0x02C1	0x305D      	MOVLW      93
0x02C2	0x00FD      	MOVWF      R13
L_main8:
0x02C3	0x0BFD      	DECFSZ     R13, 1
0x02C4	0x2AC3      	GOTO       L_main8
0x02C5	0x0BFC      	DECFSZ     R12, 1
0x02C6	0x2AC3      	GOTO       L_main8
0x02C7	0x0BFB      	DECFSZ     R11, 1
0x02C8	0x2AC3      	GOTO       L_main8
0x02C9	0x0000      	NOP
0x02CA	0x0000      	NOP
;MyProject.c,83 :: 		Lcd_Cmd(_LCD_CLEAR);
0x02CB	0x3001      	MOVLW      1
0x02CC	0x1683      	BSF        STATUS, 5
0x02CD	0x00AF      	MOVWF      FARG_Lcd_Cmd_out_char
0x02CE	0x201A      	CALL       _Lcd_Cmd
;MyProject.c,84 :: 		}
0x02CF	0x2A6C      	GOTO       L_main2
;MyProject.c,85 :: 		}
L_end_main:
0x02D0	0x2AD0      	GOTO       $+0
; end of _main
0x0318	0x3020      	MOVLW      32
0x0319	0x0084      	MOVWF      FSR
0x031A	0x3041      	MOVLW      65
0x031B	0x1283      	BCF        STATUS, 5
0x031C	0x1303      	BCF        STATUS, 6
0x031D	0x00F0      	MOVWF      R0
0x031E	0x30D6      	MOVLW      214
0x031F	0x00E1      	MOVWF      ___DoICPAddr
0x0320	0x3002      	MOVLW      2
0x0321	0x00E2      	MOVWF      98
0x0322	0x21D5      	CALL       469
0x0323	0x0008      	RETURN
;MyProject.c,0 :: ?ICS?lstr2_MyProject
0x02D6	0x3441 ;?ICS?lstr2_MyProject+0
0x02D7	0x3454 ;?ICS?lstr2_MyProject+1
0x02D8	0x342B ;?ICS?lstr2_MyProject+2
0x02D9	0x3443 ;?ICS?lstr2_MyProject+3
0x02DA	0x344D ;?ICS?lstr2_MyProject+4
0x02DB	0x3447 ;?ICS?lstr2_MyProject+5
0x02DC	0x3446 ;?ICS?lstr2_MyProject+6
0x02DD	0x343D ;?ICS?lstr2_MyProject+7
0x02DE	0x3431 ;?ICS?lstr2_MyProject+8
0x02DF	0x3400 ;?ICS?lstr2_MyProject+9
; end of ?ICS?lstr2_MyProject
;MyProject.c,0 :: ?ICS?lstr1_MyProject
0x02E0	0x3441 ;?ICS?lstr1_MyProject+0
0x02E1	0x3454 ;?ICS?lstr1_MyProject+1
0x02E2	0x342B ;?ICS?lstr1_MyProject+2
0x02E3	0x3443 ;?ICS?lstr1_MyProject+3
0x02E4	0x344E ;?ICS?lstr1_MyProject+4
0x02E5	0x344D ;?ICS?lstr1_MyProject+5
0x02E6	0x3449 ;?ICS?lstr1_MyProject+6
0x02E7	0x343D ;?ICS?lstr1_MyProject+7
0x02E8	0x3433 ;?ICS?lstr1_MyProject+8
0x02E9	0x342C ;?ICS?lstr1_MyProject+9
0x02EA	0x3432 ;?ICS?lstr1_MyProject+10
0x02EB	0x342C ;?ICS?lstr1_MyProject+11
0x02EC	0x3432 ;?ICS?lstr1_MyProject+12
0x02ED	0x342C ;?ICS?lstr1_MyProject+13
0x02EE	0x3431 ;?ICS?lstr1_MyProject+14
0x02EF	0x342C ;?ICS?lstr1_MyProject+15
0x02F0	0x3431 ;?ICS?lstr1_MyProject+16
0x02F1	0x3400 ;?ICS?lstr1_MyProject+17
; end of ?ICS?lstr1_MyProject
;MyProject.c,0 :: ?ICS?lstr6_MyProject
0x02F2	0x3473 ;?ICS?lstr6_MyProject+0
0x02F3	0x3461 ;?ICS?lstr6_MyProject+1
0x02F4	0x3472 ;?ICS?lstr6_MyProject+2
0x02F5	0x3469 ;?ICS?lstr6_MyProject+3
0x02F6	0x3400 ;?ICS?lstr6_MyProject+4
; end of ?ICS?lstr6_MyProject
;MyProject.c,0 :: ?ICS?lstr4_MyProject
0x02F7	0x3441 ;?ICS?lstr4_MyProject+0
0x02F8	0x3454 ;?ICS?lstr4_MyProject+1
0x02F9	0x342B ;?ICS?lstr4_MyProject+2
0x02FA	0x3443 ;?ICS?lstr4_MyProject+3
0x02FB	0x344D ;?ICS?lstr4_MyProject+4
0x02FC	0x3447 ;?ICS?lstr4_MyProject+5
0x02FD	0x3453 ;?ICS?lstr4_MyProject+6
0x02FE	0x343D ;?ICS?lstr4_MyProject+7
0x02FF	0x3422 ;?ICS?lstr4_MyProject+8
0x0300	0x3430 ;?ICS?lstr4_MyProject+9
0x0301	0x3437 ;?ICS?lstr4_MyProject+10
0x0302	0x3437 ;?ICS?lstr4_MyProject+11
0x0303	0x3432 ;?ICS?lstr4_MyProject+12
0x0304	0x3432 ;?ICS?lstr4_MyProject+13
0x0305	0x3434 ;?ICS?lstr4_MyProject+14
0x0306	0x3433 ;?ICS?lstr4_MyProject+15
0x0307	0x3433 ;?ICS?lstr4_MyProject+16
0x0308	0x3432 ;?ICS?lstr4_MyProject+17
0x0309	0x3430 ;?ICS?lstr4_MyProject+18
0x030A	0x3422 ;?ICS?lstr4_MyProject+19
0x030B	0x3400 ;?ICS?lstr4_MyProject+20
; end of ?ICS?lstr4_MyProject
;MyProject.c,0 :: ?ICS?lstr5_MyProject
0x030C	0x3473 ;?ICS?lstr5_MyProject+0
0x030D	0x3461 ;?ICS?lstr5_MyProject+1
0x030E	0x3472 ;?ICS?lstr5_MyProject+2
0x030F	0x3469 ;?ICS?lstr5_MyProject+3
0x0310	0x3420 ;?ICS?lstr5_MyProject+4
0x0311	0x3441 ;?ICS?lstr5_MyProject+5
0x0312	0x346C ;?ICS?lstr5_MyProject+6
0x0313	0x3461 ;?ICS?lstr5_MyProject+7
0x0314	0x3472 ;?ICS?lstr5_MyProject+8
0x0315	0x346D ;?ICS?lstr5_MyProject+9
0x0316	0x3400 ;?ICS?lstr5_MyProject+10
; end of ?ICS?lstr5_MyProject
Symbol List:
//** Routines locations **
//ADDRESS    SIZE    PROCEDURE
//----------------------------------------------
0x0003       [7]    _Delay_50us
0x000A      [13]    _Delay_5500us
0x0017       [3]    _Delay_1us
0x001A      [87]    _Lcd_Cmd
0x0071      [10]    _UART1_Write
0x007B      [34]    _strcat
0x009D       [9]    _Lcd_Chr_CP
0x00A6       [7]    _____DoICP
0x00AD      [29]    _Div_16X16_U
0x00CA       [8]    _Delay_22us
0x00D2      [23]    _UART1_Write_Text
0x00E9      [65]    _Lcd_Out
0x012A      [39]    _SendMSG
0x0151      [36]    _ADC_Read
0x0175      [11]    _UART1_Read
0x0180       [7]    _UART1_Data_Ready
0x0187      [78]    _Lcd_Init
0x01D5      [12]    ___CC2DW
0x01E1      [16]    _UART1_Init
0x01F1      [64]    _WordToStr
0x0231      [25]    _InitiGSM
0x024A     [134]    _main
//** Variables locations ** 
//ADDRESS    SIZE    VARIABLE
//----------------------------------------------
0x0000       [1]    INDF
0x0002       [1]    PCL
0x0003       [1]    STATUS
0x0004       [1]    FSR
0x0006       [0]    RB2_bit
0x0006       [0]    RB3_bit
0x0006       [0]    RB4_bit
0x0006       [0]    RB7_bit
0x0006       [0]    RB5_bit
0x0006       [0]    RB6_bit
0x0006       [0]    LCD_D5
0x0006       [0]    LCD_D6
0x0006       [0]    LCD_D7
0x0006       [0]    LCD_EN
0x0006       [0]    LCD_D4
0x0006       [0]    LCD_RS
0x0008       [1]    PORTD
0x000A       [1]    PCLATH
0x000C       [1]    PIR1
0x0018       [1]    RCSTA
0x0019       [1]    TXREG
0x001A       [1]    RCREG
0x001E       [1]    ADRESH
0x001F       [1]    ADCON0
0x0020      [10]    ?lstr2_MyProject
0x002A      [18]    ?lstr1_MyProject
0x003C       [5]    ?lstr6_MyProject
0x0041      [21]    ?lstr4_MyProject
0x0056      [11]    ?lstr5_MyProject
0x0061       [2]    ___DoICPAddr
0x0063       [2]    _uart_rd
0x0065       [2]    _value
0x0067       [0]    __Lib_Lcd_cmd_status
0x0068       [2]    FARG_WordToStr_input
0x0068       [1]    FARG_SendMSG_Val
0x0068       [1]    FARG_Lcd_Out_row
0x0068       [1]    FARG_ADC_Read_channel
0x0069       [1]    FARG_Lcd_Out_column
0x006A       [1]    FARG_Lcd_Out_text
0x006A       [1]    FARG_WordToStr_output
0x006B       [1]    Lcd_Out_i_L0
0x006B       [1]    WordToStr_len_L0
0x006C       [1]    FLOC__WordToStr
0x006D       [1]    FARG_strcat_to
0x006D       [1]    FARG_UART1_Write_Text_uart_text
0x006D       [1]    FARG_Lcd_Chr_CP_out_char
0x006E       [1]    FARG_strcat_from
0x006E       [1]    UART1_Write_Text_data__L0
0x006F       [1]    UART1_Write_Text_counter_L0
0x0070       [1]    R0
0x0071       [1]    R1
0x0072       [1]    R2
0x0073       [1]    R3
0x0074       [1]    R4
0x0075       [1]    R5
0x0076       [1]    R6
0x0077       [1]    R7
0x0078       [1]    R8
0x0079       [1]    R9
0x007A       [1]    R10
0x007B       [1]    R11
0x007C       [1]    R12
0x007D       [1]    R13
0x007E       [1]    R14
0x007F       [1]    R15
0x0086       [0]    TRISB5_bit
0x0086       [0]    TRISB4_bit
0x0086       [0]    TRISB7_bit
0x0086       [0]    TRISB6_bit
0x0086       [0]    TRISB3_bit
0x0086       [0]    TRISB2_bit
0x0086       [0]    LCD_EN_Direction
0x0086       [0]    LCD_RS_Direction
0x0086       [0]    LCD_D4_Direction
0x0086       [0]    LCD_D7_Direction
0x0086       [0]    LCD_D6_Direction
0x0086       [0]    LCD_D5_Direction
0x0087       [0]    TRISC6_bit
0x0087       [0]    TRISC7_bit
0x0088       [1]    TRISD
0x0098       [1]    TXSTA
0x0099       [1]    SPBRG
0x009E       [1]    ADRESL
0x009F       [1]    ADCON1
0x00A0      [15]    _txt
0x00AF       [1]    FARG_UART1_Write_data_
0x00AF       [1]    FARG_Lcd_Cmd_out_char
//** Constants locations ** 
//ADDRESS    SIZE    CONSTANT
//----------------------------------------------
0x02D6      [10]    ?ICS?lstr2_MyProject
0x02E0      [18]    ?ICS?lstr1_MyProject
0x02F2       [5]    ?ICS?lstr6_MyProject
0x02F7      [21]    ?ICS?lstr4_MyProject
0x030C      [11]    ?ICS?lstr5_MyProject
